        -:    0:Source:src/ls.c
        -:    0:Graph:src/ls.gcno
        -:    0:Data:src/ls.gcda
        -:    0:Runs:248
        -:    0:Programs:1
        -:    0:Source is newer than graph
        -:    1:/* 'dir', 'vdir' and 'ls' directory listing programs for GNU.
        -:    2:   Copyright (C) 1985-2016 Free Software Foundation, Inc.
        -:    3:
        -:    4:   This program is free software: you can redistribute it and/or modify
        -:    5:   it under the terms of the GNU General Public License as published by
        -:    6:   the Free Software Foundation, either version 3 of the License, or
        -:    7:   (at your option) any later version.
        -:    8:
        -:    9:   This program is distributed in the hope that it will be useful,
        -:   10:   but WITHOUT ANY WARRANTY; without even the implied warranty of
        -:   11:   MERCHANTABILITY or FITNESS FOR A PARTICULAR PURPOSE.  See the
        -:   12:   GNU General Public License for more details.
        -:   13:
        -:   14:   You should have received a copy of the GNU General Public License
        -:   15:   along with this program.  If not, see <http://www.gnu.org/licenses/>.  */
        -:   16:
        -:   17:/* If ls_mode is LS_MULTI_COL,
        -:   18:   the multi-column format is the default regardless
        -:   19:   of the type of output device.
        -:   20:   This is for the 'dir' program.
        -:   21:
        -:   22:   If ls_mode is LS_LONG_FORMAT,
        -:   23:   the long format is the default regardless of the
        -:   24:   type of output device.
        -:   25:   This is for the 'vdir' program.
        -:   26:
        -:   27:   If ls_mode is LS_LS,
        -:   28:   the output format depends on whether the output
        -:   29:   device is a terminal.
        -:   30:   This is for the 'ls' program.  */
        -:   31:
        -:   32:/* Written by Richard Stallman and David MacKenzie.  */
        -:   33:
        -:   34:/* Color support by Peter Anvin <Peter.Anvin@linux.org> and Dennis
        -:   35:   Flaherty <dennisf@denix.elk.miles.com> based on original patches by
        -:   36:   Greg Lee <lee@uhunix.uhcc.hawaii.edu>.  */
        -:   37:
        -:   38:#include <config.h>
        -:   39:#include <sys/types.h>
        -:   40:
        -:   41:#include <termios.h>
        -:   42:#if HAVE_STROPTS_H
        -:   43:# include <stropts.h>
        -:   44:#endif
        -:   45:#include <sys/ioctl.h>
        -:   46:
        -:   47:#ifdef WINSIZE_IN_PTEM
        -:   48:# include <sys/stream.h>
        -:   49:# include <sys/ptem.h>
        -:   50:#endif
        -:   51:
        -:   52:#include <stdio.h>
        -:   53:#include <assert.h>
        -:   54:#include <setjmp.h>
        -:   55:#include <pwd.h>
        -:   56:#include <getopt.h>
        -:   57:#include <signal.h>
        -:   58:#include <selinux/selinux.h>
        -:   59:#include <wchar.h>
        -:   60:
        -:   61:#if HAVE_LANGINFO_CODESET
        -:   62:# include <langinfo.h>
        -:   63:#endif
        -:   64:
        -:   65:/* Use SA_NOCLDSTOP as a proxy for whether the sigaction machinery is
        -:   66:   present.  */
        -:   67:#ifndef SA_NOCLDSTOP
        -:   68:# define SA_NOCLDSTOP 0
        -:   69:# define sigprocmask(How, Set, Oset) /* empty */
        -:   70:# define sigset_t int
        -:   71:# if ! HAVE_SIGINTERRUPT
        -:   72:#  define siginterrupt(sig, flag) /* empty */
        -:   73:# endif
        -:   74:#endif
        -:   75:
        -:   76:/* NonStop circa 2011 lacks both SA_RESTART and siginterrupt, so don't
        -:   77:   restart syscalls after a signal handler fires.  This may cause
        -:   78:   colors to get messed up on the screen if 'ls' is interrupted, but
        -:   79:   that's the best we can do on such a platform.  */
        -:   80:#ifndef SA_RESTART
        -:   81:# define SA_RESTART 0
        -:   82:#endif
        -:   83:
        -:   84:#include "system.h"
        -:   85:#include <fnmatch.h>
        -:   86:
        -:   87:#include "acl.h"
        -:   88:#include "argmatch.h"
        -:   89:#include "dev-ino.h"
        -:   90:#include "error.h"
        -:   91:#include "filenamecat.h"
        -:   92:#include "hard-locale.h"
        -:   93:#include "hash.h"
        -:   94:#include "human.h"
        -:   95:#include "filemode.h"
        -:   96:#include "filevercmp.h"
        -:   97:#include "idcache.h"
        -:   98:#include "ls.h"
        -:   99:#include "mbswidth.h"
        -:  100:#include "mpsort.h"
        -:  101:#include "obstack.h"
        -:  102:#include "quote.h"
        -:  103:#include "smack.h"
        -:  104:#include "stat-size.h"
        -:  105:#include "stat-time.h"
        -:  106:#include "strftime.h"
        -:  107:#include "xdectoint.h"
        -:  108:#include "xstrtol.h"
        -:  109:#include "areadlink.h"
        -:  110:#include "mbsalign.h"
        -:  111:#include "dircolors.h"
        -:  112:#include "../../afl-2.52b/experimental/argv_fuzzing/argv-fuzz-inl.h"
        -:  113:
        -:  114:/* Include <sys/capability.h> last to avoid a clash of <sys/types.h>
        -:  115:   include guards with some premature versions of libcap.
        -:  116:   For more details, see <http://bugzilla.redhat.com/483548>.  */
        -:  117:#ifdef HAVE_CAP
        -:  118:# include <sys/capability.h>
        -:  119:#endif
        -:  120:
        -:  121:#define PROGRAM_NAME (ls_mode == LS_LS ? "ls" \
        -:  122:                      : (ls_mode == LS_MULTI_COL \
        -:  123:                         ? "dir" : "vdir"))
        -:  124:
        -:  125:#define AUTHORS \
        -:  126:  proper_name ("Richard M. Stallman"), \
        -:  127:  proper_name ("David MacKenzie")
        -:  128:
        -:  129:#define obstack_chunk_alloc malloc
        -:  130:#define obstack_chunk_free free
        -:  131:
        -:  132:/* Return an int indicating the result of comparing two integers.
        -:  133:   Subtracting doesn't always work, due to overflow.  */
        -:  134:#define longdiff(a, b) ((a) < (b) ? -1 : (a) > (b))
        -:  135:
        -:  136:/* Unix-based readdir implementations have historically returned a dirent.d_ino
        -:  137:   value that is sometimes not equal to the stat-obtained st_ino value for
        -:  138:   that same entry.  This error occurs for a readdir entry that refers
        -:  139:   to a mount point.  readdir's error is to return the inode number of
        -:  140:   the underlying directory -- one that typically cannot be stat'ed, as
        -:  141:   long as a file system is mounted on that directory.  RELIABLE_D_INO
        -:  142:   encapsulates whether we can use the more efficient approach of relying
        -:  143:   on readdir-supplied d_ino values, or whether we must incur the cost of
        -:  144:   calling stat or lstat to obtain each guaranteed-valid inode number.  */
        -:  145:
        -:  146:#ifndef READDIR_LIES_ABOUT_MOUNTPOINT_D_INO
        -:  147:# define READDIR_LIES_ABOUT_MOUNTPOINT_D_INO 1
        -:  148:#endif
        -:  149:
        -:  150:#if READDIR_LIES_ABOUT_MOUNTPOINT_D_INO
        -:  151:# define RELIABLE_D_INO(dp) NOT_AN_INODE_NUMBER
        -:  152:#else
        -:  153:# define RELIABLE_D_INO(dp) D_INO (dp)
        -:  154:#endif
        -:  155:
        -:  156:#if ! HAVE_STRUCT_STAT_ST_AUTHOR
        -:  157:# define st_author st_uid
        -:  158:#endif
        -:  159:
        -:  160:enum filetype
        -:  161:  {
        -:  162:    unknown,
        -:  163:    fifo,
        -:  164:    chardev,
        -:  165:    directory,
        -:  166:    blockdev,
        -:  167:    normal,
        -:  168:    symbolic_link,
        -:  169:    sock,
        -:  170:    whiteout,
        -:  171:    arg_directory
        -:  172:  };
        -:  173:
        -:  174:/* Display letters and indicators for each filetype.
        -:  175:   Keep these in sync with enum filetype.  */
        -:  176:static char const filetype_letter[] = "?pcdb-lswd";
        -:  177:
        -:  178:/* Ensure that filetype and filetype_letter have the same
        -:  179:   number of elements.  */
        -:  180:verify (sizeof filetype_letter - 1 == arg_directory + 1);
        -:  181:
        -:  182:#define FILETYPE_INDICATORS				\
        -:  183:  {							\
        -:  184:    C_ORPHAN, C_FIFO, C_CHR, C_DIR, C_BLK, C_FILE,	\
        -:  185:    C_LINK, C_SOCK, C_FILE, C_DIR			\
        -:  186:  }
        -:  187:
        -:  188:enum acl_type
        -:  189:  {
        -:  190:    ACL_T_NONE,
        -:  191:    ACL_T_LSM_CONTEXT_ONLY,
        -:  192:    ACL_T_YES
        -:  193:  };
        -:  194:
        -:  195:struct fileinfo
        -:  196:  {
        -:  197:    /* The file name.  */
        -:  198:    char *name;
        -:  199:
        -:  200:    /* For symbolic link, name of the file linked to, otherwise zero.  */
        -:  201:    char *linkname;
        -:  202:
        -:  203:    struct stat stat;
        -:  204:
        -:  205:    enum filetype filetype;
        -:  206:
        -:  207:    /* For symbolic link and long listing, st_mode of file linked to, otherwise
        -:  208:       zero.  */
        -:  209:    mode_t linkmode;
        -:  210:
        -:  211:    /* security context.  */
        -:  212:    char *scontext;
        -:  213:
        -:  214:    bool stat_ok;
        -:  215:
        -:  216:    /* For symbolic link and color printing, true if linked-to file
        -:  217:       exists, otherwise false.  */
        -:  218:    bool linkok;
        -:  219:
        -:  220:    /* For long listings, true if the file has an access control list,
        -:  221:       or a security context.  */
        -:  222:    enum acl_type acl_type;
        -:  223:
        -:  224:    /* For color listings, true if a regular file has capability info.  */
        -:  225:    bool has_capability;
        -:  226:  };
        -:  227:
        -:  228:#define LEN_STR_PAIR(s) sizeof (s) - 1, s
        -:  229:
        -:  230:/* Null is a valid character in a color indicator (think about Epson
        -:  231:   printers, for example) so we have to use a length/buffer string
        -:  232:   type.  */
        -:  233:
        -:  234:struct bin_str
        -:  235:  {
        -:  236:    size_t len;			/* Number of bytes */
        -:  237:    const char *string;		/* Pointer to the same */
        -:  238:  };
        -:  239:
        -:  240:#if ! HAVE_TCGETPGRP
        -:  241:# define tcgetpgrp(Fd) 0
        -:  242:#endif
        -:  243:
        -:  244:static size_t quote_name (FILE *out, const char *name,
        -:  245:                          struct quoting_options const *options,
        -:  246:                          size_t *width);
        -:  247:static char *make_link_name (char const *name, char const *linkname);
        -:  248:static int decode_switches (int argc, char **argv);
        -:  249:static bool file_ignored (char const *name);
        -:  250:static uintmax_t gobble_file (char const *name, enum filetype type,
        -:  251:                              ino_t inode, bool command_line_arg,
        -:  252:                              char const *dirname);
        -:  253:static bool print_color_indicator (const struct fileinfo *f,
        -:  254:                                   bool symlink_target);
        -:  255:static void put_indicator (const struct bin_str *ind);
        -:  256:static void add_ignore_pattern (const char *pattern);
        -:  257:static void attach (char *dest, const char *dirname, const char *name);
        -:  258:static void clear_files (void);
        -:  259:static void extract_dirs_from_files (char const *dirname,
        -:  260:                                     bool command_line_arg);
        -:  261:static void get_link_name (char const *filename, struct fileinfo *f,
        -:  262:                           bool command_line_arg);
        -:  263:static void indent (size_t from, size_t to);
        -:  264:static size_t calculate_columns (bool by_columns);
        -:  265:static void print_current_files (void);
        -:  266:static void print_dir (char const *name, char const *realname,
        -:  267:                       bool command_line_arg);
        -:  268:static size_t print_file_name_and_frills (const struct fileinfo *f,
        -:  269:                                          size_t start_col);
        -:  270:static void print_horizontal (void);
        -:  271:static int format_user_width (uid_t u);
        -:  272:static int format_group_width (gid_t g);
        -:  273:static void print_long_format (const struct fileinfo *f);
        -:  274:static void print_many_per_line (void);
        -:  275:static size_t print_name_with_quoting (const struct fileinfo *f,
        -:  276:                                       bool symlink_target,
        -:  277:                                       struct obstack *stack,
        -:  278:                                       size_t start_col);
        -:  279:static void prep_non_filename_text (void);
        -:  280:static bool print_type_indicator (bool stat_ok, mode_t mode,
        -:  281:                                  enum filetype type);
        -:  282:static void print_with_separator (char sep);
        -:  283:static void queue_directory (char const *name, char const *realname,
        -:  284:                             bool command_line_arg);
        -:  285:static void sort_files (void);
        -:  286:static void parse_ls_color (void);
        -:  287:
        -:  288:static void getenv_quoting_style (void);
        -:  289:
        -:  290:/* Initial size of hash table.
        -:  291:   Most hierarchies are likely to be shallower than this.  */
        -:  292:#define INITIAL_TABLE_SIZE 30
        -:  293:
        -:  294:/* The set of 'active' directories, from the current command-line argument
        -:  295:   to the level in the hierarchy at which files are being listed.
        -:  296:   A directory is represented by its device and inode numbers (struct dev_ino).
        -:  297:   A directory is added to this set when ls begins listing it or its
        -:  298:   entries, and it is removed from the set just after ls has finished
        -:  299:   processing it.  This set is used solely to detect loops, e.g., with
        -:  300:   mkdir loop; cd loop; ln -s ../loop sub; ls -RL  */
        -:  301:static Hash_table *active_dir_set;
        -:  302:
        -:  303:#define LOOP_DETECT (!!active_dir_set)
        -:  304:
        -:  305:/* The table of files in the current directory:
        -:  306:
        -:  307:   'cwd_file' points to a vector of 'struct fileinfo', one per file.
        -:  308:   'cwd_n_alloc' is the number of elements space has been allocated for.
        -:  309:   'cwd_n_used' is the number actually in use.  */
        -:  310:
        -:  311:/* Address of block containing the files that are described.  */
        -:  312:static struct fileinfo *cwd_file;
        -:  313:
        -:  314:/* Length of block that 'cwd_file' points to, measured in files.  */
        -:  315:static size_t cwd_n_alloc;
        -:  316:
        -:  317:/* Index of first unused slot in 'cwd_file'.  */
        -:  318:static size_t cwd_n_used;
        -:  319:
        -:  320:/* Vector of pointers to files, in proper sorted order, and the number
        -:  321:   of entries allocated for it.  */
        -:  322:static void **sorted_file;
        -:  323:static size_t sorted_file_alloc;
        -:  324:
        -:  325:/* When true, in a color listing, color each symlink name according to the
        -:  326:   type of file it points to.  Otherwise, color them according to the 'ln'
        -:  327:   directive in LS_COLORS.  Dangling (orphan) symlinks are treated specially,
        -:  328:   regardless.  This is set when 'ln=target' appears in LS_COLORS.  */
        -:  329:
        -:  330:static bool color_symlink_as_referent;
        -:  331:
        -:  332:/* mode of appropriate file for colorization */
        -:  333:#define FILE_OR_LINK_MODE(File) \
        -:  334:    ((color_symlink_as_referent && (File)->linkok) \
        -:  335:     ? (File)->linkmode : (File)->stat.st_mode)
        -:  336:
        -:  337:
        -:  338:/* Record of one pending directory waiting to be listed.  */
        -:  339:
        -:  340:struct pending
        -:  341:  {
        -:  342:    char *name;
        -:  343:    /* If the directory is actually the file pointed to by a symbolic link we
        -:  344:       were told to list, 'realname' will contain the name of the symbolic
        -:  345:       link, otherwise zero.  */
        -:  346:    char *realname;
        -:  347:    bool command_line_arg;
        -:  348:    struct pending *next;
        -:  349:  };
        -:  350:
        -:  351:static struct pending *pending_dirs;
        -:  352:
        -:  353:/* Current time in seconds and nanoseconds since 1970, updated as
        -:  354:   needed when deciding whether a file is recent.  */
        -:  355:
        -:  356:static struct timespec current_time;
        -:  357:
        -:  358:static bool print_scontext;
        -:  359:static char UNKNOWN_SECURITY_CONTEXT[] = "?";
        -:  360:
        -:  361:/* Whether any of the files has an ACL.  This affects the width of the
        -:  362:   mode column.  */
        -:  363:
        -:  364:static bool any_has_acl;
        -:  365:
        -:  366:/* The number of columns to use for columns containing inode numbers,
        -:  367:   block sizes, link counts, owners, groups, authors, major device
        -:  368:   numbers, minor device numbers, and file sizes, respectively.  */
        -:  369:
        -:  370:static int inode_number_width;
        -:  371:static int block_size_width;
        -:  372:static int nlink_width;
        -:  373:static int scontext_width;
        -:  374:static int owner_width;
        -:  375:static int group_width;
        -:  376:static int author_width;
        -:  377:static int major_device_number_width;
        -:  378:static int minor_device_number_width;
        -:  379:static int file_size_width;
        -:  380:
        -:  381:/* Option flags */
        -:  382:
        -:  383:/* long_format for lots of info, one per line.
        -:  384:   one_per_line for just names, one per line.
        -:  385:   many_per_line for just names, many per line, sorted vertically.
        -:  386:   horizontal for just names, many per line, sorted horizontally.
        -:  387:   with_commas for just names, many per line, separated by commas.
        -:  388:
        -:  389:   -l (and other options that imply -l), -1, -C, -x and -m control
        -:  390:   this parameter.  */
        -:  391:
        -:  392:enum format
        -:  393:  {
        -:  394:    long_format,		/* -l and other options that imply -l */
        -:  395:    one_per_line,		/* -1 */
        -:  396:    many_per_line,		/* -C */
        -:  397:    horizontal,			/* -x */
        -:  398:    with_commas			/* -m */
        -:  399:  };
        -:  400:
        -:  401:static enum format format;
        -:  402:
        -:  403:/* 'full-iso' uses full ISO-style dates and times.  'long-iso' uses longer
        -:  404:   ISO-style time stamps, though shorter than 'full-iso'.  'iso' uses shorter
        -:  405:   ISO-style time stamps.  'locale' uses locale-dependent time stamps.  */
        -:  406:enum time_style
        -:  407:  {
        -:  408:    full_iso_time_style,	/* --time-style=full-iso */
        -:  409:    long_iso_time_style,	/* --time-style=long-iso */
        -:  410:    iso_time_style,		/* --time-style=iso */
        -:  411:    locale_time_style		/* --time-style=locale */
        -:  412:  };
        -:  413:
        -:  414:static char const *const time_style_args[] =
        -:  415:{
        -:  416:  "full-iso", "long-iso", "iso", "locale", NULL
        -:  417:};
        -:  418:static enum time_style const time_style_types[] =
        -:  419:{
        -:  420:  full_iso_time_style, long_iso_time_style, iso_time_style,
        -:  421:  locale_time_style
        -:  422:};
        -:  423:ARGMATCH_VERIFY (time_style_args, time_style_types);
        -:  424:
        -:  425:/* Type of time to print or sort by.  Controlled by -c and -u.
        -:  426:   The values of each item of this enum are important since they are
        -:  427:   used as indices in the sort functions array (see sort_files()).  */
        -:  428:
        -:  429:enum time_type
        -:  430:  {
        -:  431:    time_mtime,			/* default */
        -:  432:    time_ctime,			/* -c */
        -:  433:    time_atime,			/* -u */
        -:  434:    time_numtypes		/* the number of elements of this enum */
        -:  435:  };
        -:  436:
        -:  437:static enum time_type time_type;
        -:  438:
        -:  439:/* The file characteristic to sort by.  Controlled by -t, -S, -U, -X, -v.
        -:  440:   The values of each item of this enum are important since they are
        -:  441:   used as indices in the sort functions array (see sort_files()).  */
        -:  442:
        -:  443:enum sort_type
        -:  444:  {
        -:  445:    sort_none = -1,		/* -U */
        -:  446:    sort_name,			/* default */
        -:  447:    sort_extension,		/* -X */
        -:  448:    sort_size,			/* -S */
        -:  449:    sort_version,		/* -v */
        -:  450:    sort_time,			/* -t */
        -:  451:    sort_numtypes		/* the number of elements of this enum */
        -:  452:  };
        -:  453:
        -:  454:static enum sort_type sort_type;
        -:  455:
        -:  456:/* Direction of sort.
        -:  457:   false means highest first if numeric,
        -:  458:   lowest first if alphabetic;
        -:  459:   these are the defaults.
        -:  460:   true means the opposite order in each case.  -r  */
        -:  461:
        -:  462:static bool sort_reverse;
        -:  463:
        -:  464:/* True means to display owner information.  -g turns this off.  */
        -:  465:
        -:  466:static bool print_owner = true;
        -:  467:
        -:  468:/* True means to display author information.  */
        -:  469:
        -:  470:static bool print_author;
        -:  471:
        -:  472:/* True means to display group information.  -G and -o turn this off.  */
        -:  473:
        -:  474:static bool print_group = true;
        -:  475:
        -:  476:/* True means print the user and group id's as numbers rather
        -:  477:   than as names.  -n  */
        -:  478:
        -:  479:static bool numeric_ids;
        -:  480:
        -:  481:/* True means mention the size in blocks of each file.  -s  */
        -:  482:
        -:  483:static bool print_block_size;
        -:  484:
        -:  485:/* Human-readable options for output, when printing block counts.  */
        -:  486:static int human_output_opts;
        -:  487:
        -:  488:/* The units to use when printing block counts.  */
        -:  489:static uintmax_t output_block_size;
        -:  490:
        -:  491:/* Likewise, but for file sizes.  */
        -:  492:static int file_human_output_opts;
        -:  493:static uintmax_t file_output_block_size = 1;
        -:  494:
        -:  495:/* Follow the output with a special string.  Using this format,
        -:  496:   Emacs' dired mode starts up twice as fast, and can handle all
        -:  497:   strange characters in file names.  */
        -:  498:static bool dired;
        -:  499:
        -:  500:/* 'none' means don't mention the type of files.
        -:  501:   'slash' means mention directories only, with a '/'.
        -:  502:   'file_type' means mention file types.
        -:  503:   'classify' means mention file types and mark executables.
        -:  504:
        -:  505:   Controlled by -F, -p, and --indicator-style.  */
        -:  506:
        -:  507:enum indicator_style
        -:  508:  {
        -:  509:    none,	/*     --indicator-style=none */
        -:  510:    slash,	/* -p, --indicator-style=slash */
        -:  511:    file_type,	/*     --indicator-style=file-type */
        -:  512:    classify	/* -F, --indicator-style=classify */
        -:  513:  };
        -:  514:
        -:  515:static enum indicator_style indicator_style;
        -:  516:
        -:  517:/* Names of indicator styles.  */
        -:  518:static char const *const indicator_style_args[] =
        -:  519:{
        -:  520:  "none", "slash", "file-type", "classify", NULL
        -:  521:};
        -:  522:static enum indicator_style const indicator_style_types[] =
        -:  523:{
        -:  524:  none, slash, file_type, classify
        -:  525:};
        -:  526:ARGMATCH_VERIFY (indicator_style_args, indicator_style_types);
        -:  527:
        -:  528:/* True means use colors to mark types.  Also define the different
        -:  529:   colors as well as the stuff for the LS_COLORS environment variable.
        -:  530:   The LS_COLORS variable is now in a termcap-like format.  */
        -:  531:
        -:  532:static bool print_with_color;
        -:  533:
        -:  534:/* Whether we used any colors in the output so far.  If so, we will
        -:  535:   need to restore the default color later.  If not, we will need to
        -:  536:   call prep_non_filename_text before using color for the first time. */
        -:  537:
        -:  538:static bool used_color = false;
        -:  539:
        -:  540:enum color_type
        -:  541:  {
        -:  542:    color_never,		/* 0: default or --color=never */
        -:  543:    color_always,		/* 1: --color=always */
        -:  544:    color_if_tty		/* 2: --color=tty */
        -:  545:  };
        -:  546:
        -:  547:enum Dereference_symlink
        -:  548:  {
        -:  549:    DEREF_UNDEFINED = 1,
        -:  550:    DEREF_NEVER,
        -:  551:    DEREF_COMMAND_LINE_ARGUMENTS,	/* -H */
        -:  552:    DEREF_COMMAND_LINE_SYMLINK_TO_DIR,	/* the default, in certain cases */
        -:  553:    DEREF_ALWAYS			/* -L */
        -:  554:  };
        -:  555:
        -:  556:enum indicator_no
        -:  557:  {
        -:  558:    C_LEFT, C_RIGHT, C_END, C_RESET, C_NORM, C_FILE, C_DIR, C_LINK,
        -:  559:    C_FIFO, C_SOCK,
        -:  560:    C_BLK, C_CHR, C_MISSING, C_ORPHAN, C_EXEC, C_DOOR, C_SETUID, C_SETGID,
        -:  561:    C_STICKY, C_OTHER_WRITABLE, C_STICKY_OTHER_WRITABLE, C_CAP, C_MULTIHARDLINK,
        -:  562:    C_CLR_TO_EOL
        -:  563:  };
        -:  564:
        -:  565:static const char *const indicator_name[]=
        -:  566:  {
        -:  567:    "lc", "rc", "ec", "rs", "no", "fi", "di", "ln", "pi", "so",
        -:  568:    "bd", "cd", "mi", "or", "ex", "do", "su", "sg", "st",
        -:  569:    "ow", "tw", "ca", "mh", "cl", NULL
        -:  570:  };
        -:  571:
        -:  572:struct color_ext_type
        -:  573:  {
        -:  574:    struct bin_str ext;		/* The extension we're looking for */
        -:  575:    struct bin_str seq;		/* The sequence to output when we do */
        -:  576:    struct color_ext_type *next;	/* Next in list */
        -:  577:  };
        -:  578:
        -:  579:static struct bin_str color_indicator[] =
        -:  580:  {
        -:  581:    { LEN_STR_PAIR ("\033[") },		/* lc: Left of color sequence */
        -:  582:    { LEN_STR_PAIR ("m") },		/* rc: Right of color sequence */
        -:  583:    { 0, NULL },			/* ec: End color (replaces lc+rs+rc) */
        -:  584:    { LEN_STR_PAIR ("0") },		/* rs: Reset to ordinary colors */
        -:  585:    { 0, NULL },			/* no: Normal */
        -:  586:    { 0, NULL },			/* fi: File: default */
        -:  587:    { LEN_STR_PAIR ("01;34") },		/* di: Directory: bright blue */
        -:  588:    { LEN_STR_PAIR ("01;36") },		/* ln: Symlink: bright cyan */
        -:  589:    { LEN_STR_PAIR ("33") },		/* pi: Pipe: yellow/brown */
        -:  590:    { LEN_STR_PAIR ("01;35") },		/* so: Socket: bright magenta */
        -:  591:    { LEN_STR_PAIR ("01;33") },		/* bd: Block device: bright yellow */
        -:  592:    { LEN_STR_PAIR ("01;33") },		/* cd: Char device: bright yellow */
        -:  593:    { 0, NULL },			/* mi: Missing file: undefined */
        -:  594:    { 0, NULL },			/* or: Orphaned symlink: undefined */
        -:  595:    { LEN_STR_PAIR ("01;32") },		/* ex: Executable: bright green */
        -:  596:    { LEN_STR_PAIR ("01;35") },		/* do: Door: bright magenta */
        -:  597:    { LEN_STR_PAIR ("37;41") },		/* su: setuid: white on red */
        -:  598:    { LEN_STR_PAIR ("30;43") },		/* sg: setgid: black on yellow */
        -:  599:    { LEN_STR_PAIR ("37;44") },		/* st: sticky: black on blue */
        -:  600:    { LEN_STR_PAIR ("34;42") },		/* ow: other-writable: blue on green */
        -:  601:    { LEN_STR_PAIR ("30;42") },		/* tw: ow w/ sticky: black on green */
        -:  602:    { LEN_STR_PAIR ("30;41") },		/* ca: black on red */
        -:  603:    { 0, NULL },			/* mh: disabled by default */
        -:  604:    { LEN_STR_PAIR ("\033[K") },	/* cl: clear to end of line */
        -:  605:  };
        -:  606:
        -:  607:/* FIXME: comment  */
        -:  608:static struct color_ext_type *color_ext_list = NULL;
        -:  609:
        -:  610:/* Buffer for color sequences */
        -:  611:static char *color_buf;
        -:  612:
        -:  613:/* True means to check for orphaned symbolic link, for displaying
        -:  614:   colors.  */
        -:  615:
        -:  616:static bool check_symlink_color;
        -:  617:
        -:  618:/* True means mention the inode number of each file.  -i  */
        -:  619:
        -:  620:static bool print_inode;
        -:  621:
        -:  622:/* What to do with symbolic links.  Affected by -d, -F, -H, -l (and
        -:  623:   other options that imply -l), and -L.  */
        -:  624:
        -:  625:static enum Dereference_symlink dereference;
        -:  626:
        -:  627:/* True means when a directory is found, display info on its
        -:  628:   contents.  -R  */
        -:  629:
        -:  630:static bool recursive;
        -:  631:
        -:  632:/* True means when an argument is a directory name, display info
        -:  633:   on it itself.  -d  */
        -:  634:
        -:  635:static bool immediate_dirs;
        -:  636:
        -:  637:/* True means that directories are grouped before files. */
        -:  638:
        -:  639:static bool directories_first;
        -:  640:
        -:  641:/* Which files to ignore.  */
        -:  642:
        -:  643:static enum
        -:  644:{
        -:  645:  /* Ignore files whose names start with '.', and files specified by
        -:  646:     --hide and --ignore.  */
        -:  647:  IGNORE_DEFAULT,
        -:  648:
        -:  649:  /* Ignore '.', '..', and files specified by --ignore.  */
        -:  650:  IGNORE_DOT_AND_DOTDOT,
        -:  651:
        -:  652:  /* Ignore only files specified by --ignore.  */
        -:  653:  IGNORE_MINIMAL
        -:  654:} ignore_mode;
        -:  655:
        -:  656:/* A linked list of shell-style globbing patterns.  If a non-argument
        -:  657:   file name matches any of these patterns, it is ignored.
        -:  658:   Controlled by -I.  Multiple -I options accumulate.
        -:  659:   The -B option adds '*~' and '.*~' to this list.  */
        -:  660:
        -:  661:struct ignore_pattern
        -:  662:  {
        -:  663:    const char *pattern;
        -:  664:    struct ignore_pattern *next;
        -:  665:  };
        -:  666:
        -:  667:static struct ignore_pattern *ignore_patterns;
        -:  668:
        -:  669:/* Similar to IGNORE_PATTERNS, except that -a or -A causes this
        -:  670:   variable itself to be ignored.  */
        -:  671:static struct ignore_pattern *hide_patterns;
        -:  672:
        -:  673:/* True means output nongraphic chars in file names as '?'.
        -:  674:   (-q, --hide-control-chars)
        -:  675:   qmark_funny_chars and the quoting style (-Q, --quoting-style=WORD) are
        -:  676:   independent.  The algorithm is: first, obey the quoting style to get a
        -:  677:   string representing the file name;  then, if qmark_funny_chars is set,
        -:  678:   replace all nonprintable chars in that string with '?'.  It's necessary
        -:  679:   to replace nonprintable chars even in quoted strings, because we don't
        -:  680:   want to mess up the terminal if control chars get sent to it, and some
        -:  681:   quoting methods pass through control chars as-is.  */
        -:  682:static bool qmark_funny_chars;
        -:  683:
        -:  684:/* Quoting options for file and dir name output.  */
        -:  685:
        -:  686:static struct quoting_options *filename_quoting_options;
        -:  687:static struct quoting_options *dirname_quoting_options;
        -:  688:
        -:  689:/* The number of chars per hardware tab stop.  Setting this to zero
        -:  690:   inhibits the use of TAB characters for separating columns.  -T */
        -:  691:static size_t tabsize;
        -:  692:
        -:  693:/* True means print each directory name before listing it.  */
        -:  694:
        -:  695:static bool print_dir_name;
        -:  696:
        -:  697:/* The line length to use for breaking lines in many-per-line format.
        -:  698:   Can be set with -w.  */
        -:  699:
        -:  700:static size_t line_length;
        -:  701:
        -:  702:/* The local time zone rules, as per the TZ environment variable.  */
        -:  703:
        -:  704:static timezone_t localtz;
        -:  705:
        -:  706:/* If true, the file listing format requires that stat be called on
        -:  707:   each file.  */
        -:  708:
        -:  709:static bool format_needs_stat;
        -:  710:
        -:  711:/* Similar to 'format_needs_stat', but set if only the file type is
        -:  712:   needed.  */
        -:  713:
        -:  714:static bool format_needs_type;
        -:  715:
        -:  716:/* An arbitrary limit on the number of bytes in a printed time stamp.
        -:  717:   This is set to a relatively small value to avoid the need to worry
        -:  718:   about denial-of-service attacks on servers that run "ls" on behalf
        -:  719:   of remote clients.  1000 bytes should be enough for any practical
        -:  720:   time stamp format.  */
        -:  721:
        -:  722:enum { TIME_STAMP_LEN_MAXIMUM = MAX (1000, INT_STRLEN_BOUND (time_t)) };
        -:  723:
        -:  724:/* strftime formats for non-recent and recent files, respectively, in
        -:  725:   -l output.  */
        -:  726:
        -:  727:static char const *long_time_format[2] =
        -:  728:  {
        -:  729:    /* strftime format for non-recent files (older than 6 months), in
        -:  730:       -l output.  This should contain the year, month and day (at
        -:  731:       least), in an order that is understood by people in your
        -:  732:       locale's territory.  Please try to keep the number of used
        -:  733:       screen columns small, because many people work in windows with
        -:  734:       only 80 columns.  But make this as wide as the other string
        -:  735:       below, for recent files.  */
        -:  736:    /* TRANSLATORS: ls output needs to be aligned for ease of reading,
        -:  737:       so be wary of using variable width fields from the locale.
        -:  738:       Note %b is handled specially by ls and aligned correctly.
        -:  739:       Note also that specifying a width as in %5b is erroneous as strftime
        -:  740:       will count bytes rather than characters in multibyte locales.  */
        -:  741:    N_("%b %e  %Y"),
        -:  742:    /* strftime format for recent files (younger than 6 months), in -l
        -:  743:       output.  This should contain the month, day and time (at
        -:  744:       least), in an order that is understood by people in your
        -:  745:       locale's territory.  Please try to keep the number of used
        -:  746:       screen columns small, because many people work in windows with
        -:  747:       only 80 columns.  But make this as wide as the other string
        -:  748:       above, for non-recent files.  */
        -:  749:    /* TRANSLATORS: ls output needs to be aligned for ease of reading,
        -:  750:       so be wary of using variable width fields from the locale.
        -:  751:       Note %b is handled specially by ls and aligned correctly.
        -:  752:       Note also that specifying a width as in %5b is erroneous as strftime
        -:  753:       will count bytes rather than characters in multibyte locales.  */
        -:  754:    N_("%b %e %H:%M")
        -:  755:  };
        -:  756:
        -:  757:/* The set of signals that are caught.  */
        -:  758:
        -:  759:static sigset_t caught_signals;
        -:  760:
        -:  761:/* If nonzero, the value of the pending fatal signal.  */
        -:  762:
        -:  763:static sig_atomic_t volatile interrupt_signal;
        -:  764:
        -:  765:/* A count of the number of pending stop signals that have been received.  */
        -:  766:
        -:  767:static sig_atomic_t volatile stop_signal_count;
        -:  768:
        -:  769:/* Desired exit status.  */
        -:  770:
        -:  771:static int exit_status;
        -:  772:
        -:  773:/* Exit statuses.  */
        -:  774:enum
        -:  775:  {
        -:  776:    /* "ls" had a minor problem.  E.g., while processing a directory,
        -:  777:       ls obtained the name of an entry via readdir, yet was later
        -:  778:       unable to stat that name.  This happens when listing a directory
        -:  779:       in which entries are actively being removed or renamed.  */
        -:  780:    LS_MINOR_PROBLEM = 1,
        -:  781:
        -:  782:    /* "ls" had more serious trouble (e.g., memory exhausted, invalid
        -:  783:       option or failure to stat a command line argument.  */
        -:  784:    LS_FAILURE = 2
        -:  785:  };
        -:  786:
        -:  787:/* For long options that have no equivalent short option, use a
        -:  788:   non-character as a pseudo short option, starting with CHAR_MAX + 1.  */
        -:  789:enum
        -:  790:{
        -:  791:  AUTHOR_OPTION = CHAR_MAX + 1,
        -:  792:  BLOCK_SIZE_OPTION,
        -:  793:  COLOR_OPTION,
        -:  794:  DEREFERENCE_COMMAND_LINE_SYMLINK_TO_DIR_OPTION,
        -:  795:  FILE_TYPE_INDICATOR_OPTION,
        -:  796:  FORMAT_OPTION,
        -:  797:  FULL_TIME_OPTION,
        -:  798:  GROUP_DIRECTORIES_FIRST_OPTION,
        -:  799:  HIDE_OPTION,
        -:  800:  INDICATOR_STYLE_OPTION,
        -:  801:  QUOTING_STYLE_OPTION,
        -:  802:  SHOW_CONTROL_CHARS_OPTION,
        -:  803:  SI_OPTION,
        -:  804:  SORT_OPTION,
        -:  805:  TIME_OPTION,
        -:  806:  TIME_STYLE_OPTION
        -:  807:};
        -:  808:
        -:  809:static struct option const long_options[] =
        -:  810:{
        -:  811:  {"all", no_argument, NULL, 'a'},
        -:  812:  {"escape", no_argument, NULL, 'b'},
        -:  813:  {"directory", no_argument, NULL, 'd'},
        -:  814:  {"dired", no_argument, NULL, 'D'},
        -:  815:  {"full-time", no_argument, NULL, FULL_TIME_OPTION},
        -:  816:  {"group-directories-first", no_argument, NULL,
        -:  817:   GROUP_DIRECTORIES_FIRST_OPTION},
        -:  818:  {"human-readable", no_argument, NULL, 'h'},
        -:  819:  {"inode", no_argument, NULL, 'i'},
        -:  820:  {"kibibytes", no_argument, NULL, 'k'},
        -:  821:  {"numeric-uid-gid", no_argument, NULL, 'n'},
        -:  822:  {"no-group", no_argument, NULL, 'G'},
        -:  823:  {"hide-control-chars", no_argument, NULL, 'q'},
        -:  824:  {"reverse", no_argument, NULL, 'r'},
        -:  825:  {"size", no_argument, NULL, 's'},
        -:  826:  {"width", required_argument, NULL, 'w'},
        -:  827:  {"almost-all", no_argument, NULL, 'A'},
        -:  828:  {"ignore-backups", no_argument, NULL, 'B'},
        -:  829:  {"classify", no_argument, NULL, 'F'},
        -:  830:  {"file-type", no_argument, NULL, FILE_TYPE_INDICATOR_OPTION},
        -:  831:  {"si", no_argument, NULL, SI_OPTION},
        -:  832:  {"dereference-command-line", no_argument, NULL, 'H'},
        -:  833:  {"dereference-command-line-symlink-to-dir", no_argument, NULL,
        -:  834:   DEREFERENCE_COMMAND_LINE_SYMLINK_TO_DIR_OPTION},
        -:  835:  {"hide", required_argument, NULL, HIDE_OPTION},
        -:  836:  {"ignore", required_argument, NULL, 'I'},
        -:  837:  {"indicator-style", required_argument, NULL, INDICATOR_STYLE_OPTION},
        -:  838:  {"dereference", no_argument, NULL, 'L'},
        -:  839:  {"literal", no_argument, NULL, 'N'},
        -:  840:  {"quote-name", no_argument, NULL, 'Q'},
        -:  841:  {"quoting-style", required_argument, NULL, QUOTING_STYLE_OPTION},
        -:  842:  {"recursive", no_argument, NULL, 'R'},
        -:  843:  {"format", required_argument, NULL, FORMAT_OPTION},
        -:  844:  {"show-control-chars", no_argument, NULL, SHOW_CONTROL_CHARS_OPTION},
        -:  845:  {"sort", required_argument, NULL, SORT_OPTION},
        -:  846:  {"tabsize", required_argument, NULL, 'T'},
        -:  847:  {"time", required_argument, NULL, TIME_OPTION},
        -:  848:  {"time-style", required_argument, NULL, TIME_STYLE_OPTION},
        -:  849:  {"color", optional_argument, NULL, COLOR_OPTION},
        -:  850:  {"block-size", required_argument, NULL, BLOCK_SIZE_OPTION},
        -:  851:  {"context", no_argument, 0, 'Z'},
        -:  852:  {"author", no_argument, NULL, AUTHOR_OPTION},
        -:  853:  {GETOPT_HELP_OPTION_DECL},
        -:  854:  {GETOPT_VERSION_OPTION_DECL},
        -:  855:  {NULL, 0, NULL, 0}
        -:  856:};
        -:  857:
        -:  858:static char const *const format_args[] =
        -:  859:{
        -:  860:  "verbose", "long", "commas", "horizontal", "across",
        -:  861:  "vertical", "single-column", NULL
        -:  862:};
        -:  863:static enum format const format_types[] =
        -:  864:{
        -:  865:  long_format, long_format, with_commas, horizontal, horizontal,
        -:  866:  many_per_line, one_per_line
        -:  867:};
        -:  868:ARGMATCH_VERIFY (format_args, format_types);
        -:  869:
        -:  870:static char const *const sort_args[] =
        -:  871:{
        -:  872:  "none", "time", "size", "extension", "version", NULL
        -:  873:};
        -:  874:static enum sort_type const sort_types[] =
        -:  875:{
        -:  876:  sort_none, sort_time, sort_size, sort_extension, sort_version
        -:  877:};
        -:  878:ARGMATCH_VERIFY (sort_args, sort_types);
        -:  879:
        -:  880:static char const *const time_args[] =
        -:  881:{
        -:  882:  "atime", "access", "use", "ctime", "status", NULL
        -:  883:};
        -:  884:static enum time_type const time_types[] =
        -:  885:{
        -:  886:  time_atime, time_atime, time_atime, time_ctime, time_ctime
        -:  887:};
        -:  888:ARGMATCH_VERIFY (time_args, time_types);
        -:  889:
        -:  890:static char const *const color_args[] =
        -:  891:{
        -:  892:  /* force and none are for compatibility with another color-ls version */
        -:  893:  "always", "yes", "force",
        -:  894:  "never", "no", "none",
        -:  895:  "auto", "tty", "if-tty", NULL
        -:  896:};
        -:  897:static enum color_type const color_types[] =
        -:  898:{
        -:  899:  color_always, color_always, color_always,
        -:  900:  color_never, color_never, color_never,
        -:  901:  color_if_tty, color_if_tty, color_if_tty
        -:  902:};
        -:  903:ARGMATCH_VERIFY (color_args, color_types);
        -:  904:
        -:  905:/* Information about filling a column.  */
        -:  906:struct column_info
        -:  907:{
        -:  908:  bool valid_len;
        -:  909:  size_t line_len;
        -:  910:  size_t *col_arr;
        -:  911:};
        -:  912:
        -:  913:/* Array with information about column filledness.  */
        -:  914:static struct column_info *column_info;
        -:  915:
        -:  916:/* Maximum number of columns ever possible for this display.  */
        -:  917:static size_t max_idx;
        -:  918:
        -:  919:/* The minimum width of a column is 3: 1 character for the name and 2
        -:  920:   for the separating white space.  */
        -:  921:#define MIN_COLUMN_WIDTH	3
        -:  922:
        -:  923:
        -:  924:/* This zero-based index is used solely with the --dired option.
        -:  925:   When that option is in effect, this counter is incremented for each
        -:  926:   byte of output generated by this program so that the beginning
        -:  927:   and ending indices (in that output) of every file name can be recorded
        -:  928:   and later output themselves.  */
        -:  929:static size_t dired_pos;
        -:  930:
        -:  931:#define DIRED_PUTCHAR(c) do {putchar ((c)); ++dired_pos;} while (0)
        -:  932:
        -:  933:/* Write S to STREAM and increment DIRED_POS by S_LEN.  */
        -:  934:#define DIRED_FPUTS(s, stream, s_len) \
        -:  935:    do {fputs (s, stream); dired_pos += s_len;} while (0)
        -:  936:
        -:  937:/* Like DIRED_FPUTS, but for use when S is a literal string.  */
        -:  938:#define DIRED_FPUTS_LITERAL(s, stream) \
        -:  939:    do {fputs (s, stream); dired_pos += sizeof (s) - 1;} while (0)
        -:  940:
        -:  941:#define DIRED_INDENT()							\
        -:  942:    do									\
        -:  943:      {									\
        -:  944:        if (dired)							\
        -:  945:          DIRED_FPUTS_LITERAL ("  ", stdout);				\
        -:  946:      }									\
        -:  947:    while (0)
        -:  948:
        -:  949:/* With --dired, store pairs of beginning and ending indices of file names.  */
        -:  950:static struct obstack dired_obstack;
        -:  951:
        -:  952:/* With --dired, store pairs of beginning and ending indices of any
        -:  953:   directory names that appear as headers (just before 'total' line)
        -:  954:   for lists of directory entries.  Such directory names are seen when
        -:  955:   listing hierarchies using -R and when a directory is listed with at
        -:  956:   least one other command line argument.  */
        -:  957:static struct obstack subdired_obstack;
        -:  958:
        -:  959:/* Save the current index on the specified obstack, OBS.  */
        -:  960:#define PUSH_CURRENT_DIRED_POS(obs)					\
        -:  961:  do									\
        -:  962:    {									\
        -:  963:      if (dired)							\
        -:  964:        obstack_grow (obs, &dired_pos, sizeof (dired_pos));		\
        -:  965:    }									\
        -:  966:  while (0)
        -:  967:
        -:  968:/* With -R, this stack is used to help detect directory cycles.
        -:  969:   The device/inode pairs on this stack mirror the pairs in the
        -:  970:   active_dir_set hash table.  */
        -:  971:static struct obstack dev_ino_obstack;
        -:  972:
        -:  973:/* Push a pair onto the device/inode stack.  */
    #####:  974:static void
        -:  975:dev_ino_push (dev_t dev, ino_t ino)
        -:  976:{
        -:  977:  void *vdi;
    #####:  978:  struct dev_ino *di;
    #####:  979:  int dev_ino_size = sizeof *di;
    #####:  980:  obstack_blank (&dev_ino_obstack, dev_ino_size);
    #####:  981:  vdi = obstack_next_free (&dev_ino_obstack);
    #####:  982:  di = vdi;
    #####:  983:  di--;
    #####:  984:  di->st_dev = dev;
    #####:  985:  di->st_ino = ino;
        -:  986:}
        -:  987:
        -:  988:/* Pop a dev/ino struct off the global dev_ino_obstack
        -:  989:   and return that struct.  */
    #####:  990:static struct dev_ino
        -:  991:dev_ino_pop (void)
        -:  992:{
        -:  993:  void *vdi;
    #####:  994:  struct dev_ino *di;
    #####:  995:  int dev_ino_size = sizeof *di;
    #####:  996:  assert (dev_ino_size <= obstack_object_size (&dev_ino_obstack));
    #####:  997:  obstack_blank_fast (&dev_ino_obstack, -dev_ino_size);
    #####:  998:  vdi = obstack_next_free (&dev_ino_obstack);
    #####:  999:  di = vdi;
        -: 1000:  return *di;
        -: 1001:}
        -: 1002:
        -: 1003:/* Note the use commented out below:
        -: 1004:#define ASSERT_MATCHING_DEV_INO(Name, Di)	\
        -: 1005:  do						\
        -: 1006:    {						\
        -: 1007:      struct stat sb;				\
        -: 1008:      assert (Name);				\
        -: 1009:      assert (0 <= stat (Name, &sb));		\
        -: 1010:      assert (sb.st_dev == Di.st_dev);		\
        -: 1011:      assert (sb.st_ino == Di.st_ino);		\
        -: 1012:    }						\
        -: 1013:  while (0)
        -: 1014:*/
        -: 1015:
        -: 1016:/* Write to standard output PREFIX, followed by the quoting style and
        -: 1017:   a space-separated list of the integers stored in OS all on one line.  */
        -: 1018:
    #####: 1019:static void
        -: 1020:dired_dump_obstack (const char *prefix, struct obstack *os)
        -: 1021:{
        -: 1022:  size_t n_pos;
    #####: 1023:
    #####: 1024:  n_pos = obstack_object_size (os) / sizeof (dired_pos);
        -: 1025:  if (n_pos > 0)
        -: 1026:    {
        -: 1027:      size_t i;
        -: 1028:      size_t *pos;
    #####: 1029:
    #####: 1030:      pos = (size_t *) obstack_finish (os);
    #####: 1031:      fputs (prefix, stdout);
    #####: 1032:      for (i = 0; i < n_pos; i++)
        -: 1033:        printf (" %lu", (unsigned long int) pos[i]);
        -: 1034:      putchar ('\n');
    #####: 1035:    }
        -: 1036:}
        -: 1037:
        -: 1038:/* Read the abbreviated month names from the locale, to align them
        -: 1039:   and to determine the max width of the field and to truncate names
        -: 1040:   greater than our max allowed.
        -: 1041:   Note even though this handles multibyte locales correctly
        -: 1042:   it's not restricted to them as single byte locales can have
        -: 1043:   variable width abbreviated months and also precomputing/caching
        -: 1044:   the names was seen to increase the performance of ls significantly.  */
        -: 1045:
        -: 1046:/* max number of display cells to use */
        -: 1047:enum { MAX_MON_WIDTH = 5 };
        -: 1048:/* In the unlikely event that the abmon[] storage is not big enough
        -: 1049:   an error message will be displayed, and we revert to using
        -: 1050:   unmodified abbreviated month names from the locale database.  */
        -: 1051:static char abmon[12][MAX_MON_WIDTH * 2 * MB_LEN_MAX + 1];
        -: 1052:/* minimum width needed to align %b, 0 => don't use precomputed values.  */
        -: 1053:static size_t required_mon_width;
        -: 1054:
      129: 1055:static size_t
        -: 1056:abmon_init (void)
        -: 1057:{
      129: 1058:#ifdef HAVE_NL_LANGINFO
        -: 1059:  required_mon_width = MAX_MON_WIDTH;
        -: 1060:  size_t curr_max_width;
        -: 1061:  do
      258: 1062:    {
      258: 1063:      curr_max_width = required_mon_width;
     3354: 1064:      required_mon_width = 0;
        -: 1065:      for (int i = 0; i < 12; i++)
     3096: 1066:        {
        -: 1067:          size_t width = curr_max_width;
     3096: 1068:
     3096: 1069:          size_t req = mbsalign (nl_langinfo (ABMON_1 + i),
        -: 1070:                                 abmon[i], sizeof (abmon[i]),
        -: 1071:                                 &width, MBS_ALIGN_LEFT, 0);
     3096: 1072:
        -: 1073:          if (req == (size_t) -1 || req >= sizeof (abmon[i]))
    #####: 1074:            {
    #####: 1075:              required_mon_width = 0; /* ignore precomputed strings.  */
        -: 1076:              return required_mon_width;
        -: 1077:            }
     3096: 1078:
        -: 1079:          required_mon_width = MAX (required_mon_width, width);
        -: 1080:        }
      258: 1081:    }
        -: 1082:  while (curr_max_width > required_mon_width);
        -: 1083:#endif
        -: 1084:
        -: 1085:  return required_mon_width;
        -: 1086:}
        -: 1087:
    #####: 1088:static size_t
        -: 1089:dev_ino_hash (void const *x, size_t table_size)
    #####: 1090:{
    #####: 1091:  struct dev_ino const *p = x;
        -: 1092:  return (uintmax_t) p->st_ino % table_size;
        -: 1093:}
        -: 1094:
    #####: 1095:static bool
        -: 1096:dev_ino_compare (void const *x, void const *y)
    #####: 1097:{
    #####: 1098:  struct dev_ino const *a = x;
    #####: 1099:  struct dev_ino const *b = y;
        -: 1100:  return SAME_INODE (*a, *b) ? true : false;
        -: 1101:}
        -: 1102:
    #####: 1103:static void
        -: 1104:dev_ino_free (void *x)
    #####: 1105:{
    #####: 1106:  free (x);
        -: 1107:}
        -: 1108:
        -: 1109:/* Add the device/inode pair (P->st_dev/P->st_ino) to the set of
        -: 1110:   active directories.  Return true if there is already a matching
        -: 1111:   entry in the table.  */
        -: 1112:
    #####: 1113:static bool
        -: 1114:visit_dir (dev_t dev, ino_t ino)
        -: 1115:{
        -: 1116:  struct dev_ino *ent;
        -: 1117:  struct dev_ino *ent_from_table;
        -: 1118:  bool found_match;
    #####: 1119:
    #####: 1120:  ent = xmalloc (sizeof *ent);
    #####: 1121:  ent->st_ino = ino;
        -: 1122:  ent->st_dev = dev;
        -: 1123:
    #####: 1124:  /* Attempt to insert this entry into the table.  */
        -: 1125:  ent_from_table = hash_insert (active_dir_set, ent);
    #####: 1126:
        -: 1127:  if (ent_from_table == NULL)
        -: 1128:    {
    #####: 1129:      /* Insertion failed due to lack of memory.  */
        -: 1130:      xalloc_die ();
        -: 1131:    }
    #####: 1132:
        -: 1133:  found_match = (ent_from_table != ent);
    #####: 1134:
        -: 1135:  if (found_match)
        -: 1136:    {
    #####: 1137:      /* ent was not inserted, so free it.  */
        -: 1138:      free (ent);
        -: 1139:    }
    #####: 1140:
        -: 1141:  return found_match;
        -: 1142:}
        -: 1143:
       80: 1144:static void
        -: 1145:free_pending_ent (struct pending *p)
       80: 1146:{
       80: 1147:  free (p->name);
       80: 1148:  free (p->realname);
       80: 1149:  free (p);
        -: 1150:}
        -: 1151:
    62696: 1152:static bool
        -: 1153:is_colored (enum indicator_no type)
    62696: 1154:{
    62696: 1155:  size_t len = color_indicator[type].len;
   163382: 1156:  char const *s = color_indicator[type].string;
    37990: 1157:  return ! (len == 0
       32: 1158:            || (len == 1 && STRNCMP_LIT (s, "0") == 0)
        -: 1159:            || (len == 2 && STRNCMP_LIT (s, "00") == 0));
        -: 1160:}
        -: 1161:
        -: 1162:static void
        -: 1163:restore_default_color (void)
    #####: 1164:{
    #####: 1165:  put_indicator (&color_indicator[C_LEFT]);
        -: 1166:  put_indicator (&color_indicator[C_RIGHT]);
        -: 1167:}
        -: 1168:
    12534: 1169:static void
        -: 1170:set_normal_color (void)
    12534: 1171:{
        -: 1172:  if (print_with_color && is_colored (C_NORM))
    #####: 1173:    {
    #####: 1174:      put_indicator (&color_indicator[C_LEFT]);
    #####: 1175:      put_indicator (&color_indicator[C_NORM]);
        -: 1176:      put_indicator (&color_indicator[C_RIGHT]);
    12534: 1177:    }
        -: 1178:}
        -: 1179:
        -: 1180:/* An ordinary signal was received; arrange for the program to exit.  */
        -: 1181:
    #####: 1182:static void
        -: 1183:sighandler (int sig)
        -: 1184:{
        -: 1185:  if (! SA_NOCLDSTOP)
    #####: 1186:    signal (sig, SIG_IGN);
    #####: 1187:  if (! interrupt_signal)
    #####: 1188:    interrupt_signal = sig;
        -: 1189:}
        -: 1190:
        -: 1191:/* A SIGTSTP was received; arrange for the program to suspend itself.  */
        -: 1192:
    #####: 1193:static void
        -: 1194:stophandler (int sig)
        -: 1195:{
        -: 1196:  if (! SA_NOCLDSTOP)
    #####: 1197:    signal (sig, stophandler);
    #####: 1198:  if (! interrupt_signal)
    #####: 1199:    stop_signal_count++;
        -: 1200:}
        -: 1201:
        -: 1202:/* Process any pending signals.  If signals are caught, this function
        -: 1203:   should be called periodically.  Ideally there should never be an
        -: 1204:   unbounded amount of time when signals are not being processed.
        -: 1205:   Signal handling can restore the default colors, so callers must
        -: 1206:   immediately change colors after invoking this function.  */
        -: 1207:
    25202: 1208:static void
        -: 1209:process_signals (void)
    50404: 1210:{
        -: 1211:  while (interrupt_signal || stop_signal_count)
        -: 1212:    {
        -: 1213:      int sig;
        -: 1214:      int stops;
        -: 1215:      sigset_t oldset;
    #####: 1216:
        -: 1217:      if (used_color)
    #####: 1218:        restore_default_color ();
        -: 1219:      fflush (stdout);
    #####: 1220:
        -: 1221:      sigprocmask (SIG_BLOCK, &caught_signals, &oldset);
        -: 1222:
        -: 1223:      /* Reload interrupt_signal and stop_signal_count, in case a new
    #####: 1224:         signal was handled before sigprocmask took effect.  */
    #####: 1225:      sig = interrupt_signal;
        -: 1226:      stops = stop_signal_count;
        -: 1227:
        -: 1228:      /* SIGTSTP is special, since the application can receive that signal
        -: 1229:         more than once.  In this case, don't set the signal handler to the
    #####: 1230:         default.  Instead, just raise the uncatchable SIGSTOP.  */
        -: 1231:      if (stops)
    #####: 1232:        {
    #####: 1233:          stop_signal_count = stops - 1;
        -: 1234:          sig = SIGSTOP;
        -: 1235:        }
    #####: 1236:      else
        -: 1237:        signal (sig, SIG_DFL);
        -: 1238:
    #####: 1239:      /* Exit or suspend the program.  */
    #####: 1240:      raise (sig);
        -: 1241:      sigprocmask (SIG_SETMASK, &oldset, NULL);
        -: 1242:
        -: 1243:      /* If execution reaches here, then the program has been
        -: 1244:         continued (after being suspended).  */
    25202: 1245:    }
        -: 1246:}
        -: 1247:
      248: 1248:int
        -: 1249:main (int argc, char **argv)
        -: 1250:{
        -: 1251:  AFL_INIT_ARGV();
        -: 1252:  int i;
        -: 1253:  struct pending *thispend;
        -: 1254:  int n_files;
        -: 1255:
        -: 1256:  /* The signals that are trapped, and the number of such signals.  */
        -: 1257:  static int const sig[] =
        -: 1258:    {
        -: 1259:      /* This one is handled specially.  */
        -: 1260:      SIGTSTP,
        -: 1261:
        -: 1262:      /* The usual suspects.  */
        -: 1263:      SIGALRM, SIGHUP, SIGINT, SIGPIPE, SIGQUIT, SIGTERM,
        -: 1264:#ifdef SIGPOLL
        -: 1265:      SIGPOLL,
        -: 1266:#endif
        -: 1267:#ifdef SIGPROF
        -: 1268:      SIGPROF,
        -: 1269:#endif
        -: 1270:#ifdef SIGVTALRM
        -: 1271:      SIGVTALRM,
        -: 1272:#endif
        -: 1273:#ifdef SIGXCPU
        -: 1274:      SIGXCPU,
        -: 1275:#endif
        -: 1276:#ifdef SIGXFSZ
        -: 1277:      SIGXFSZ,
        -: 1278:#endif
        -: 1279:    };
        -: 1280:  enum { nsigs = ARRAY_CARDINALITY (sig) };
        -: 1281:
        -: 1282:#if ! SA_NOCLDSTOP
        -: 1283:  bool caught_sig[nsigs];
        -: 1284:#endif
      248: 1285:
      248: 1286:  initialize_main (&argc, &argv);
      248: 1287:  set_program_name (argv[0]);
      248: 1288:  setlocale (LC_ALL, "");
        -: 1289:  bindtextdomain (PACKAGE, LOCALEDIR);
      248: 1290:  textdomain (PACKAGE);
      248: 1291:
        -: 1292:  initialize_exit_failure (LS_FAILURE);
        -: 1293:  atexit (close_stdout);
        -: 1294:
        -: 1295:  assert (ARRAY_CARDINALITY (color_indicator) + 1
      248: 1296:          == ARRAY_CARDINALITY (indicator_name));
      248: 1297:
      248: 1298:  exit_status = EXIT_SUCCESS;
        -: 1299:  print_dir_name = true;
      248: 1300:  pending_dirs = NULL;
      248: 1301:
        -: 1302:  current_time.tv_sec = TYPE_MINIMUM (time_t);
      248: 1303:  current_time.tv_nsec = -1;
        -: 1304:
      242: 1305:  i = decode_switches (argc, argv);
       80: 1306:
        -: 1307:  if (print_with_color)
        -: 1308:    parse_ls_color ();
        -: 1309:
      242: 1310:  /* Test print_with_color again, because the call to parse_ls_color
        -: 1311:     may have just reset it -- e.g., if LS_COLORS is invalid.  */
        -: 1312:  if (print_with_color)
       80: 1313:    {
    #####: 1314:      /* Avoid following symbolic links when possible.  */
    #####: 1315:      if (is_colored (C_ORPHAN)
       80: 1316:          || (is_colored (C_EXEC) && color_symlink_as_referent)
        -: 1317:          || (is_colored (C_MISSING) && format == long_format))
        -: 1318:        check_symlink_color = true;
        -: 1319:
        -: 1320:      /* If the standard output is a controlling terminal, watch out
        -: 1321:         for signals, so that the colors can be restored to the
       80: 1322:         default state if "ls" is suspended or interrupted.  */
        -: 1323:
        -: 1324:      if (0 <= tcgetpgrp (STDOUT_FILENO))
        -: 1325:        {
        -: 1326:          int j;
        -: 1327:#if SA_NOCLDSTOP
       80: 1328:          struct sigaction act;
     1040: 1329:
        -: 1330:          sigemptyset (&caught_signals);
      960: 1331:          for (j = 0; j < nsigs; j++)
      960: 1332:            {
      960: 1333:              sigaction (sig[j], NULL, &act);
        -: 1334:              if (act.sa_handler != SIG_IGN)
        -: 1335:                sigaddset (&caught_signals, sig[j]);
       80: 1336:            }
       80: 1337:
        -: 1338:          act.sa_mask = caught_signals;
     1040: 1339:          act.sa_flags = SA_RESTART;
      960: 1340:
        -: 1341:          for (j = 0; j < nsigs; j++)
      960: 1342:            if (sigismember (&caught_signals, sig[j]))
      960: 1343:              {
        -: 1344:                act.sa_handler = sig[j] == SIGTSTP ? stophandler : sighandler;
        -: 1345:                sigaction (sig[j], &act, NULL);
        -: 1346:              }
        -: 1347:#else
        -: 1348:          for (j = 0; j < nsigs; j++)
        -: 1349:            {
        -: 1350:              caught_sig[j] = (signal (sig[j], SIG_IGN) != SIG_IGN);
        -: 1351:              if (caught_sig[j])
        -: 1352:                {
        -: 1353:                  signal (sig[j], sig[j] == SIGTSTP ? stophandler : sighandler);
        -: 1354:                  siginterrupt (sig[j], 0);
        -: 1355:                }
        -: 1356:            }
        -: 1357:#endif
        -: 1358:        }
      242: 1359:    }
      470: 1360:
       86: 1361:  if (dereference == DEREF_UNDEFINED)
       85: 1362:    dereference = ((immediate_dirs
        -: 1363:                    || indicator_style == classify
        -: 1364:                    || format == long_format)
        -: 1365:                   ? DEREF_NEVER
        -: 1366:                   : DEREF_COMMAND_LINE_SYMLINK_TO_DIR);
        -: 1367:
      242: 1368:  /* When using -R, initialize a data structure we'll use to
        -: 1369:     detect any directory cycles.  */
    #####: 1370:  if (recursive)
        -: 1371:    {
        -: 1372:      active_dir_set = hash_initialize (INITIAL_TABLE_SIZE, NULL,
        -: 1373:                                        dev_ino_hash,
    #####: 1374:                                        dev_ino_compare,
    #####: 1375:                                        dev_ino_free);
        -: 1376:      if (active_dir_set == NULL)
    #####: 1377:        xalloc_die ();
        -: 1378:
        -: 1379:      obstack_init (&dev_ino_obstack);
      242: 1380:    }
        -: 1381:
      484: 1382:  localtz = tzalloc (getenv ("TZ"));
      235: 1383:
      106: 1384:  format_needs_stat = sort_type == sort_time || sort_type == sort_size
      348: 1385:    || format == long_format
      242: 1386:    || print_scontext
      484: 1387:    || print_block_size;
      106: 1388:  format_needs_type = (! format_needs_stat
       26: 1389:                       && (recursive
       26: 1390:                           || print_with_color
        -: 1391:                           || indicator_style != none
      242: 1392:                           || directories_first));
        -: 1393:
    #####: 1394:  if (dired)
    #####: 1395:    {
        -: 1396:      obstack_init (&dired_obstack);
        -: 1397:      obstack_init (&subdired_obstack);
      242: 1398:    }
      484: 1399:
      242: 1400:  cwd_n_alloc = 100;
        -: 1401:  cwd_file = xnmalloc (cwd_n_alloc, sizeof *cwd_file);
      242: 1402:  cwd_n_used = 0;
        -: 1403:
      242: 1404:  clear_files ();
        -: 1405:
      242: 1406:  n_files = argc - i;
        -: 1407:
       80: 1408:  if (n_files <= 0)
    #####: 1409:    {
        -: 1410:      if (immediate_dirs)
       80: 1411:        gobble_file (".", directory, NOT_AN_INODE_NUMBER, true, "");
        -: 1412:      else
        -: 1413:        queue_directory (".", NULL, true);
        -: 1414:    }
      181: 1415:  else
      181: 1416:    do
        -: 1417:      gobble_file (argv[i++], unknown, NOT_AN_INODE_NUMBER, true, "");
      242: 1418:    while (i < argc);
        -: 1419:
      162: 1420:  if (cwd_n_used)
      162: 1421:    {
       13: 1422:      sort_files ();
        -: 1423:      if (!immediate_dirs)
        -: 1424:        extract_dirs_from_files (NULL, true);
        -: 1425:      /* 'cwd_n_used' might be zero now.  */
        -: 1426:    }
        -: 1427:
        -: 1428:  /* In the following if/else blocks, it is sufficient to test 'pending_dirs'
        -: 1429:     (and not pending_dirs->name) because there may be no markers in the queue
      242: 1430:     at this point.  A marker may be enqueued when extract_dirs_from_files is
        -: 1431:     called with a non-empty string or via print_dir.  */
      162: 1432:  if (cwd_n_used)
      162: 1433:    {
    #####: 1434:      print_current_files ();
        -: 1435:      if (pending_dirs)
       80: 1436:        DIRED_PUTCHAR ('\n');
       80: 1437:    }
        -: 1438:  else if (n_files <= 1 && pending_dirs && pending_dirs->next == 0)
      322: 1439:    print_dir_name = false;
        -: 1440:
       80: 1441:  while (pending_dirs)
       80: 1442:    {
        -: 1443:      thispend = pending_dirs;
       80: 1444:      pending_dirs = pending_dirs->next;
        -: 1445:
    #####: 1446:      if (LOOP_DETECT)
        -: 1447:        {
        -: 1448:          if (thispend->name == NULL)
        -: 1449:            {
        -: 1450:              /* thispend->name == NULL means this is a marker entry
        -: 1451:                 indicating we've finished processing the directory.
    #####: 1452:                 Use its dev/ino numbers to remove the corresponding
    #####: 1453:                 entry from the active_dir_set hash table.  */
        -: 1454:              struct dev_ino di = dev_ino_pop ();
    #####: 1455:              struct dev_ino *found = hash_delete (active_dir_set, &di);
    #####: 1456:              /* ASSERT_MATCHING_DEV_INO (thispend->realname, di); */
    #####: 1457:              assert (found);
    #####: 1458:              dev_ino_free (found);
        -: 1459:              free_pending_ent (thispend);
        -: 1460:              continue;
        -: 1461:            }
       80: 1462:        }
       80: 1463:
        -: 1464:      print_dir (thispend->name, thispend->realname,
       80: 1465:                 thispend->command_line_arg);
       80: 1466:
        -: 1467:      free_pending_ent (thispend);
        -: 1468:      print_dir_name = true;
      242: 1469:    }
        -: 1470:
        -: 1471:  if (print_with_color)
        -: 1472:    {
       80: 1473:      int j;
        -: 1474:
        -: 1475:      if (used_color)
        -: 1476:        {
       88: 1477:          /* Skip the restore when it would be a no-op, i.e.,
       44: 1478:             when left is "\033[" and right is "m".  */
       44: 1479:          if (!(color_indicator[C_LEFT].len == 2
       44: 1480:                && memcmp (color_indicator[C_LEFT].string, "\033[", 2) == 0
        -: 1481:                && color_indicator[C_RIGHT].len == 1
        -: 1482:                && color_indicator[C_RIGHT].string[0] == 'm'))
       80: 1483:            restore_default_color ();
        -: 1484:        }
        -: 1485:      fflush (stdout);
        -: 1486:
     1040: 1487:      /* Restore the default signal handling.  */
      960: 1488:#if SA_NOCLDSTOP
      960: 1489:      for (j = 0; j < nsigs; j++)
        -: 1490:        if (sigismember (&caught_signals, sig[j]))
        -: 1491:          signal (sig[j], SIG_DFL);
        -: 1492:#else
        -: 1493:      for (j = 0; j < nsigs; j++)
        -: 1494:        if (caught_sig[j])
        -: 1495:          signal (sig[j], SIG_DFL);
        -: 1496:#endif
        -: 1497:
        -: 1498:      /* Act on any signals that arrived before the default was restored.
        -: 1499:         This can process signals out of order, but there doesn't seem to
       80: 1500:         be an easy way to do them in order, and the order isn't that
    #####: 1501:         important anyway.  */
       80: 1502:      for (j = stop_signal_count; j; j--)
       80: 1503:        raise (SIGSTOP);
    #####: 1504:      j = interrupt_signal;
        -: 1505:      if (j)
        -: 1506:        raise (j);
      242: 1507:    }
        -: 1508:
        -: 1509:  if (dired)
    #####: 1510:    {
    #####: 1511:      /* No need to free these since we're about to exit.  */
    #####: 1512:      dired_dump_obstack ("//DIRED//", &dired_obstack);
    #####: 1513:      dired_dump_obstack ("//SUBDIRED//", &subdired_obstack);
        -: 1514:      printf ("//DIRED-OPTIONS// --quoting-style=%s\n",
        -: 1515:              quoting_style_args[get_quoting_style (filename_quoting_options)]);
      242: 1516:    }
        -: 1517:
    #####: 1518:  if (LOOP_DETECT)
    #####: 1519:    {
        -: 1520:      assert (hash_get_n_entries (active_dir_set) == 0);
        -: 1521:      hash_free (active_dir_set);
      242: 1522:    }
        -: 1523:
        -: 1524:  return exit_status;
        -: 1525:}
        -: 1526:
        -: 1527:/* Set the line length to the value given by SPEC.  Return true if
        -: 1528:   successful.  0 means no limit on line length.  */
    #####: 1529:
        -: 1530:static bool
        -: 1531:set_line_length (char const *spec)
        -: 1532:{
        -: 1533:  uintmax_t val;
        -: 1534:
    #####: 1535:  /* Treat too-large values as if they were SIZE_MAX, which is
        -: 1536:     effectively infinity.  */
        -: 1537:  switch (xstrtoumax (spec, NULL, 0, &val, ""))
    #####: 1538:    {
    #####: 1539:    case LONGINT_OK:
        -: 1540:      line_length = MIN (val, SIZE_MAX);
        -: 1541:      return true;
    #####: 1542:
    #####: 1543:    case LONGINT_OVERFLOW:
        -: 1544:      line_length = SIZE_MAX;
        -: 1545:      return true;
        -: 1546:
        -: 1547:    default:
        -: 1548:      return false;
        -: 1549:    }
        -: 1550:}
        -: 1551:
        -: 1552:/* Set all the option flags according to the switches specified.
        -: 1553:   Return the index of the first non-option argument.  */
      248: 1554:
        -: 1555:static int
      248: 1556:decode_switches (int argc, char **argv)
        -: 1557:{
      248: 1558:  char *time_style_option = NULL;
      248: 1559:
        -: 1560:  bool sort_type_specified = false;
      248: 1561:  bool kibibytes_specified = false;
        -: 1562:
        -: 1563:  qmark_funny_chars = false;
        -: 1564:
      248: 1565:  /* initialize all switches to default settings */
        -: 1566:
        -: 1567:  switch (ls_mode)
        -: 1568:    {
        2: 1569:    case LS_MULTI_COL:
        2: 1570:      /* This is for the 'dir' program.  */
        2: 1571:      format = many_per_line;
        -: 1572:      set_quoting_style (NULL, escape_quoting_style);
        -: 1573:      break;
        -: 1574:
        2: 1575:    case LS_LONG_FORMAT:
        2: 1576:      /* This is for the 'vdir' program.  */
        2: 1577:      format = long_format;
        -: 1578:      set_quoting_style (NULL, escape_quoting_style);
        -: 1579:      break;
        -: 1580:
      244: 1581:    case LS_LS:
        -: 1582:      /* This is for the 'ls' program.  */
       80: 1583:      if (isatty (STDOUT_FILENO))
       80: 1584:        {
        -: 1585:          format = many_per_line;
       80: 1586:          set_quoting_style (NULL, shell_escape_quoting_style);
        -: 1587:          /* See description of qmark_funny_chars, above.  */
        -: 1588:          qmark_funny_chars = true;
        -: 1589:        }
      164: 1590:      else
      164: 1591:        {
        -: 1592:          format = one_per_line;
        -: 1593:          qmark_funny_chars = false;
        -: 1594:        }
        -: 1595:      break;
    #####: 1596:
        -: 1597:    default:
        -: 1598:      abort ();
      248: 1599:    }
      248: 1600:
      248: 1601:  time_type = time_mtime;
      248: 1602:  sort_type = sort_name;
      248: 1603:  sort_reverse = false;
      248: 1604:  numeric_ids = false;
      248: 1605:  print_block_size = false;
      248: 1606:  indicator_style = none;
      248: 1607:  print_inode = false;
      248: 1608:  dereference = DEREF_UNDEFINED;
      248: 1609:  recursive = false;
      248: 1610:  immediate_dirs = false;
      248: 1611:  ignore_mode = IGNORE_DEFAULT;
      248: 1612:  ignore_patterns = NULL;
        -: 1613:  hide_patterns = NULL;
      248: 1614:  print_scontext = false;
        -: 1615:
      248: 1616:  getenv_quoting_style ();
        -: 1617:
      248: 1618:  line_length = 80;
      248: 1619:  {
    #####: 1620:    char const *p = getenv ("COLUMNS");
    #####: 1621:    if (p && *p && ! set_line_length (p))
        -: 1622:      error (0, 0,
        -: 1623:             _("ignoring invalid width in environment variable COLUMNS: %s"),
        -: 1624:             quote (p));
        -: 1625:  }
        -: 1626:
        -: 1627:#ifdef TIOCGWINSZ
        -: 1628:  {
      248: 1629:    struct winsize ws;
       80: 1630:
       80: 1631:    if (ioctl (STDOUT_FILENO, TIOCGWINSZ, &ws) != -1
        -: 1632:        && 0 < ws.ws_col && ws.ws_col == (size_t) ws.ws_col)
        -: 1633:      line_length = ws.ws_col;
        -: 1634:  }
        -: 1635:#endif
      248: 1636:
      248: 1637:  {
      248: 1638:    char const *p = getenv ("TABSIZE");
        -: 1639:    tabsize = 8;
        -: 1640:    if (p)
    #####: 1641:      {
        -: 1642:        unsigned long int tmp_ulong;
        -: 1643:        if (xstrtoul (p, NULL, 0, &tmp_ulong, NULL) == LONGINT_OK
    #####: 1644:            && tmp_ulong <= SIZE_MAX)
        -: 1645:          {
        -: 1646:            tabsize = tmp_ulong;
        -: 1647:          }
    #####: 1648:        else
    #####: 1649:          {
        -: 1650:            error (0, 0,
        -: 1651:             _("ignoring invalid tab size in environment variable TABSIZE: %s"),
        -: 1652:                   quote (p));
        -: 1653:          }
        -: 1654:      }
        -: 1655:  }
        -: 1656:
      648: 1657:  while (true)
      648: 1658:    {
        -: 1659:      int oi = -1;
        -: 1660:      int c = getopt_long (argc, argv,
      648: 1661:                           "abcdfghiklmnopqrstuvw:xABCDFGHI:LNQRST:UXZ1",
        -: 1662:                           long_options, &oi);
        -: 1663:      if (c == -1)
      406: 1664:        break;
        -: 1665:
        -: 1666:      switch (c)
    #####: 1667:        {
    #####: 1668:        case 'a':
        -: 1669:          ignore_mode = IGNORE_MINIMAL;
        -: 1670:          break;
    #####: 1671:
    #####: 1672:        case 'b':
        -: 1673:          set_quoting_style (NULL, escape_quoting_style);
        -: 1674:          break;
    #####: 1675:
    #####: 1676:        case 'c':
        -: 1677:          time_type = time_ctime;
        -: 1678:          break;
      149: 1679:
      149: 1680:        case 'd':
        -: 1681:          immediate_dirs = true;
        -: 1682:          break;
        -: 1683:
    #####: 1684:        case 'f':
    #####: 1685:          /* Same as enabling -a -U and disabling -l -s.  */
    #####: 1686:          ignore_mode = IGNORE_MINIMAL;
        -: 1687:          sort_type = sort_none;
    #####: 1688:          sort_type_specified = true;
    #####: 1689:          /* disable -l */
    #####: 1690:          if (format == long_format)
    #####: 1691:            format = (isatty (STDOUT_FILENO) ? many_per_line : one_per_line);
    #####: 1692:          print_block_size = false;	/* disable -s */
        -: 1693:          print_with_color = false;	/* disable --color */
        -: 1694:          break;
    #####: 1695:
    #####: 1696:        case FILE_TYPE_INDICATOR_OPTION: /* --file-type */
        -: 1697:          indicator_style = file_type;
        -: 1698:          break;
    #####: 1699:
    #####: 1700:        case 'g':
    #####: 1701:          format = long_format;
        -: 1702:          print_owner = false;
        -: 1703:          break;
    #####: 1704:
        -: 1705:        case 'h':
    #####: 1706:          file_human_output_opts = human_output_opts =
    #####: 1707:            human_autoscale | human_SI | human_base_1024;
        -: 1708:          file_output_block_size = output_block_size = 1;
        -: 1709:          break;
       26: 1710:
       26: 1711:        case 'i':
        -: 1712:          print_inode = true;
        -: 1713:          break;
        -: 1714:
        -: 1715:        case 'k':
        -: 1716:          kibibytes_specified = true;
        -: 1717:          break;
      129: 1718:
      129: 1719:        case 'l':
        -: 1720:          format = long_format;
        -: 1721:          break;
    #####: 1722:
    #####: 1723:        case 'm':
        -: 1724:          format = with_commas;
        -: 1725:          break;
    #####: 1726:
    #####: 1727:        case 'n':
    #####: 1728:          numeric_ids = true;
        -: 1729:          format = long_format;
        -: 1730:          break;
    #####: 1731:
    #####: 1732:        case 'o':  /* Just like -l, but don't display group info.  */
    #####: 1733:          format = long_format;
        -: 1734:          print_group = false;
        -: 1735:          break;
    #####: 1736:
    #####: 1737:        case 'p':
        -: 1738:          indicator_style = slash;
        -: 1739:          break;
    #####: 1740:
    #####: 1741:        case 'q':
[...]
    #####: 4614:      size_t len = line_length ? length_of_file_name_and_frills (f) : 0;
        -: 4615:
        -: 4616:      if (filesno != 0)
        -: 4617:        {
    #####: 4618:          char separator;
    #####: 4619:
    #####: 4620:          if (! line_length
        -: 4621:              || ((pos + len + 2 < line_length)
    #####: 4622:                  && (pos <= SIZE_MAX - len - 2)))
    #####: 4623:            {
        -: 4624:              pos += 2;
        -: 4625:              separator = ' ';
        -: 4626:            }
        -: 4627:          else
        -: 4628:            {
        -: 4629:              pos = 0;
        -: 4630:              separator = '\n';
    #####: 4631:            }
    #####: 4632:
        -: 4633:          putchar (sep);
        -: 4634:          putchar (separator);
    #####: 4635:        }
    #####: 4636:
        -: 4637:      print_file_name_and_frills (f, pos);
    #####: 4638:      pos += len;
    #####: 4639:    }
        -: 4640:  putchar ('\n');
        -: 4641:}
        -: 4642:
        -: 4643:/* Assuming cursor is at position FROM, indent up to position TO.
        -: 4644:   Use a TAB character instead of two or more spaces whenever possible.  */
     9886: 4645:
        -: 4646:static void
   157016: 4647:indent (size_t from, size_t to)
        -: 4648:{
   137244: 4649:  while (from < to)
        -: 4650:    {
    #####: 4651:      if (tabsize != 0 && to / tabsize > (from + 1) / tabsize)
    #####: 4652:        {
        -: 4653:          putchar ('\t');
        -: 4654:          from += tabsize - from % tabsize;
        -: 4655:        }
   137244: 4656:      else
   137244: 4657:        {
        -: 4658:          putchar (' ');
        -: 4659:          from++;
     9886: 4660:        }
        -: 4661:    }
        -: 4662:}
        -: 4663:
        -: 4664:/* Put DIRNAME/NAME into DEST, handling '.' and '/' properly.  */
        -: 4665:/* FIXME: maybe remove this function someday.  See about using a
        -: 4666:   non-malloc'ing version of file_name_concat.  */
    12353: 4667:
        -: 4668:static void
    12353: 4669:attach (char *dest, const char *dirname, const char *name)
        -: 4670:{
        -: 4671:  const char *dirnamep = dirname;
    12353: 4672:
        -: 4673:  /* Copy dirname if it is not ".".  */
    #####: 4674:  if (dirname[0] != '.' || dirname[1] != 0)
    #####: 4675:    {
        -: 4676:      while (*dirnamep)
    #####: 4677:        *dest++ = *dirnamep++;
    #####: 4678:      /* Add '/' if 'dirname' doesn't already end with it.  */
        -: 4679:      if (dirnamep > dirname && dirnamep[-1] != '/')
   125678: 4680:        *dest++ = '/';
   113325: 4681:    }
    12353: 4682:  while (*name)
    12353: 4683:    *dest++ = *name++;
        -: 4684:  *dest = 0;
        -: 4685:}
        -: 4686:
        -: 4687:/* Allocate enough column info suitable for the current number of
        -: 4688:   files and display columns, and initialize the info to represent the
        -: 4689:   narrowest possible columns.  */
       79: 4690:
        -: 4691:static void
        -: 4692:init_column_info (void)
       79: 4693:{
        -: 4694:  size_t i;
        -: 4695:  size_t max_cols = MIN (max_idx, cwd_n_used);
        -: 4696:
        -: 4697:  /* Currently allocated columns in column_info.  */
       79: 4698:  static size_t column_info_alloc;
        -: 4699:
        -: 4700:  if (column_info_alloc < max_cols)
        -: 4701:    {
        -: 4702:      size_t new_column_info_alloc;
       79: 4703:      size_t *p;
        -: 4704:
        -: 4705:      if (max_cols < max_idx / 2)
        -: 4706:        {
        -: 4707:          /* The number of columns is far less than the display width
        -: 4708:             allows.  Grow the allocation, but only so that it's
        -: 4709:             double the current requirements.  If the display is
      100: 4710:             extremely wide, this avoids allocating a lot of memory
        -: 4711:             that is never needed.  */
       50: 4712:          column_info = xnrealloc (column_info, max_cols,
        -: 4713:                                   2 * sizeof *column_info);
        -: 4714:          new_column_info_alloc = 2 * max_cols;
        -: 4715:        }
       58: 4716:      else
       29: 4717:        {
        -: 4718:          column_info = xnrealloc (column_info, max_idx, sizeof *column_info);
        -: 4719:          new_column_info_alloc = max_idx;
        -: 4720:        }
        -: 4721:
        -: 4722:      /* Allocate the new size_t objects by computing the triangle
        -: 4723:         formula n * (n + 1) / 2, except that we don't need to
        -: 4724:         allocate the part of the triangle that we've already
       79: 4725:         allocated.  Check for address arithmetic overflow.  */
       79: 4726:      {
       79: 4727:        size_t column_info_growth = new_column_info_alloc - column_info_alloc;
       79: 4728:        size_t s = column_info_alloc + 1 + new_column_info_alloc;
    #####: 4729:        size_t t = s * column_info_growth;
      158: 4730:        if (s < new_column_info_alloc || t / column_info_growth != s)
        -: 4731:          xalloc_die ();
        -: 4732:        p = xnmalloc (t / 2, sizeof *p);
        -: 4733:      }
     1858: 4734:
        -: 4735:      /* Grow the triangle by parceling out the cells just allocated.  */
     1779: 4736:      for (i = column_info_alloc; i < new_column_info_alloc; i++)
     1779: 4737:        {
        -: 4738:          column_info[i].col_arr = p;
        -: 4739:          p += i + 1;
       79: 4740:        }
        -: 4741:
        -: 4742:      column_info_alloc = new_column_info_alloc;
     1558: 4743:    }
        -: 4744:
        -: 4745:  for (i = 0; i < max_cols; ++i)
        -: 4746:    {
     1479: 4747:      size_t j;
     1479: 4748:
    27648: 4749:      column_info[i].valid_len = true;
    26169: 4750:      column_info[i].line_len = (i + 1) * MIN_COLUMN_WIDTH;
        -: 4751:      for (j = 0; j <= i; ++j)
       79: 4752:        column_info[i].col_arr[j] = MIN_COLUMN_WIDTH;
        -: 4753:    }
        -: 4754:}
        -: 4755:
        -: 4756:/* Calculate the number of columns needed to represent the current set
        -: 4757:   of files in the current display width.  */
       79: 4758:
        -: 4759:static size_t
        -: 4760:calculate_columns (bool by_columns)
        -: 4761:{
        -: 4762:  size_t filesno;		/* Index into cwd_file.  */
        -: 4763:  size_t cols;			/* Number of files across.  */
        -: 4764:
        -: 4765:  /* Normally the maximum number of columns is determined by the
       79: 4766:     screen width.  But if few files are available this might limit it
        -: 4767:     as well.  */
       79: 4768:  size_t max_cols = MIN (max_idx, cwd_n_used);
        -: 4769:
        -: 4770:  init_column_info ();
    12432: 4771:
        -: 4772:  /* Compute the maximum number of possible columns.  */
    12353: 4773:  for (filesno = 0; filesno < cwd_n_used; ++filesno)
    12353: 4774:    {
        -: 4775:      struct fileinfo const *f = sorted_file[filesno];
        -: 4776:      size_t name_length = length_of_file_name_and_frills (f);
   506589: 4777:      size_t i;
        -: 4778:
   494236: 4779:      for (i = 0; i < max_cols; ++i)
        -: 4780:        {
   160924: 4781:          if (column_info[i].valid_len)
   160924: 4782:            {
   321848: 4783:              size_t idx = (by_columns
   160924: 4784:                            ? filesno / ((cwd_n_used + i) / (i + 1))
        -: 4785:                            : filesno % (i + 1));
   160924: 4786:              size_t real_length = name_length + (idx == i ? 0 : 2);
        -: 4787:
    34678: 4788:              if (column_info[i].col_arr[idx] < real_length)
    17339: 4789:                {
    17339: 4790:                  column_info[i].line_len += (real_length
    34678: 4791:                                              - column_info[i].col_arr[idx]);
    17339: 4792:                  column_info[i].col_arr[idx] = real_length;
        -: 4793:                  column_info[i].valid_len = (column_info[i].line_len
        -: 4794:                                              < line_length);
        -: 4795:                }
        -: 4796:            }
        -: 4797:        }
        -: 4798:    }
     1073: 4799:
        -: 4800:  /* Find maximum allowed columns.  */
     1137: 4801:  for (cols = max_cols; 1 < cols; --cols)
        -: 4802:    {
        -: 4803:      if (column_info[cols - 1].valid_len)
        -: 4804:        break;
       79: 4805:    }
        -: 4806:
        -: 4807:  return cols;
        -: 4808:}
        3: 4809:
        -: 4810:void
        3: 4811:usage (int status)
    #####: 4812:{
        -: 4813:  if (status != EXIT_SUCCESS)
        -: 4814:    emit_try_help ();
        6: 4815:  else
        3: 4816:    {
        -: 4817:      printf (_("Usage: %s [OPTION]... [FILE]...\n"), program_name);
        -: 4818:      fputs (_("\
        -: 4819:List information about the FILEs (the current directory by default).\n\
        -: 4820:Sort entries alphabetically if none of -cftuvSUX nor --sort is specified.\n\
        3: 4821:"), stdout);
        -: 4822:
        3: 4823:      emit_mandatory_arg_note ();
        -: 4824:
        -: 4825:      fputs (_("\
        -: 4826:  -a, --all                  do not ignore entries starting with .\n\
        -: 4827:  -A, --almost-all           do not list implied . and ..\n\
        -: 4828:      --author               with -l, print the author of each file\n\
        3: 4829:  -b, --escape               print C-style escapes for nongraphic characters\n\
        -: 4830:"), stdout);
        -: 4831:      fputs (_("\
        -: 4832:      --block-size=SIZE      scale sizes by SIZE before printing them; e.g.,\n\
        -: 4833:                               '--block-size=M' prints sizes in units of\n\
        -: 4834:                               1,048,576 bytes; see SIZE format below\n\
        -: 4835:  -B, --ignore-backups       do not list implied entries ending with ~\n\
        -: 4836:  -c                         with -lt: sort by, and show, ctime (time of last\n\
        -: 4837:                               modification of file status information);\n\
        -: 4838:                               with -l: show ctime and sort by name;\n\
        3: 4839:                               otherwise: sort by ctime, newest first\n\
        -: 4840:"), stdout);
        -: 4841:      fputs (_("\
        -: 4842:  -C                         list entries by columns\n\
        -: 4843:      --color[=WHEN]         colorize the output; WHEN can be 'always' (default\
        -: 4844:\n\
        -: 4845:                               if omitted), 'auto', or 'never'; more info below\
        -: 4846:\n\
        -: 4847:  -d, --directory            list directories themselves, not their contents\n\
        3: 4848:  -D, --dired                generate output designed for Emacs' dired mode\n\
        -: 4849:"), stdout);
        -: 4850:      fputs (_("\
        -: 4851:  -f                         do not sort, enable -aU, disable -ls --color\n\
        -: 4852:  -F, --classify             append indicator (one of */=>@|) to entries\n\
        -: 4853:      --file-type            likewise, except do not append '*'\n\
        -: 4854:      --format=WORD          across -x, commas -m, horizontal -x, long -l,\n\
        -: 4855:                               single-column -1, verbose -l, vertical -C\n\
        3: 4856:      --full-time            like -l --time-style=full-iso\n\
        -: 4857:"), stdout);
        -: 4858:      fputs (_("\
        3: 4859:  -g                         like -l, but do not list owner\n\
        -: 4860:"), stdout);
        -: 4861:      fputs (_("\
        -: 4862:      --group-directories-first\n\
        -: 4863:                             group directories before files;\n\
        -: 4864:                               can be augmented with a --sort option, but any\n\
        3: 4865:                               use of --sort=none (-U) disables grouping\n\
        -: 4866:"), stdout);
        -: 4867:      fputs (_("\
        -: 4868:  -G, --no-group             in a long listing, don't print group names\n\
        -: 4869:  -h, --human-readable       with -l and/or -s, print human readable sizes\n\
        -: 4870:                               (e.g., 1K 234M 2G)\n\
        3: 4871:      --si                   likewise, but use powers of 1000 not 1024\n\
        -: 4872:"), stdout);
        -: 4873:      fputs (_("\
        -: 4874:  -H, --dereference-command-line\n\
        -: 4875:                             follow symbolic links listed on the command line\n\
        -: 4876:      --dereference-command-line-symlink-to-dir\n\
        -: 4877:                             follow each command line symbolic link\n\
        -: 4878:                               that points to a directory\n\
        -: 4879:      --hide=PATTERN         do not list implied entries matching shell PATTERN\
        -: 4880:\n\
        3: 4881:                               (overridden by -a or -A)\n\
        -: 4882:"), stdout);
        -: 4883:      fputs (_("\
        -: 4884:      --indicator-style=WORD  append indicator with style WORD to entry names:\
        -: 4885:\n\
        -: 4886:                               none (default), slash (-p),\n\
        -: 4887:                               file-type (--file-type), classify (-F)\n\
        -: 4888:  -i, --inode                print the index number of each file\n\
        -: 4889:  -I, --ignore=PATTERN       do not list implied entries matching shell PATTERN\
        -: 4890:\n\
        3: 4891:  -k, --kibibytes            default to 1024-byte blocks for disk usage\n\
        -: 4892:"), stdout);
        -: 4893:      fputs (_("\
        -: 4894:  -l                         use a long listing format\n\
        -: 4895:  -L, --dereference          when showing file information for a symbolic\n\
        -: 4896:                               link, show information for the file the link\n\
        -: 4897:                               references rather than for the link itself\n\
        -: 4898:  -m                         fill width with a comma separated list of entries\
        3: 4899:\n\
        -: 4900:"), stdout);
        -: 4901:      fputs (_("\
        -: 4902:  -n, --numeric-uid-gid      like -l, but list numeric user and group IDs\n\
        -: 4903:  -N, --literal              print raw entry names (don't treat e.g. control\n\
        -: 4904:                               characters specially)\n\
        -: 4905:  -o                         like -l, but do not list group information\n\
        -: 4906:  -p, --indicator-style=slash\n\
        3: 4907:                             append / indicator to directories\n\
        -: 4908:"), stdout);
        -: 4909:      fputs (_("\
        -: 4910:  -q, --hide-control-chars   print ? instead of nongraphic characters\n\
        -: 4911:      --show-control-chars   show nongraphic characters as-is (the default,\n\
        -: 4912:                               unless program is 'ls' and output is a terminal)\
        -: 4913:\n\
        -: 4914:  -Q, --quote-name           enclose entry names in double quotes\n\
        -: 4915:      --quoting-style=WORD   use quoting style WORD for entry names:\n\
        -: 4916:                               literal, locale, shell, shell-always,\n\
        3: 4917:                               shell-escape, shell-escape-always, c, escape\n\
        -: 4918:"), stdout);
        -: 4919:      fputs (_("\
        -: 4920:  -r, --reverse              reverse order while sorting\n\
        -: 4921:  -R, --recursive            list subdirectories recursively\n\
        3: 4922:  -s, --size                 print the allocated size of each file, in blocks\n\
        -: 4923:"), stdout);
        -: 4924:      fputs (_("\
        -: 4925:  -S                         sort by file size, largest first\n\
        -: 4926:      --sort=WORD            sort by WORD instead of name: none (-U), size (-S)\
        -: 4927:,\n\
        -: 4928:                               time (-t), version (-v), extension (-X)\n\
        -: 4929:      --time=WORD            with -l, show time as WORD instead of default\n\
        -: 4930:                               modification time: atime or access or use (-u);\
        -: 4931:\n\
        -: 4932:                               ctime or status (-c); also use specified time\n\
        3: 4933:                               as sort key if --sort=time (newest first)\n\
        -: 4934:"), stdout);
        -: 4935:      fputs (_("\
        -: 4936:      --time-style=STYLE     with -l, show times using style STYLE:\n\
        -: 4937:                               full-iso, long-iso, iso, locale, or +FORMAT;\n\
        -: 4938:                               FORMAT is interpreted like in 'date'; if FORMAT\
        -: 4939:\n\
        -: 4940:                               is FORMAT1<newline>FORMAT2, then FORMAT1 applies\
        -: 4941:\n\
        -: 4942:                               to non-recent files and FORMAT2 to recent files;\
        -: 4943:\n\
        -: 4944:                               if STYLE is prefixed with 'posix-', STYLE\n\
        3: 4945:                               takes effect only outside the POSIX locale\n\
        -: 4946:"), stdout);
        -: 4947:      fputs (_("\
        -: 4948:  -t                         sort by modification time, newest first\n\
        3: 4949:  -T, --tabsize=COLS         assume tab stops at each COLS instead of 8\n\
        -: 4950:"), stdout);
        -: 4951:      fputs (_("\
        -: 4952:  -u                         with -lt: sort by, and show, access time;\n\
        -: 4953:                               with -l: show access time and sort by name;\n\
        -: 4954:                               otherwise: sort by access time, newest first\n\
        -: 4955:  -U                         do not sort; list entries in directory order\n\
        3: 4956:  -v                         natural sort of (version) numbers within text\n\
        -: 4957:"), stdout);
        -: 4958:      fputs (_("\
        -: 4959:  -w, --width=COLS           set output width to COLS.  0 means no limit\n\
        -: 4960:  -x                         list entries by lines instead of by columns\n\
        -: 4961:  -X                         sort alphabetically by entry extension\n\
        -: 4962:  -Z, --context              print any security context of each file\n\
        -: 4963:  -1                         list one file per line.  Avoid '\\n' with -q or -b\
        3: 4964:\n\
        3: 4965:"), stdout);
        3: 4966:      fputs (HELP_OPTION_DESCRIPTION, stdout);
        3: 4967:      fputs (VERSION_OPTION_DESCRIPTION, stdout);
        -: 4968:      emit_size_note ();
        -: 4969:      fputs (_("\
        -: 4970:\n\
        -: 4971:Using color to distinguish file types is disabled both by default and\n\
        -: 4972:with --color=never.  With --color=auto, ls emits color codes only when\n\
        -: 4973:standard output is connected to a terminal.  The LS_COLORS environment\n\
        3: 4974:variable can change the settings.  Use the dircolors command to set it.\n\
        -: 4975:"), stdout);
        -: 4976:      fputs (_("\
        -: 4977:\n\
        -: 4978:Exit status:\n\
        -: 4979: 0  if OK,\n\
        -: 4980: 1  if minor problems (e.g., cannot access subdirectory),\n\
        3: 4981: 2  if serious trouble (e.g., cannot access command-line argument).\n\
        -: 4982:"), stdout);
        3: 4983:      emit_ancillary_info (PROGRAM_NAME);
        -: 4984:    }
        -: 4985:  exit (status);
        -: 4986:}
