        -:    0:Source:src/cat.c
        -:    0:Graph:cat.gcno
        -:    0:Data:cat.gcda
        -:    0:Runs:1563360
        -:    0:Programs:1
        -:    1:/*EOF*/
        -:    2:/*EOF*/
        -:    3:/*EOF*/
        -:    4:/*EOF*/
        -:    5:/*EOF*/
        -:    6:/*EOF*/
        -:    7:/*EOF*/
        -:    8:/*EOF*/
        -:    9:/*EOF*/
        -:   10:/*EOF*/
        -:   11:/*EOF*/
        -:   12:/*EOF*/
        -:   13:/*EOF*/
        -:   14:/*EOF*/
        -:   15:/*EOF*/
        -:   16:/*EOF*/
        -:   17:/*EOF*/
        -:   18:/*EOF*/
        -:   19:/*EOF*/
        -:   20:/*EOF*/
        -:   21:/*EOF*/
        -:   22:/*EOF*/
        -:   23:/*EOF*/
        -:   24:/*EOF*/
        -:   25:/*EOF*/
        -:   26:/*EOF*/
        -:   27:/*EOF*/
        -:   28:/*EOF*/
        -:   29:/*EOF*/
        -:   30:/*EOF*/
        -:   31:/*EOF*/
        -:   32:/*EOF*/
        -:   33:/*EOF*/
        -:   34:/*EOF*/
        -:   35:/*EOF*/
        -:   36:/*EOF*/
        -:   37:/*EOF*/
        -:   38:/*EOF*/
        -:   39:/*EOF*/
        -:   40:/*EOF*/
        -:   41:/*EOF*/
        -:   42:/*EOF*/
        -:   43:/*EOF*/
        -:   44:/*EOF*/
        -:   45:/*EOF*/
        -:   46:/*EOF*/
        -:   47:/*EOF*/
        -:   48:/*EOF*/
        -:   49:/*EOF*/
        -:   50:/*EOF*/
        -:   51:/*EOF*/
        -:   52:/*EOF*/
        -:   53:/*EOF*/
        -:   54:/*EOF*/
        -:   55:/*EOF*/
        -:   56:/*EOF*/
        -:   57:/*EOF*/
        -:   58:/*EOF*/
        -:   59:/*EOF*/
        -:   60:/*EOF*/
        -:   61:/*EOF*/
        -:   62:/*EOF*/
        -:   63:/*EOF*/
        -:   64:/*EOF*/
        -:   65:/*EOF*/
        -:   66:/*EOF*/
        -:   67:/*EOF*/
        -:   68:/*EOF*/
        -:   69:/*EOF*/
        -:   70:/*EOF*/
        -:   71:/*EOF*/
        -:   72:/*EOF*/
        -:   73:/*EOF*/
        -:   74:/*EOF*/
        -:   75:/*EOF*/
        -:   76:/*EOF*/
        -:   77:/*EOF*/
        -:   78:/*EOF*/
        -:   79:/*EOF*/
        -:   80:/*EOF*/
        -:   81:/*EOF*/
        -:   82:/*EOF*/
   117172:   83:/*EOF*/
        -:   84:/*EOF*/
   117172:   85:/*EOF*/
   115007:   86:/*EOF*/
        -:   87:/*EOF*/
        -:   88:/*EOF*/
     4330:   89:/*EOF*/
        -:   90:/*EOF*/
        -:   91:/*EOF*/
        -:   92:/*EOF*/
     2165:   93:/*EOF*/
        -:   94:/*EOF*/
        -:   95:/*EOF*/
        -:   96:/*EOF*/
     2165:   97:/*EOF*/
        -:   98:/*EOF*/
     2165:   99:/*EOF*/
        -:  100:/*EOF*/
        -:  101:/*EOF*/
        -:  102:/*EOF*/
        -:  103:/*EOF*/
        -:  104:/*EOF*/
        -:  105:/*EOF*/
        -:  106:/*EOF*/
        -:  107:/*EOF*/
     2165:  108:/*EOF*/
        -:  109:/*EOF*/
        -:  110:/*EOF*/
        -:  111:/*EOF*/
        -:  112:/*EOF*/
        -:  113:/*EOF*/
     2165:  114:/*EOF*/
     2165:  115:/*EOF*/
     4330:  116:/*EOF*/
        -:  117:/*EOF*/
        -:  118:/*EOF*/
        -:  119:/*EOF*/
        -:  120:/*EOF*/
        -:  121:/*EOF*/
        -:  122:/*EOF*/
     2165:  123:/*EOF*/
        -:  124:/*EOF*/
   117172:  125:/*EOF*/
        -:  126:/*EOF*/
        -:  127:/*EOF*/
        -:  128:/*EOF*/
        -:  129:/*EOF*/
        -:  130:/*EOF*/
  1925311:  131:/*EOF*/
        -:  132:/*EOF*/
  1925311:  133:/*EOF*/
        -:  134:/*EOF*/
        -:  135:/*EOF*/
  2134285:  136:/*EOF*/
        -:  137:/*EOF*/
   211744:  138:/*EOF*/
        -:  139:/*EOF*/
   211744:  140:/*EOF*/
     2770:  141:/*EOF*/
     2770:  142:/*EOF*/
        -:  143:/*EOF*/
    #####:  144:/*EOF*/
     2770:  145:/*EOF*/
    #####:  146:/*EOF*/
        -:  147:/*EOF*/
        -:  148:/*EOF*/
        -:  149:/*EOF*/
        -:  150:/*EOF*/
        -:  151:/*EOF*/
        -:  152:/*EOF*/
   465067:  153:/*EOF*/
        -:  154:/*EOF*/
        -:  155:/*EOF*/
        -:  156:/*EOF*/
        -:  157:/*EOF*/
        -:  158:/*EOF*/
        -:  159:/*EOF*/
        -:  160:/*EOF*/
        -:  161:/*EOF*/
        -:  162:/*EOF*/
        -:  163:/*EOF*/
        -:  164:/*EOF*/
        -:  165:/*EOF*/
        -:  166:/*EOF*/
        -:  167:/*EOF*/
        -:  168:/*EOF*/
        -:  169:/*EOF*/
   510092:  170:/*EOF*/
   510092:  171:/*EOF*/
        -:  172:/*EOF*/
    44056:  173:/*EOF*/
    44056:  174:/*EOF*/
        -:  175:/*EOF*/
        -:  176:/*EOF*/
        -:  177:/*EOF*/
        -:  178:/*EOF*/
   466036:  179:/*EOF*/
        -:  180:/*EOF*/
        -:  181:/*EOF*/
        -:  182:/*EOF*/
        -:  183:/*EOF*/
        -:  184:/*EOF*/
        -:  185:/*EOF*/
    45025:  186:/*EOF*/
    45025:  187:/*EOF*/
    #####:  188:/*EOF*/
        -:  189:/*EOF*/
        -:  190:/*EOF*/
        -:  191:/*EOF*/
        -:  192:/*EOF*/
        -:  193:/*EOF*/
        -:  194:/*EOF*/
        -:  195:/*EOF*/
        -:  196:/*EOF*/
        -:  197:/*EOF*/
    32470:  198:/*EOF*/
        -:  199:/*EOF*/
    32470:  200:/*EOF*/
    32470:  201:/*EOF*/
        -:  202:/*EOF*/
     2138:  203:/*EOF*/
    #####:  204:/*EOF*/
     2138:  205:/*EOF*/
        -:  206:/*EOF*/
    32470:  207:/*EOF*/
        -:  208:/*EOF*/
        -:  209:/*EOF*/
        -:  210:/*EOF*/
        -:  211:/*EOF*/
        -:  212:/*EOF*/
        -:  213:/*EOF*/
        -:  214:/*EOF*/
        -:  215:/*EOF*/
        -:  216:/*EOF*/
    16235:  217:/*EOF*/
        -:  218:/*EOF*/
        -:  219:/*EOF*/
        -:  220:/*EOF*/
        -:  221:/*EOF*/
        -:  222:/*EOF*/
        -:  223:/*EOF*/
        -:  224:/*EOF*/
        -:  225:/*EOF*/
        -:  226:/*EOF*/
        -:  227:/*EOF*/
        -:  228:/*EOF*/
        -:  229:/*EOF*/
        -:  230:/*EOF*/
        -:  231:/*EOF*/
        -:  232:/*EOF*/
        -:  233:/*EOF*/
        -:  234:/*EOF*/
        -:  235:/*EOF*/
        -:  236:/*EOF*/
        -:  237:/*EOF*/
        -:  238:/*EOF*/
        -:  239:/*EOF*/
        -:  240:/*EOF*/
        -:  241:/*EOF*/
        -:  242:/*EOF*/
        -:  243:/*EOF*/
        -:  244:/*EOF*/
        -:  245:/*EOF*/
        -:  246:/*EOF*/
        -:  247:/*EOF*/
        -:  248:/*EOF*/
        -:  249:/*EOF*/
        -:  250:/*EOF*/
        -:  251:/*EOF*/
        -:  252:/*EOF*/
        -:  253:/*EOF*/
        -:  254:/*EOF*/
        -:  255:/*EOF*/
        -:  256:/*EOF*/
        -:  257:/*EOF*/
        -:  258:/*EOF*/
    16235:  259:/*EOF*/
        -:  260:/*EOF*/
        -:  261:/*EOF*/
        -:  262:/*EOF*/
        -:  263:/*EOF*/
    16235:  264:/*EOF*/
        -:  265:/*EOF*/
        -:  266:/*EOF*/
        -:  267:/*EOF*/
        -:  268:/*EOF*/
        -:  269:/*EOF*/
    16235:  270:/*EOF*/
    16235:  271:/*EOF*/
        -:  272:/*EOF*/
    16235:  273:/*EOF*/
        -:  274:/*EOF*/
        -:  275:/*EOF*/
        -:  276:/*EOF*/
        -:  277:/*EOF*/
        -:  278:/*EOF*/
        -:  279:/*EOF*/
        -:  280:/*EOF*/
  2874526:  281:/*EOF*/
        -:  282:/*EOF*/
        -:  283:/*EOF*/
        -:  284:/*EOF*/
        -:  285:/*EOF*/
        -:  286:/*EOF*/
    18272:  287:/*EOF*/
    #####:  288:/*EOF*/
    18272:  289:/*EOF*/
    18272:  290:/*EOF*/
        -:  291:/*EOF*/
    18272:  292:/*EOF*/
        -:  293:/*EOF*/
        -:  294:/*EOF*/
        -:  295:/*EOF*/
        -:  296:/*EOF*/
    18272:  297:/*EOF*/
    18272:  298:/*EOF*/
        -:  299:/*EOF*/
        -:  300:/*EOF*/
        -:  301:/*EOF*/
        -:  302:/*EOF*/
  2874526:  303:/*EOF*/
        -:  304:/*EOF*/
    30398:  305:/*EOF*/
        -:  306:/*EOF*/
    30398:  307:/*EOF*/
        -:  308:/*EOF*/
        -:  309:/*EOF*/
        -:  310:/*EOF*/
        -:  311:/*EOF*/
        -:  312:/*EOF*/
    30398:  313:/*EOF*/
    30398:  314:/*EOF*/
        -:  315:/*EOF*/
        -:  316:/*EOF*/
        -:  317:/*EOF*/
        -:  318:/*EOF*/
        -:  319:/*EOF*/
        -:  320:/*EOF*/
        -:  321:/*EOF*/
     8837:  322:/*EOF*/
    #####:  323:/*EOF*/
    #####:  324:/*EOF*/
        -:  325:/*EOF*/
        -:  326:/*EOF*/
        -:  327:/*EOF*/
    #####:  328:/*EOF*/
        -:  329:/*EOF*/
    #####:  330:/*EOF*/
    16235:  331:/*EOF*/
        -:  332:/*EOF*/
        -:  333:/*EOF*/
    30398:  334:/*EOF*/
    14163:  335:/*EOF*/
        -:  336:/*EOF*/
        -:  337:/*EOF*/
    30398:  338:/*EOF*/
    16235:  339:/*EOF*/
        -:  340:/*EOF*/
        -:  341:/*EOF*/
        -:  342:/*EOF*/
    30398:  343:/*EOF*/
    30398:  344:/*EOF*/
        -:  345:/*EOF*/
     8837:  346:/*EOF*/
     8837:  347:/*EOF*/
     8837:  348:/*EOF*/
     8837:  349:/*EOF*/
        -:  350:/*EOF*/
    21561:  351:/*EOF*/
        -:  352:/*EOF*/
     7398:  353:/*EOF*/
     7398:  354:/*EOF*/
     7398:  355:/*EOF*/
        -:  356:/*EOF*/
        -:  357:/*EOF*/
        -:  358:/*EOF*/
        -:  359:/*EOF*/
        -:  360:/*EOF*/
    14163:  361:/*EOF*/
    14163:  362:/*EOF*/
    14163:  363:/*EOF*/
        -:  364:/*EOF*/
        -:  365:/*EOF*/
        -:  366:/*EOF*/
        -:  367:/*EOF*/
        -:  368:/*EOF*/
        -:  369:/*EOF*/
        -:  370:/*EOF*/
        -:  371:/*EOF*/
  2844128:  372:/*EOF*/
        -:  373:/*EOF*/
    14367:  374:/*EOF*/
        -:  375:/*EOF*/
        -:  376:/*EOF*/
        -:  377:/*EOF*/
        -:  378:/*EOF*/
    #####:  379:/*EOF*/
        -:  380:/*EOF*/
        -:  381:/*EOF*/
        -:  382:/*EOF*/
        -:  383:/*EOF*/
    #####:  384:/*EOF*/
        -:  385:/*EOF*/
    #####:  386:/*EOF*/
    #####:  387:/*EOF*/
        -:  388:/*EOF*/
        -:  389:/*EOF*/
        -:  390:/*EOF*/
        -:  391:/*EOF*/
        -:  392:/*EOF*/
    14367:  393:/*EOF*/
        -:  394:/*EOF*/
     7548:  395:/*EOF*/
    15096:  396:/*EOF*/
        -:  397:/*EOF*/
        -:  398:/*EOF*/
        -:  399:/*EOF*/
        -:  400:/*EOF*/
        -:  401:/*EOF*/
  2844128:  402:/*EOF*/
   315476:  403:/*EOF*/
        -:  404:/*EOF*/
        -:  405:/*EOF*/
        -:  406:/*EOF*/
  2844128:  407:/*EOF*/
        -:  408:/*EOF*/
  2858291:  409:/*EOF*/
        -:  410:/*EOF*/
  2858291:  411:/*EOF*/
        -:  412:/*EOF*/
        -:  413:/*EOF*/
        -:  414:/*EOF*/
  2843924:  415:/*EOF*/
        -:  416:/*EOF*/
  1917763:  417:/*EOF*/
  3835526:  418:/*EOF*/
        -:  419:/*EOF*/
        -:  420:/*EOF*/
        -:  421:/*EOF*/
        -:  422:/*EOF*/
        -:  423:/*EOF*/
        -:  424:/*EOF*/
        -:  425:/*EOF*/
        -:  426:/*EOF*/
        -:  427:/*EOF*/
        -:  428:/*EOF*/
  2843924:  429:/*EOF*/
        -:  430:/*EOF*/
        -:  431:/*EOF*/
        -:  432:/*EOF*/
865809473:  433:/*EOF*/
        -:  434:/*EOF*/
442285974:  435:/*EOF*/
267114856:  436:/*EOF*/
175171118:  437:/*EOF*/
        -:  438:/*EOF*/
  1075028:  439:/*EOF*/
  1075028:  440:/*EOF*/
        -:  441:/*EOF*/
        -:  442:/*EOF*/
        -:  443:/*EOF*/
174096090:  444:/*EOF*/
174096090:  445:/*EOF*/
174096090:  446:/*EOF*/
        -:  447:/*EOF*/
100951209:  448:/*EOF*/
 81441106:  449:/*EOF*/
        -:  450:/*EOF*/
        -:  451:/*EOF*/
 19510103:  452:/*EOF*/
 19510103:  453:/*EOF*/
        -:  454:/*EOF*/
        -:  455:/*EOF*/
        -:  456:/*EOF*/
        -:  457:/*EOF*/
 73144881:  458:/*EOF*/
 73144881:  459:/*EOF*/
        -:  460:/*EOF*/
        -:  461:/*EOF*/
        -:  462:/*EOF*/
423523499:  463:/*EOF*/
  1066802:  464:/*EOF*/
422456697:  465:/*EOF*/
        -:  466:/*EOF*/
        -:  467:/*EOF*/
        -:  468:/*EOF*/
        -:  469:/*EOF*/
        -:  470:/*EOF*/
        -:  471:/*EOF*/
420990968:  472:/*EOF*/
420990968:  473:/*EOF*/
        -:  474:/*EOF*/
        -:  475:/*EOF*/
864343744:  476:/*EOF*/
864343744:  477:/*EOF*/
        -:  478:/*EOF*/
        -:  479:/*EOF*/
        -:  480:/*EOF*/
        -:  481:/*EOF*/
        -:  482:/*EOF*/
        -:  483:/*EOF*/
810885379:  484:/*EOF*/
        -:  485:/*EOF*/
   443170:  486:/*EOF*/
   443170:  487:/*EOF*/
        -:  488:/*EOF*/
810442209:  489:/*EOF*/
809064014:  490:/*EOF*/
        -:  491:/*EOF*/
        -:  492:/*EOF*/
        -:  493:/*EOF*/
        -:  494:/*EOF*/
        -:  495:/*EOF*/
        -:  496:/*EOF*/
809507184:  497:/*EOF*/
809507184:  498:/*EOF*/
        -:  499:/*EOF*/
        -:  500:/*EOF*/
        -:  501:/*EOF*/
        -:  502:/*EOF*/
        -:  503:/*EOF*/
  1563360:  504:/*EOF*/
        -:  505:/*EOF*/
        -:  506:/*EOF*/
  1563360:  507:/*EOF*/
        -:  508:/*EOF*/
        -:  509:/*EOF*/
        -:  510:/*EOF*/
        -:  511:/*EOF*/
        -:  512:/*EOF*/
  1563360:  513:/*EOF*/
        -:  514:/*EOF*/
        -:  515:/*EOF*/
        -:  516:/*EOF*/
        -:  517:/*EOF*/
        -:  518:/*EOF*/
        -:  519:/*EOF*/
        -:  520:/*EOF*/
  1563360:  521:/*EOF*/
        -:  522:/*EOF*/
        -:  523:/*EOF*/
        -:  524:/*EOF*/
        -:  525:/*EOF*/
        -:  526:/*EOF*/
        -:  527:/*EOF*/
        -:  528:/*EOF*/
        -:  529:/*EOF*/
        -:  530:/*EOF*/
        -:  531:/*EOF*/
        -:  532:/*EOF*/
        -:  533:/*EOF*/
        -:  534:/*EOF*/
        -:  535:/*EOF*/
        -:  536:/*EOF*/
  1563360:  537:/*EOF*/
        -:  538:/*EOF*/
        -:  539:/*EOF*/
        -:  540:/*EOF*/
        -:  541:/*EOF*/
  1563360:  542:/*EOF*/
  1563360:  543:/*EOF*/
  1563360:  544:/*EOF*/
  1563360:  545:/*EOF*/
  1563360:  546:/*EOF*/
  1563360:  547:/*EOF*/
  1563360:  548:/*EOF*/
        -:  549:/*EOF*/
        -:  550:/*EOF*/
        -:  551:/*EOF*/
        -:  552:/*EOF*/
        -:  553:/*EOF*/
        -:  554:/*EOF*/
        -:  555:/*EOF*/
        -:  556:/*EOF*/
        -:  557:/*EOF*/
        -:  558:/*EOF*/
        -:  559:/*EOF*/
        -:  560:/*EOF*/
        -:  561:/*EOF*/
        -:  562:/*EOF*/
        -:  563:/*EOF*/
        -:  564:/*EOF*/
  1563360:  565:/*EOF*/
  1563360:  566:/*EOF*/
  1563360:  567:/*EOF*/
  1563360:  568:/*EOF*/
        -:  569:/*EOF*/
        -:  570:/*EOF*/
        -:  571:/*EOF*/
        -:  572:/*EOF*/
        -:  573:/*EOF*/
  1563360:  574:/*EOF*/
        -:  575:/*EOF*/
        -:  576:/*EOF*/
        -:  577:/*EOF*/
  3568963:  578:/*EOF*/
        -:  579:/*EOF*/
        -:  580:/*EOF*/
   560843:  581:/*EOF*/
        -:  582:/*EOF*/
        -:  583:/*EOF*/
    17197:  584:/*EOF*/
    17197:  585:/*EOF*/
    17197:  586:/*EOF*/
        -:  587:/*EOF*/
        -:  588:/*EOF*/
    67389:  589:/*EOF*/
    67389:  590:/*EOF*/
    67389:  591:/*EOF*/
        -:  592:/*EOF*/
        -:  593:/*EOF*/
   233561:  594:/*EOF*/
   233561:  595:/*EOF*/
        -:  596:/*EOF*/
        -:  597:/*EOF*/
    27244:  598:/*EOF*/
    27244:  599:/*EOF*/
        -:  600:/*EOF*/
        -:  601:/*EOF*/
     2838:  602:/*EOF*/
     2838:  603:/*EOF*/
     2838:  604:/*EOF*/
        -:  605:/*EOF*/
        -:  606:/*EOF*/
        -:  607:/*EOF*/
        -:  608:/*EOF*/
        -:  609:/*EOF*/
        -:  610:/*EOF*/
    69874:  611:/*EOF*/
    69874:  612:/*EOF*/
        -:  613:/*EOF*/
        -:  614:/*EOF*/
    11931:  615:/*EOF*/
    11931:  616:/*EOF*/
    11931:  617:/*EOF*/
    11931:  618:/*EOF*/
        -:  619:/*EOF*/
        -:  620:/*EOF*/
     3631:  621:/*EOF*/
     3631:  622:/*EOF*/
        -:  623:/*EOF*/
        -:  624:/*EOF*/
     4639:  625:/*EOF*/
     4639:  626:/*EOF*/
        -:  627:/*EOF*/
     2165:  628:/*EOF*/
        -:  629:/*EOF*/
     1428:  630:/*EOF*/
        -:  631:/*EOF*/
        -:  632:/*EOF*/
   115007:  633:/*EOF*/
        -:  634:/*EOF*/
        -:  635:/*EOF*/
        -:  636:/*EOF*/
        -:  637:/*EOF*/
        -:  638:/*EOF*/
  1444760:  639:/*EOF*/
    #####:  640:/*EOF*/
        -:  641:/*EOF*/
  2889520:  642:/*EOF*/
  1444760:  643:/*EOF*/
  1444760:  644:/*EOF*/
  1444760:  645:/*EOF*/
        -:  646:/*EOF*/
  1444760:  647:/*EOF*/
        -:  648:/*EOF*/
        -:  649:/*EOF*/
        -:  650:/*EOF*/
        -:  651:/*EOF*/
        -:  652:/*EOF*/
        -:  653:/*EOF*/
        -:  654:/*EOF*/
        -:  655:/*EOF*/
        -:  656:/*EOF*/
        -:  657:/*EOF*/
  1444760:  658:/*EOF*/
  1444760:  659:/*EOF*/
        -:  660:/*EOF*/
        -:  661:/*EOF*/
        -:  662:/*EOF*/
  4662997:  663:/*EOF*/
  4249826:  664:/*EOF*/
        -:  665:/*EOF*/
  4662997:  666:/*EOF*/
        -:  667:/*EOF*/
   420286:  668:/*EOF*/
   420286:  669:/*EOF*/
        -:  670:/*EOF*/
        -:  671:/*EOF*/
        -:  672:/*EOF*/
        -:  673:/*EOF*/
        -:  674:/*EOF*/
  8485422:  675:/*EOF*/
  4242711:  676:/*EOF*/
        -:  677:/*EOF*/
  4181695:  678:/*EOF*/
  4181695:  679:/*EOF*/
  4181695:  680:/*EOF*/
        -:  681:/*EOF*/
        -:  682:/*EOF*/
        -:  683:/*EOF*/
   962604:  684:/*EOF*/
        -:  685:/*EOF*/
    #####:  686:/*EOF*/
    #####:  687:/*EOF*/
    #####:  688:/*EOF*/
        -:  689:/*EOF*/
   962604:  690:/*EOF*/
        -:  691:/*EOF*/
   481302:  692:/*EOF*/
        -:  693:/*EOF*/
        -:  694:/*EOF*/
        -:  695:/*EOF*/
        -:  696:/*EOF*/
        -:  697:/*EOF*/
   481302:  698:/*EOF*/
    #####:  699:/*EOF*/
    #####:  700:/*EOF*/
        -:  701:/*EOF*/
    #####:  702:/*EOF*/
    #####:  703:/*EOF*/
    #####:  704:/*EOF*/
        -:  705:/*EOF*/
        -:  706:/*EOF*/
        -:  707:/*EOF*/
        -:  708:/*EOF*/
        -:  709:/*EOF*/
   949256:  710:/*EOF*/
   475138:  711:/*EOF*/
        -:  712:/*EOF*/
   465067:  713:/*EOF*/
   465067:  714:/*EOF*/
        -:  715:/*EOF*/
   465067:  716:/*EOF*/
        -:  717:/*EOF*/
        -:  718:/*EOF*/
        -:  719:/*EOF*/
    16235:  720:/*EOF*/
        -:  721:/*EOF*/
        -:  722:/*EOF*/
        -:  723:/*EOF*/
        -:  724:/*EOF*/
        -:  725:/*EOF*/
        -:  726:/*EOF*/
        -:  727:/*EOF*/
        -:  728:/*EOF*/
        -:  729:/*EOF*/
        -:  730:/*EOF*/
        -:  731:/*EOF*/
        -:  732:/*EOF*/
        -:  733:/*EOF*/
        -:  734:/*EOF*/
        -:  735:/*EOF*/
        -:  736:/*EOF*/
        -:  737:/*EOF*/
        -:  738:/*EOF*/
        -:  739:/*EOF*/
        -:  740:/*EOF*/
        -:  741:/*EOF*/
        -:  742:/*EOF*/
        -:  743:/*EOF*/
    32470:  744:/*EOF*/
    16235:  745:/*EOF*/
        -:  746:/*EOF*/
    32470:  747:/*EOF*/
    16235:  748:/*EOF*/
        -:  749:/*EOF*/
        -:  750:/*EOF*/
        -:  751:/*EOF*/
    16235:  752:/*EOF*/
        -:  753:/*EOF*/
        -:  754:/*EOF*/
   481302:  755:/*EOF*/
        -:  756:/*EOF*/
        -:  757:/*EOF*/
   481302:  758:/*EOF*/
        -:  759:/*EOF*/
    #####:  760:/*EOF*/
    #####:  761:/*EOF*/
        -:  762:/*EOF*/
        -:  763:/*EOF*/
  4662997:  764:/*EOF*/
        -:  765:/*EOF*/
  1444760:  766:/*EOF*/
    #####:  767:/*EOF*/
        -:  768:/*EOF*/
  1444760:  769:/*EOF*/
