        -:    0:Source:src/echo.c
        -:    0:Graph:echo.gcno
        -:    0:Data:echo.gcda
        -:    0:Runs:3912548
        -:    0:Programs:1
        -:    1:/*EOF*/
        -:    2:/*EOF*/
        -:    3:/*EOF*/
        -:    4:/*EOF*/
        -:    5:/*EOF*/
        -:    6:/*EOF*/
        -:    7:/*EOF*/
        -:    8:/*EOF*/
        -:    9:/*EOF*/
        -:   10:/*EOF*/
        -:   11:/*EOF*/
        -:   12:/*EOF*/
        -:   13:/*EOF*/
        -:   14:/*EOF*/
        -:   15:/*EOF*/
        -:   16:/*EOF*/
        -:   17:/*EOF*/
        -:   18:/*EOF*/
        -:   19:/*EOF*/
        -:   20:/*EOF*/
        -:   21:/*EOF*/
        -:   22:/*EOF*/
        -:   23:/*EOF*/
        -:   24:/*EOF*/
        -:   25:/*EOF*/
        -:   26:/*EOF*/
        -:   27:/*EOF*/
        -:   28:/*EOF*/
        -:   29:/*EOF*/
        -:   30:/*EOF*/
        -:   31:/*EOF*/
        -:   32:/*EOF*/
        -:   33:/*EOF*/
        -:   34:/*EOF*/
        -:   35:/*EOF*/
    #####:   36:/*EOF*/
        -:   37:/*EOF*/
    #####:   38:/*EOF*/
    #####:   39:/*EOF*/
        -:   40:/*EOF*/
        -:   41:/*EOF*/
    #####:   42:/*EOF*/
        -:   43:/*EOF*/
        -:   44:/*EOF*/
        -:   45:/*EOF*/
    #####:   46:/*EOF*/
        -:   47:/*EOF*/
        -:   48:/*EOF*/
        -:   49:/*EOF*/
        -:   50:/*EOF*/
    #####:   51:/*EOF*/
        -:   52:/*EOF*/
        -:   53:/*EOF*/
        -:   54:/*EOF*/
        -:   55:/*EOF*/
        -:   56:/*EOF*/
        -:   57:/*EOF*/
        -:   58:/*EOF*/
    #####:   59:/*EOF*/
    #####:   60:/*EOF*/
    #####:   61:/*EOF*/
        -:   62:/*EOF*/
        -:   63:/*EOF*/
        -:   64:/*EOF*/
        -:   65:/*EOF*/
    #####:   66:/*EOF*/
        -:   67:/*EOF*/
        -:   68:/*EOF*/
        -:   69:/*EOF*/
        -:   70:/*EOF*/
        -:   71:/*EOF*/
        -:   72:/*EOF*/
        -:   73:/*EOF*/
        -:   74:/*EOF*/
        -:   75:/*EOF*/
        -:   76:/*EOF*/
        -:   77:/*EOF*/
    #####:   78:/*EOF*/
        -:   79:/*EOF*/
        -:   80:/*EOF*/
        -:   81:/*EOF*/
    #####:   82:/*EOF*/
    #####:   83:/*EOF*/
        -:   84:/*EOF*/
    #####:   85:/*EOF*/
        -:   86:/*EOF*/
        -:   87:/*EOF*/
        -:   88:/*EOF*/
        -:   89:/*EOF*/
  1333276:   90:/*EOF*/
        -:   91:/*EOF*/
  1333276:   92:/*EOF*/
        -:   93:/*EOF*/
  1250854:   94:/*EOF*/
        -:   95:/*EOF*/
    22448:   96:/*EOF*/
      198:   97:/*EOF*/
      729:   98:/*EOF*/
    44957:   99:/*EOF*/
    13829:  100:/*EOF*/
        -:  101:/*EOF*/
        -:  102:/*EOF*/
        -:  103:/*EOF*/
        -:  104:/*EOF*/
        -:  105:/*EOF*/
        -:  106:/*EOF*/
        -:  107:/*EOF*/
        -:  108:/*EOF*/
  3912548:  109:/*EOF*/
        -:  110:/*EOF*/
  3912548:  111:/*EOF*/
  3912548:  112:/*EOF*/
  3912548:  113:/*EOF*/
  3912548:  114:/*EOF*/
  3912548:  115:/*EOF*/
        -:  116:/*EOF*/
        -:  117:/*EOF*/
        -:  118:/*EOF*/
        -:  119:/*EOF*/
  3912548:  120:/*EOF*/
        -:  121:/*EOF*/
        -:  122:/*EOF*/
  3912548:  123:/*EOF*/
  3912548:  124:/*EOF*/
  3912548:  125:/*EOF*/
  3912548:  126:/*EOF*/
        -:  127:/*EOF*/
  3912548:  128:/*EOF*/
        -:  129:/*EOF*/
        -:  130:/*EOF*/
        -:  131:/*EOF*/
  3912548:  132:/*EOF*/
        -:  133:/*EOF*/
   211550:  134:/*EOF*/
    #####:  135:/*EOF*/
        -:  136:/*EOF*/
   211550:  137:/*EOF*/
        -:  138:/*EOF*/
    #####:  139:/*EOF*/
        -:  140:/*EOF*/
    #####:  141:/*EOF*/
        -:  142:/*EOF*/
        -:  143:/*EOF*/
        -:  144:/*EOF*/
  3912548:  145:/*EOF*/
  3912548:  146:/*EOF*/
        -:  147:/*EOF*/
  3912548:  148:/*EOF*/
  6727867:  149:/*EOF*/
        -:  150:/*EOF*/
  4980991:  151:/*EOF*/
        -:  152:/*EOF*/
        -:  153:/*EOF*/
        -:  154:/*EOF*/
        -:  155:/*EOF*/
        -:  156:/*EOF*/
        -:  157:/*EOF*/
  4980991:  158:/*EOF*/
        -:  159:/*EOF*/
        -:  160:/*EOF*/
        -:  161:/*EOF*/
        -:  162:/*EOF*/
        -:  163:/*EOF*/
        -:  164:/*EOF*/
        -:  165:/*EOF*/
        -:  166:/*EOF*/
  2828922:  167:/*EOF*/
        -:  168:/*EOF*/
        -:  169:/*EOF*/
        -:  170:/*EOF*/
        -:  171:/*EOF*/
  5918229:  172:/*EOF*/
  3102910:  173:/*EOF*/
        -:  174:/*EOF*/
        -:  175:/*EOF*/
  2850317:  176:/*EOF*/
  2850317:  177:/*EOF*/
        -:  178:/*EOF*/
        -:  179:/*EOF*/
     8886:  180:/*EOF*/
     8886:  181:/*EOF*/
        -:  182:/*EOF*/
        -:  183:/*EOF*/
   243707:  184:/*EOF*/
   243707:  185:/*EOF*/
        -:  186:/*EOF*/
        -:  187:/*EOF*/
  2815319:  188:/*EOF*/
  2815319:  189:/*EOF*/
        -:  190:/*EOF*/
        -:  191:/*EOF*/
        -:  192:/*EOF*/
        -:  193:/*EOF*/
  3912548:  194:/*EOF*/
        -:  195:/*EOF*/
 14363712:  196:/*EOF*/
        -:  197:/*EOF*/
 11597744:  198:/*EOF*/
        -:  199:/*EOF*/
        -:  200:/*EOF*/
20212156384:  201:/*EOF*/
        -:  202:/*EOF*/
20188970875:  203:/*EOF*/
        -:  204:/*EOF*/
16166669006:  205:/*EOF*/
        -:  206:/*EOF*/
    48642:  207:/*EOF*/
    35411:  208:/*EOF*/
        -:  209:/*EOF*/
    65310:  210:/*EOF*/
    34649:  211:/*EOF*/
    11271:  212:/*EOF*/
  1972910:  213:/*EOF*/
    12766:  214:/*EOF*/
    23146:  215:/*EOF*/
        -:  216:/*EOF*/
        -:  217:/*EOF*/
  1078213:  218:/*EOF*/
  1078213:  219:/*EOF*/
        -:  220:/*EOF*/
   791515:  221:/*EOF*/
   791515:  222:/*EOF*/
   791515:  223:/*EOF*/
   791515:  224:/*EOF*/
        -:  225:/*EOF*/
   541761:  226:/*EOF*/
   541761:  227:/*EOF*/
        -:  228:/*EOF*/
        -:  229:/*EOF*/
        -:  230:/*EOF*/
        -:  231:/*EOF*/
    42141:  232:/*EOF*/
    42141:  233:/*EOF*/
        -:  234:/*EOF*/
    12501:  235:/*EOF*/
        -:  236:/*EOF*/
        -:  237:/*EOF*/
        -:  238:/*EOF*/
    33593:  239:/*EOF*/
    33593:  240:/*EOF*/
    14948:  241:/*EOF*/
    33593:  242:/*EOF*/
     7672:  243:/*EOF*/
        -:  244:/*EOF*/
        -:  245:/*EOF*/
        -:  246:/*EOF*/
        -:  247:/*EOF*/
        -:  248:/*EOF*/
        -:  249:/*EOF*/
        -:  250:/*EOF*/
20188960896:  251:/*EOF*/
        -:  252:/*EOF*/
 11587765:  253:/*EOF*/
 11587765:  254:/*EOF*/
 11587765:  255:/*EOF*/
        -:  256:/*EOF*/
        -:  257:/*EOF*/
        -:  258:/*EOF*/
        -:  259:/*EOF*/
        -:  260:/*EOF*/
  2801813:  261:/*EOF*/
        -:  262:/*EOF*/
  1665212:  263:/*EOF*/
  1665212:  264:/*EOF*/
  1665212:  265:/*EOF*/
  1665212:  266:/*EOF*/
        -:  267:/*EOF*/
        -:  268:/*EOF*/
        -:  269:/*EOF*/
        -:  270:/*EOF*/
  3902569:  271:/*EOF*/
