        -:    0:Source:src/ls.c
        -:    0:Graph:ls.gcno
        -:    0:Data:ls.gcda
        -:    0:Runs:1566568
        -:    0:Programs:1
        -:    1:/*EOF*/
        -:    2:/*EOF*/
        -:    3:/*EOF*/
        -:    4:/*EOF*/
        -:    5:/*EOF*/
        -:    6:/*EOF*/
        -:    7:/*EOF*/
        -:    8:/*EOF*/
        -:    9:/*EOF*/
        -:   10:/*EOF*/
        -:   11:/*EOF*/
        -:   12:/*EOF*/
        -:   13:/*EOF*/
        -:   14:/*EOF*/
        -:   15:/*EOF*/
        -:   16:/*EOF*/
        -:   17:/*EOF*/
        -:   18:/*EOF*/
        -:   19:/*EOF*/
        -:   20:/*EOF*/
        -:   21:/*EOF*/
        -:   22:/*EOF*/
        -:   23:/*EOF*/
        -:   24:/*EOF*/
        -:   25:/*EOF*/
        -:   26:/*EOF*/
        -:   27:/*EOF*/
        -:   28:/*EOF*/
        -:   29:/*EOF*/
        -:   30:/*EOF*/
        -:   31:/*EOF*/
        -:   32:/*EOF*/
        -:   33:/*EOF*/
        -:   34:/*EOF*/
        -:   35:/*EOF*/
        -:   36:/*EOF*/
        -:   37:/*EOF*/
        -:   38:/*EOF*/
        -:   39:/*EOF*/
        -:   40:/*EOF*/
        -:   41:/*EOF*/
        -:   42:/*EOF*/
        -:   43:/*EOF*/
        -:   44:/*EOF*/
        -:   45:/*EOF*/
        -:   46:/*EOF*/
        -:   47:/*EOF*/
        -:   48:/*EOF*/
        -:   49:/*EOF*/
        -:   50:/*EOF*/
        -:   51:/*EOF*/
        -:   52:/*EOF*/
        -:   53:/*EOF*/
        -:   54:/*EOF*/
        -:   55:/*EOF*/
        -:   56:/*EOF*/
        -:   57:/*EOF*/
        -:   58:/*EOF*/
        -:   59:/*EOF*/
        -:   60:/*EOF*/
        -:   61:/*EOF*/
        -:   62:/*EOF*/
        -:   63:/*EOF*/
        -:   64:/*EOF*/
        -:   65:/*EOF*/
        -:   66:/*EOF*/
        -:   67:/*EOF*/
        -:   68:/*EOF*/
        -:   69:/*EOF*/
        -:   70:/*EOF*/
        -:   71:/*EOF*/
        -:   72:/*EOF*/
        -:   73:/*EOF*/
        -:   74:/*EOF*/
        -:   75:/*EOF*/
        -:   76:/*EOF*/
        -:   77:/*EOF*/
        -:   78:/*EOF*/
        -:   79:/*EOF*/
        -:   80:/*EOF*/
        -:   81:/*EOF*/
        -:   82:/*EOF*/
        -:   83:/*EOF*/
        -:   84:/*EOF*/
        -:   85:/*EOF*/
        -:   86:/*EOF*/
        -:   87:/*EOF*/
        -:   88:/*EOF*/
        -:   89:/*EOF*/
        -:   90:/*EOF*/
        -:   91:/*EOF*/
        -:   92:/*EOF*/
        -:   93:/*EOF*/
        -:   94:/*EOF*/
        -:   95:/*EOF*/
        -:   96:/*EOF*/
        -:   97:/*EOF*/
        -:   98:/*EOF*/
        -:   99:/*EOF*/
        -:  100:/*EOF*/
        -:  101:/*EOF*/
        -:  102:/*EOF*/
        -:  103:/*EOF*/
        -:  104:/*EOF*/
        -:  105:/*EOF*/
        -:  106:/*EOF*/
        -:  107:/*EOF*/
        -:  108:/*EOF*/
        -:  109:/*EOF*/
        -:  110:/*EOF*/
        -:  111:/*EOF*/
        -:  112:/*EOF*/
        -:  113:/*EOF*/
        -:  114:/*EOF*/
        -:  115:/*EOF*/
        -:  116:/*EOF*/
        -:  117:/*EOF*/
        -:  118:/*EOF*/
        -:  119:/*EOF*/
        -:  120:/*EOF*/
        -:  121:/*EOF*/
        -:  122:/*EOF*/
        -:  123:/*EOF*/
        -:  124:/*EOF*/
        -:  125:/*EOF*/
        -:  126:/*EOF*/
        -:  127:/*EOF*/
        -:  128:/*EOF*/
        -:  129:/*EOF*/
        -:  130:/*EOF*/
        -:  131:/*EOF*/
        -:  132:/*EOF*/
        -:  133:/*EOF*/
        -:  134:/*EOF*/
        -:  135:/*EOF*/
        -:  136:/*EOF*/
        -:  137:/*EOF*/
        -:  138:/*EOF*/
        -:  139:/*EOF*/
        -:  140:/*EOF*/
        -:  141:/*EOF*/
        -:  142:/*EOF*/
        -:  143:/*EOF*/
        -:  144:/*EOF*/
        -:  145:/*EOF*/
        -:  146:/*EOF*/
        -:  147:/*EOF*/
        -:  148:/*EOF*/
        -:  149:/*EOF*/
        -:  150:/*EOF*/
        -:  151:/*EOF*/
        -:  152:/*EOF*/
        -:  153:/*EOF*/
        -:  154:/*EOF*/
        -:  155:/*EOF*/
        -:  156:/*EOF*/
        -:  157:/*EOF*/
        -:  158:/*EOF*/
        -:  159:/*EOF*/
        -:  160:/*EOF*/
        -:  161:/*EOF*/
        -:  162:/*EOF*/
        -:  163:/*EOF*/
        -:  164:/*EOF*/
        -:  165:/*EOF*/
        -:  166:/*EOF*/
        -:  167:/*EOF*/
        -:  168:/*EOF*/
        -:  169:/*EOF*/
        -:  170:/*EOF*/
        -:  171:/*EOF*/
        -:  172:/*EOF*/
        -:  173:/*EOF*/
        -:  174:/*EOF*/
        -:  175:/*EOF*/
        -:  176:/*EOF*/
        -:  177:/*EOF*/
        -:  178:/*EOF*/
        -:  179:/*EOF*/
        -:  180:/*EOF*/
        -:  181:/*EOF*/
        -:  182:/*EOF*/
        -:  183:/*EOF*/
        -:  184:/*EOF*/
        -:  185:/*EOF*/
        -:  186:/*EOF*/
        -:  187:/*EOF*/
        -:  188:/*EOF*/
        -:  189:/*EOF*/
        -:  190:/*EOF*/
        -:  191:/*EOF*/
        -:  192:/*EOF*/
        -:  193:/*EOF*/
        -:  194:/*EOF*/
        -:  195:/*EOF*/
        -:  196:/*EOF*/
        -:  197:/*EOF*/
        -:  198:/*EOF*/
        -:  199:/*EOF*/
        -:  200:/*EOF*/
        -:  201:/*EOF*/
        -:  202:/*EOF*/
        -:  203:/*EOF*/
        -:  204:/*EOF*/
        -:  205:/*EOF*/
        -:  206:/*EOF*/
        -:  207:/*EOF*/
        -:  208:/*EOF*/
        -:  209:/*EOF*/
        -:  210:/*EOF*/
        -:  211:/*EOF*/
        -:  212:/*EOF*/
        -:  213:/*EOF*/
        -:  214:/*EOF*/
        -:  215:/*EOF*/
        -:  216:/*EOF*/
        -:  217:/*EOF*/
        -:  218:/*EOF*/
        -:  219:/*EOF*/
        -:  220:/*EOF*/
        -:  221:/*EOF*/
        -:  222:/*EOF*/
        -:  223:/*EOF*/
        -:  224:/*EOF*/
        -:  225:/*EOF*/
        -:  226:/*EOF*/
        -:  227:/*EOF*/
        -:  228:/*EOF*/
        -:  229:/*EOF*/
        -:  230:/*EOF*/
        -:  231:/*EOF*/
        -:  232:/*EOF*/
        -:  233:/*EOF*/
        -:  234:/*EOF*/
        -:  235:/*EOF*/
        -:  236:/*EOF*/
        -:  237:/*EOF*/
        -:  238:/*EOF*/
        -:  239:/*EOF*/
        -:  240:/*EOF*/
        -:  241:/*EOF*/
        -:  242:/*EOF*/
        -:  243:/*EOF*/
        -:  244:/*EOF*/
        -:  245:/*EOF*/
        -:  246:/*EOF*/
        -:  247:/*EOF*/
        -:  248:/*EOF*/
        -:  249:/*EOF*/
        -:  250:/*EOF*/
        -:  251:/*EOF*/
        -:  252:/*EOF*/
        -:  253:/*EOF*/
        -:  254:/*EOF*/
        -:  255:/*EOF*/
        -:  256:/*EOF*/
        -:  257:/*EOF*/
        -:  258:/*EOF*/
        -:  259:/*EOF*/
        -:  260:/*EOF*/
        -:  261:/*EOF*/
        -:  262:/*EOF*/
        -:  263:/*EOF*/
        -:  264:/*EOF*/
        -:  265:/*EOF*/
        -:  266:/*EOF*/
        -:  267:/*EOF*/
        -:  268:/*EOF*/
        -:  269:/*EOF*/
        -:  270:/*EOF*/
        -:  271:/*EOF*/
        -:  272:/*EOF*/
        -:  273:/*EOF*/
        -:  274:/*EOF*/
        -:  275:/*EOF*/
        -:  276:/*EOF*/
        -:  277:/*EOF*/
        -:  278:/*EOF*/
        -:  279:/*EOF*/
        -:  280:/*EOF*/
        -:  281:/*EOF*/
        -:  282:/*EOF*/
        -:  283:/*EOF*/
        -:  284:/*EOF*/
        -:  285:/*EOF*/
        -:  286:/*EOF*/
        -:  287:/*EOF*/
        -:  288:/*EOF*/
        -:  289:/*EOF*/
        -:  290:/*EOF*/
        -:  291:/*EOF*/
        -:  292:/*EOF*/
        -:  293:/*EOF*/
        -:  294:/*EOF*/
        -:  295:/*EOF*/
        -:  296:/*EOF*/
        -:  297:/*EOF*/
        -:  298:/*EOF*/
        -:  299:/*EOF*/
        -:  300:/*EOF*/
        -:  301:/*EOF*/
        -:  302:/*EOF*/
        -:  303:/*EOF*/
        -:  304:/*EOF*/
        -:  305:/*EOF*/
        -:  306:/*EOF*/
        -:  307:/*EOF*/
        -:  308:/*EOF*/
        -:  309:/*EOF*/
        -:  310:/*EOF*/
        -:  311:/*EOF*/
        -:  312:/*EOF*/
        -:  313:/*EOF*/
        -:  314:/*EOF*/
        -:  315:/*EOF*/
        -:  316:/*EOF*/
        -:  317:/*EOF*/
        -:  318:/*EOF*/
        -:  319:/*EOF*/
        -:  320:/*EOF*/
        -:  321:/*EOF*/
        -:  322:/*EOF*/
        -:  323:/*EOF*/
        -:  324:/*EOF*/
        -:  325:/*EOF*/
        -:  326:/*EOF*/
        -:  327:/*EOF*/
        -:  328:/*EOF*/
        -:  329:/*EOF*/
        -:  330:/*EOF*/
        -:  331:/*EOF*/
        -:  332:/*EOF*/
        -:  333:/*EOF*/
        -:  334:/*EOF*/
        -:  335:/*EOF*/
        -:  336:/*EOF*/
        -:  337:/*EOF*/
        -:  338:/*EOF*/
        -:  339:/*EOF*/
        -:  340:/*EOF*/
        -:  341:/*EOF*/
        -:  342:/*EOF*/
        -:  343:/*EOF*/
        -:  344:/*EOF*/
        -:  345:/*EOF*/
        -:  346:/*EOF*/
        -:  347:/*EOF*/
        -:  348:/*EOF*/
        -:  349:/*EOF*/
        -:  350:/*EOF*/
        -:  351:/*EOF*/
        -:  352:/*EOF*/
        -:  353:/*EOF*/
        -:  354:/*EOF*/
        -:  355:/*EOF*/
        -:  356:/*EOF*/
        -:  357:/*EOF*/
        -:  358:/*EOF*/
        -:  359:/*EOF*/
        -:  360:/*EOF*/
        -:  361:/*EOF*/
        -:  362:/*EOF*/
        -:  363:/*EOF*/
        -:  364:/*EOF*/
        -:  365:/*EOF*/
        -:  366:/*EOF*/
        -:  367:/*EOF*/
        -:  368:/*EOF*/
        -:  369:/*EOF*/
        -:  370:/*EOF*/
        -:  371:/*EOF*/
        -:  372:/*EOF*/
        -:  373:/*EOF*/
        -:  374:/*EOF*/
        -:  375:/*EOF*/
        -:  376:/*EOF*/
        -:  377:/*EOF*/
        -:  378:/*EOF*/
        -:  379:/*EOF*/
        -:  380:/*EOF*/
        -:  381:/*EOF*/
        -:  382:/*EOF*/
        -:  383:/*EOF*/
        -:  384:/*EOF*/
        -:  385:/*EOF*/
        -:  386:/*EOF*/
        -:  387:/*EOF*/
        -:  388:/*EOF*/
        -:  389:/*EOF*/
        -:  390:/*EOF*/
        -:  391:/*EOF*/
        -:  392:/*EOF*/
        -:  393:/*EOF*/
        -:  394:/*EOF*/
        -:  395:/*EOF*/
        -:  396:/*EOF*/
        -:  397:/*EOF*/
        -:  398:/*EOF*/
        -:  399:/*EOF*/
        -:  400:/*EOF*/
        -:  401:/*EOF*/
        -:  402:/*EOF*/
        -:  403:/*EOF*/
        -:  404:/*EOF*/
        -:  405:/*EOF*/
        -:  406:/*EOF*/
        -:  407:/*EOF*/
        -:  408:/*EOF*/
        -:  409:/*EOF*/
        -:  410:/*EOF*/
        -:  411:/*EOF*/
        -:  412:/*EOF*/
        -:  413:/*EOF*/
        -:  414:/*EOF*/
        -:  415:/*EOF*/
        -:  416:/*EOF*/
        -:  417:/*EOF*/
        -:  418:/*EOF*/
        -:  419:/*EOF*/
        -:  420:/*EOF*/
        -:  421:/*EOF*/
        -:  422:/*EOF*/
        -:  423:/*EOF*/
        -:  424:/*EOF*/
        -:  425:/*EOF*/
        -:  426:/*EOF*/
        -:  427:/*EOF*/
        -:  428:/*EOF*/
        -:  429:/*EOF*/
        -:  430:/*EOF*/
        -:  431:/*EOF*/
        -:  432:/*EOF*/
        -:  433:/*EOF*/
        -:  434:/*EOF*/
        -:  435:/*EOF*/
        -:  436:/*EOF*/
        -:  437:/*EOF*/
        -:  438:/*EOF*/
        -:  439:/*EOF*/
        -:  440:/*EOF*/
        -:  441:/*EOF*/
        -:  442:/*EOF*/
        -:  443:/*EOF*/
        -:  444:/*EOF*/
        -:  445:/*EOF*/
        -:  446:/*EOF*/
        -:  447:/*EOF*/
        -:  448:/*EOF*/
        -:  449:/*EOF*/
        -:  450:/*EOF*/
        -:  451:/*EOF*/
        -:  452:/*EOF*/
        -:  453:/*EOF*/
        -:  454:/*EOF*/
        -:  455:/*EOF*/
        -:  456:/*EOF*/
        -:  457:/*EOF*/
        -:  458:/*EOF*/
        -:  459:/*EOF*/
        -:  460:/*EOF*/
        -:  461:/*EOF*/
        -:  462:/*EOF*/
        -:  463:/*EOF*/
        -:  464:/*EOF*/
        -:  465:/*EOF*/
        -:  466:/*EOF*/
        -:  467:/*EOF*/
        -:  468:/*EOF*/
        -:  469:/*EOF*/
        -:  470:/*EOF*/
        -:  471:/*EOF*/
        -:  472:/*EOF*/
        -:  473:/*EOF*/
        -:  474:/*EOF*/
        -:  475:/*EOF*/
        -:  476:/*EOF*/
        -:  477:/*EOF*/
        -:  478:/*EOF*/
        -:  479:/*EOF*/
        -:  480:/*EOF*/
        -:  481:/*EOF*/
        -:  482:/*EOF*/
        -:  483:/*EOF*/
        -:  484:/*EOF*/
        -:  485:/*EOF*/
        -:  486:/*EOF*/
        -:  487:/*EOF*/
        -:  488:/*EOF*/
        -:  489:/*EOF*/
        -:  490:/*EOF*/
        -:  491:/*EOF*/
        -:  492:/*EOF*/
        -:  493:/*EOF*/
        -:  494:/*EOF*/
        -:  495:/*EOF*/
        -:  496:/*EOF*/
        -:  497:/*EOF*/
        -:  498:/*EOF*/
        -:  499:/*EOF*/
        -:  500:/*EOF*/
        -:  501:/*EOF*/
        -:  502:/*EOF*/
        -:  503:/*EOF*/
        -:  504:/*EOF*/
        -:  505:/*EOF*/
        -:  506:/*EOF*/
        -:  507:/*EOF*/
        -:  508:/*EOF*/
        -:  509:/*EOF*/
        -:  510:/*EOF*/
        -:  511:/*EOF*/
        -:  512:/*EOF*/
        -:  513:/*EOF*/
        -:  514:/*EOF*/
        -:  515:/*EOF*/
        -:  516:/*EOF*/
        -:  517:/*EOF*/
        -:  518:/*EOF*/
        -:  519:/*EOF*/
        -:  520:/*EOF*/
        -:  521:/*EOF*/
        -:  522:/*EOF*/
        -:  523:/*EOF*/
        -:  524:/*EOF*/
        -:  525:/*EOF*/
        -:  526:/*EOF*/
        -:  527:/*EOF*/
        -:  528:/*EOF*/
        -:  529:/*EOF*/
        -:  530:/*EOF*/
        -:  531:/*EOF*/
        -:  532:/*EOF*/
        -:  533:/*EOF*/
        -:  534:/*EOF*/
        -:  535:/*EOF*/
        -:  536:/*EOF*/
        -:  537:/*EOF*/
        -:  538:/*EOF*/
        -:  539:/*EOF*/
        -:  540:/*EOF*/
        -:  541:/*EOF*/
        -:  542:/*EOF*/
        -:  543:/*EOF*/
        -:  544:/*EOF*/
        -:  545:/*EOF*/
        -:  546:/*EOF*/
        -:  547:/*EOF*/
        -:  548:/*EOF*/
        -:  549:/*EOF*/
        -:  550:/*EOF*/
        -:  551:/*EOF*/
        -:  552:/*EOF*/
        -:  553:/*EOF*/
        -:  554:/*EOF*/
        -:  555:/*EOF*/
        -:  556:/*EOF*/
        -:  557:/*EOF*/
        -:  558:/*EOF*/
        -:  559:/*EOF*/
        -:  560:/*EOF*/
        -:  561:/*EOF*/
        -:  562:/*EOF*/
        -:  563:/*EOF*/
        -:  564:/*EOF*/
        -:  565:/*EOF*/
        -:  566:/*EOF*/
        -:  567:/*EOF*/
        -:  568:/*EOF*/
        -:  569:/*EOF*/
        -:  570:/*EOF*/
        -:  571:/*EOF*/
        -:  572:/*EOF*/
        -:  573:/*EOF*/
        -:  574:/*EOF*/
        -:  575:/*EOF*/
        -:  576:/*EOF*/
        -:  577:/*EOF*/
        -:  578:/*EOF*/
        -:  579:/*EOF*/
        -:  580:/*EOF*/
        -:  581:/*EOF*/
        -:  582:/*EOF*/
        -:  583:/*EOF*/
        -:  584:/*EOF*/
        -:  585:/*EOF*/
        -:  586:/*EOF*/
        -:  587:/*EOF*/
        -:  588:/*EOF*/
        -:  589:/*EOF*/
        -:  590:/*EOF*/
        -:  591:/*EOF*/
        -:  592:/*EOF*/
        -:  593:/*EOF*/
        -:  594:/*EOF*/
        -:  595:/*EOF*/
        -:  596:/*EOF*/
        -:  597:/*EOF*/
        -:  598:/*EOF*/
        -:  599:/*EOF*/
        -:  600:/*EOF*/
        -:  601:/*EOF*/
        -:  602:/*EOF*/
        -:  603:/*EOF*/
        -:  604:/*EOF*/
        -:  605:/*EOF*/
        -:  606:/*EOF*/
        -:  607:/*EOF*/
        -:  608:/*EOF*/
        -:  609:/*EOF*/
        -:  610:/*EOF*/
        -:  611:/*EOF*/
        -:  612:/*EOF*/
        -:  613:/*EOF*/
        -:  614:/*EOF*/
        -:  615:/*EOF*/
        -:  616:/*EOF*/
        -:  617:/*EOF*/
        -:  618:/*EOF*/
        -:  619:/*EOF*/
        -:  620:/*EOF*/
        -:  621:/*EOF*/
        -:  622:/*EOF*/
        -:  623:/*EOF*/
        -:  624:/*EOF*/
        -:  625:/*EOF*/
        -:  626:/*EOF*/
        -:  627:/*EOF*/
        -:  628:/*EOF*/
        -:  629:/*EOF*/
        -:  630:/*EOF*/
        -:  631:/*EOF*/
        -:  632:/*EOF*/
        -:  633:/*EOF*/
        -:  634:/*EOF*/
        -:  635:/*EOF*/
        -:  636:/*EOF*/
        -:  637:/*EOF*/
        -:  638:/*EOF*/
        -:  639:/*EOF*/
        -:  640:/*EOF*/
        -:  641:/*EOF*/
        -:  642:/*EOF*/
        -:  643:/*EOF*/
        -:  644:/*EOF*/
        -:  645:/*EOF*/
        -:  646:/*EOF*/
        -:  647:/*EOF*/
        -:  648:/*EOF*/
        -:  649:/*EOF*/
        -:  650:/*EOF*/
        -:  651:/*EOF*/
        -:  652:/*EOF*/
        -:  653:/*EOF*/
        -:  654:/*EOF*/
        -:  655:/*EOF*/
        -:  656:/*EOF*/
        -:  657:/*EOF*/
        -:  658:/*EOF*/
        -:  659:/*EOF*/
        -:  660:/*EOF*/
        -:  661:/*EOF*/
        -:  662:/*EOF*/
        -:  663:/*EOF*/
        -:  664:/*EOF*/
        -:  665:/*EOF*/
        -:  666:/*EOF*/
        -:  667:/*EOF*/
        -:  668:/*EOF*/
        -:  669:/*EOF*/
        -:  670:/*EOF*/
        -:  671:/*EOF*/
        -:  672:/*EOF*/
        -:  673:/*EOF*/
        -:  674:/*EOF*/
        -:  675:/*EOF*/
        -:  676:/*EOF*/
        -:  677:/*EOF*/
        -:  678:/*EOF*/
        -:  679:/*EOF*/
        -:  680:/*EOF*/
        -:  681:/*EOF*/
        -:  682:/*EOF*/
        -:  683:/*EOF*/
        -:  684:/*EOF*/
        -:  685:/*EOF*/
        -:  686:/*EOF*/
        -:  687:/*EOF*/
        -:  688:/*EOF*/
        -:  689:/*EOF*/
        -:  690:/*EOF*/
        -:  691:/*EOF*/
        -:  692:/*EOF*/
        -:  693:/*EOF*/
        -:  694:/*EOF*/
        -:  695:/*EOF*/
        -:  696:/*EOF*/
        -:  697:/*EOF*/
        -:  698:/*EOF*/
        -:  699:/*EOF*/
        -:  700:/*EOF*/
        -:  701:/*EOF*/
        -:  702:/*EOF*/
        -:  703:/*EOF*/
        -:  704:/*EOF*/
        -:  705:/*EOF*/
        -:  706:/*EOF*/
        -:  707:/*EOF*/
        -:  708:/*EOF*/
        -:  709:/*EOF*/
        -:  710:/*EOF*/
        -:  711:/*EOF*/
        -:  712:/*EOF*/
        -:  713:/*EOF*/
        -:  714:/*EOF*/
        -:  715:/*EOF*/
        -:  716:/*EOF*/
        -:  717:/*EOF*/
        -:  718:/*EOF*/
        -:  719:/*EOF*/
        -:  720:/*EOF*/
        -:  721:/*EOF*/
        -:  722:/*EOF*/
        -:  723:/*EOF*/
        -:  724:/*EOF*/
        -:  725:/*EOF*/
        -:  726:/*EOF*/
        -:  727:/*EOF*/
        -:  728:/*EOF*/
        -:  729:/*EOF*/
        -:  730:/*EOF*/
        -:  731:/*EOF*/
        -:  732:/*EOF*/
        -:  733:/*EOF*/
        -:  734:/*EOF*/
        -:  735:/*EOF*/
        -:  736:/*EOF*/
        -:  737:/*EOF*/
        -:  738:/*EOF*/
        -:  739:/*EOF*/
        -:  740:/*EOF*/
        -:  741:/*EOF*/
        -:  742:/*EOF*/
        -:  743:/*EOF*/
        -:  744:/*EOF*/
        -:  745:/*EOF*/
        -:  746:/*EOF*/
        -:  747:/*EOF*/
        -:  748:/*EOF*/
        -:  749:/*EOF*/
        -:  750:/*EOF*/
        -:  751:/*EOF*/
        -:  752:/*EOF*/
        -:  753:/*EOF*/
        -:  754:/*EOF*/
        -:  755:/*EOF*/
        -:  756:/*EOF*/
        -:  757:/*EOF*/
        -:  758:/*EOF*/
        -:  759:/*EOF*/
        -:  760:/*EOF*/
        -:  761:/*EOF*/
        -:  762:/*EOF*/
        -:  763:/*EOF*/
        -:  764:/*EOF*/
        -:  765:/*EOF*/
        -:  766:/*EOF*/
        -:  767:/*EOF*/
        -:  768:/*EOF*/
        -:  769:/*EOF*/
        -:  770:/*EOF*/
        -:  771:/*EOF*/
        -:  772:/*EOF*/
        -:  773:/*EOF*/
        -:  774:/*EOF*/
        -:  775:/*EOF*/
        -:  776:/*EOF*/
        -:  777:/*EOF*/
        -:  778:/*EOF*/
        -:  779:/*EOF*/
        -:  780:/*EOF*/
        -:  781:/*EOF*/
        -:  782:/*EOF*/
        -:  783:/*EOF*/
        -:  784:/*EOF*/
        -:  785:/*EOF*/
        -:  786:/*EOF*/
        -:  787:/*EOF*/
        -:  788:/*EOF*/
        -:  789:/*EOF*/
        -:  790:/*EOF*/
        -:  791:/*EOF*/
        -:  792:/*EOF*/
        -:  793:/*EOF*/
        -:  794:/*EOF*/
        -:  795:/*EOF*/
        -:  796:/*EOF*/
        -:  797:/*EOF*/
        -:  798:/*EOF*/
        -:  799:/*EOF*/
        -:  800:/*EOF*/
        -:  801:/*EOF*/
        -:  802:/*EOF*/
        -:  803:/*EOF*/
        -:  804:/*EOF*/
        -:  805:/*EOF*/
        -:  806:/*EOF*/
        -:  807:/*EOF*/
        -:  808:/*EOF*/
        -:  809:/*EOF*/
        -:  810:/*EOF*/
        -:  811:/*EOF*/
        -:  812:/*EOF*/
        -:  813:/*EOF*/
        -:  814:/*EOF*/
        -:  815:/*EOF*/
        -:  816:/*EOF*/
        -:  817:/*EOF*/
        -:  818:/*EOF*/
        -:  819:/*EOF*/
        -:  820:/*EOF*/
        -:  821:/*EOF*/
        -:  822:/*EOF*/
        -:  823:/*EOF*/
        -:  824:/*EOF*/
        -:  825:/*EOF*/
        -:  826:/*EOF*/
        -:  827:/*EOF*/
        -:  828:/*EOF*/
        -:  829:/*EOF*/
        -:  830:/*EOF*/
        -:  831:/*EOF*/
        -:  832:/*EOF*/
        -:  833:/*EOF*/
        -:  834:/*EOF*/
        -:  835:/*EOF*/
        -:  836:/*EOF*/
        -:  837:/*EOF*/
        -:  838:/*EOF*/
        -:  839:/*EOF*/
        -:  840:/*EOF*/
        -:  841:/*EOF*/
        -:  842:/*EOF*/
        -:  843:/*EOF*/
        -:  844:/*EOF*/
        -:  845:/*EOF*/
        -:  846:/*EOF*/
        -:  847:/*EOF*/
        -:  848:/*EOF*/
        -:  849:/*EOF*/
        -:  850:/*EOF*/
        -:  851:/*EOF*/
        -:  852:/*EOF*/
        -:  853:/*EOF*/
        -:  854:/*EOF*/
        -:  855:/*EOF*/
        -:  856:/*EOF*/
        -:  857:/*EOF*/
        -:  858:/*EOF*/
        -:  859:/*EOF*/
        -:  860:/*EOF*/
        -:  861:/*EOF*/
        -:  862:/*EOF*/
        -:  863:/*EOF*/
        -:  864:/*EOF*/
        -:  865:/*EOF*/
        -:  866:/*EOF*/
        -:  867:/*EOF*/
        -:  868:/*EOF*/
        -:  869:/*EOF*/
        -:  870:/*EOF*/
        -:  871:/*EOF*/
        -:  872:/*EOF*/
        -:  873:/*EOF*/
        -:  874:/*EOF*/
        -:  875:/*EOF*/
        -:  876:/*EOF*/
        -:  877:/*EOF*/
        -:  878:/*EOF*/
        -:  879:/*EOF*/
        -:  880:/*EOF*/
        -:  881:/*EOF*/
        -:  882:/*EOF*/
        -:  883:/*EOF*/
        -:  884:/*EOF*/
        -:  885:/*EOF*/
        -:  886:/*EOF*/
        -:  887:/*EOF*/
        -:  888:/*EOF*/
        -:  889:/*EOF*/
        -:  890:/*EOF*/
        -:  891:/*EOF*/
        -:  892:/*EOF*/
        -:  893:/*EOF*/
        -:  894:/*EOF*/
        -:  895:/*EOF*/
        -:  896:/*EOF*/
        -:  897:/*EOF*/
        -:  898:/*EOF*/
        -:  899:/*EOF*/
        -:  900:/*EOF*/
        -:  901:/*EOF*/
        -:  902:/*EOF*/
        -:  903:/*EOF*/
        -:  904:/*EOF*/
        -:  905:/*EOF*/
        -:  906:/*EOF*/
        -:  907:/*EOF*/
        -:  908:/*EOF*/
        -:  909:/*EOF*/
        -:  910:/*EOF*/
        -:  911:/*EOF*/
        -:  912:/*EOF*/
        -:  913:/*EOF*/
        -:  914:/*EOF*/
        -:  915:/*EOF*/
        -:  916:/*EOF*/
        -:  917:/*EOF*/
        -:  918:/*EOF*/
        -:  919:/*EOF*/
        -:  920:/*EOF*/
        -:  921:/*EOF*/
        -:  922:/*EOF*/
        -:  923:/*EOF*/
        -:  924:/*EOF*/
        -:  925:/*EOF*/
        -:  926:/*EOF*/
        -:  927:/*EOF*/
        -:  928:/*EOF*/
        -:  929:/*EOF*/
        -:  930:/*EOF*/
        -:  931:/*EOF*/
        -:  932:/*EOF*/
        -:  933:/*EOF*/
        -:  934:/*EOF*/
        -:  935:/*EOF*/
        -:  936:/*EOF*/
        -:  937:/*EOF*/
        -:  938:/*EOF*/
        -:  939:/*EOF*/
        -:  940:/*EOF*/
        -:  941:/*EOF*/
        -:  942:/*EOF*/
        -:  943:/*EOF*/
        -:  944:/*EOF*/
        -:  945:/*EOF*/
        -:  946:/*EOF*/
        -:  947:/*EOF*/
        -:  948:/*EOF*/
        -:  949:/*EOF*/
        -:  950:/*EOF*/
        -:  951:/*EOF*/
        -:  952:/*EOF*/
        -:  953:/*EOF*/
        -:  954:/*EOF*/
        -:  955:/*EOF*/
        -:  956:/*EOF*/
        -:  957:/*EOF*/
        -:  958:/*EOF*/
        -:  959:/*EOF*/
        -:  960:/*EOF*/
        -:  961:/*EOF*/
        -:  962:/*EOF*/
        -:  963:/*EOF*/
        -:  964:/*EOF*/
        -:  965:/*EOF*/
        -:  966:/*EOF*/
        -:  967:/*EOF*/
        -:  968:/*EOF*/
        -:  969:/*EOF*/
        -:  970:/*EOF*/
        -:  971:/*EOF*/
        -:  972:/*EOF*/
        -:  973:/*EOF*/
        -:  974:/*EOF*/
        -:  975:/*EOF*/
   265674:  976:/*EOF*/
        -:  977:/*EOF*/
        -:  978:/*EOF*/
        -:  979:/*EOF*/
   265674:  980:/*EOF*/
   265674:  981:/*EOF*/
   265674:  982:/*EOF*/
   265674:  983:/*EOF*/
   265674:  984:/*EOF*/
   265674:  985:/*EOF*/
   265674:  986:/*EOF*/
   265674:  987:/*EOF*/
        -:  988:/*EOF*/
        -:  989:/*EOF*/
        -:  990:/*EOF*/
        -:  991:/*EOF*/
   265674:  992:/*EOF*/
        -:  993:/*EOF*/
        -:  994:/*EOF*/
        -:  995:/*EOF*/
   265674:  996:/*EOF*/
   265674:  997:/*EOF*/
   265674:  998:/*EOF*/
   265674:  999:/*EOF*/
   265674: 1000:/*EOF*/
   265674: 1001:/*EOF*/
        -: 1002:/*EOF*/
        -: 1003:/*EOF*/
        -: 1004:/*EOF*/
        -: 1005:/*EOF*/
        -: 1006:/*EOF*/
        -: 1007:/*EOF*/
        -: 1008:/*EOF*/
        -: 1009:/*EOF*/
        -: 1010:/*EOF*/
        -: 1011:/*EOF*/
        -: 1012:/*EOF*/
        -: 1013:/*EOF*/
        -: 1014:/*EOF*/
        -: 1015:/*EOF*/
        -: 1016:/*EOF*/
        -: 1017:/*EOF*/
        -: 1018:/*EOF*/
        -: 1019:/*EOF*/
        -: 1020:/*EOF*/
    11840: 1021:/*EOF*/
        -: 1022:/*EOF*/
        -: 1023:/*EOF*/
        -: 1024:/*EOF*/
    11840: 1025:/*EOF*/
    11840: 1026:/*EOF*/
        -: 1027:/*EOF*/
        -: 1028:/*EOF*/
        -: 1029:/*EOF*/
        -: 1030:/*EOF*/
     3693: 1031:/*EOF*/
     3693: 1032:/*EOF*/
  2569145: 1033:/*EOF*/
  5130904: 1034:/*EOF*/
        -: 1035:/*EOF*/
        -: 1036:/*EOF*/
    11840: 1037:/*EOF*/
        -: 1038:/*EOF*/
        -: 1039:/*EOF*/
        -: 1040:/*EOF*/
        -: 1041:/*EOF*/
        -: 1042:/*EOF*/
        -: 1043:/*EOF*/
        -: 1044:/*EOF*/
        -: 1045:/*EOF*/
        -: 1046:/*EOF*/
        -: 1047:/*EOF*/
        -: 1048:/*EOF*/
        -: 1049:/*EOF*/
        -: 1050:/*EOF*/
        -: 1051:/*EOF*/
        -: 1052:/*EOF*/
        -: 1053:/*EOF*/
        -: 1054:/*EOF*/
        -: 1055:/*EOF*/
        -: 1056:/*EOF*/
    20098: 1057:/*EOF*/
        -: 1058:/*EOF*/
        -: 1059:/*EOF*/
    20098: 1060:/*EOF*/
        -: 1061:/*EOF*/
        -: 1062:/*EOF*/
        -: 1063:/*EOF*/
    40196: 1064:/*EOF*/
    40196: 1065:/*EOF*/
   522548: 1066:/*EOF*/
        -: 1067:/*EOF*/
   482352: 1068:/*EOF*/
        -: 1069:/*EOF*/
   482352: 1070:/*EOF*/
   482352: 1071:/*EOF*/
        -: 1072:/*EOF*/
        -: 1073:/*EOF*/
   482352: 1074:/*EOF*/
        -: 1075:/*EOF*/
    #####: 1076:/*EOF*/
    #####: 1077:/*EOF*/
        -: 1078:/*EOF*/
        -: 1079:/*EOF*/
   482352: 1080:/*EOF*/
        -: 1081:/*EOF*/
        -: 1082:/*EOF*/
    40196: 1083:/*EOF*/
        -: 1084:/*EOF*/
        -: 1085:/*EOF*/
        -: 1086:/*EOF*/
        -: 1087:/*EOF*/
        -: 1088:/*EOF*/
        -: 1089:/*EOF*/
   531348: 1090:/*EOF*/
        -: 1091:/*EOF*/
   531348: 1092:/*EOF*/
   531348: 1093:/*EOF*/
        -: 1094:/*EOF*/
        -: 1095:/*EOF*/
        -: 1096:/*EOF*/
   284657: 1097:/*EOF*/
        -: 1098:/*EOF*/
   284657: 1099:/*EOF*/
   284657: 1100:/*EOF*/
   284657: 1101:/*EOF*/
        -: 1102:/*EOF*/
        -: 1103:/*EOF*/
        -: 1104:/*EOF*/
    #####: 1105:/*EOF*/
        -: 1106:/*EOF*/
   265674: 1107:/*EOF*/
    #####: 1108:/*EOF*/
        -: 1109:/*EOF*/
        -: 1110:/*EOF*/
        -: 1111:/*EOF*/
        -: 1112:/*EOF*/
        -: 1113:/*EOF*/
        -: 1114:/*EOF*/
   265674: 1115:/*EOF*/
        -: 1116:/*EOF*/
        -: 1117:/*EOF*/
        -: 1118:/*EOF*/
        -: 1119:/*EOF*/
        -: 1120:/*EOF*/
   265674: 1121:/*EOF*/
   265674: 1122:/*EOF*/
   265674: 1123:/*EOF*/
        -: 1124:/*EOF*/
        -: 1125:/*EOF*/
   265674: 1126:/*EOF*/
        -: 1127:/*EOF*/
   265674: 1128:/*EOF*/
        -: 1129:/*EOF*/
        -: 1130:/*EOF*/
    #####: 1131:/*EOF*/
        -: 1132:/*EOF*/
        -: 1133:/*EOF*/
   265674: 1134:/*EOF*/
        -: 1135:/*EOF*/
   265674: 1136:/*EOF*/
        -: 1137:/*EOF*/
        -: 1138:/*EOF*/
    #####: 1139:/*EOF*/
        -: 1140:/*EOF*/
        -: 1141:/*EOF*/
   265674: 1142:/*EOF*/
        -: 1143:/*EOF*/
        -: 1144:/*EOF*/
        -: 1145:/*EOF*/
  1421930: 1146:/*EOF*/
        -: 1147:/*EOF*/
  1421930: 1148:/*EOF*/
  1421930: 1149:/*EOF*/
  1421930: 1150:/*EOF*/
  1421930: 1151:/*EOF*/
        -: 1152:/*EOF*/
        -: 1153:/*EOF*/
    #####: 1154:/*EOF*/
        -: 1155:/*EOF*/
    #####: 1156:/*EOF*/
    #####: 1157:/*EOF*/
    #####: 1158:/*EOF*/
    #####: 1159:/*EOF*/
    #####: 1160:/*EOF*/
        -: 1161:/*EOF*/
        -: 1162:/*EOF*/
        -: 1163:/*EOF*/
        -: 1164:/*EOF*/
        -: 1165:/*EOF*/
    #####: 1166:/*EOF*/
    #####: 1167:/*EOF*/
        -: 1168:/*EOF*/
        -: 1169:/*EOF*/
        -: 1170:/*EOF*/
608554051: 1171:/*EOF*/
        -: 1172:/*EOF*/
608554051: 1173:/*EOF*/
        -: 1174:/*EOF*/
    #####: 1175:/*EOF*/
    #####: 1176:/*EOF*/
    #####: 1177:/*EOF*/
        -: 1178:/*EOF*/
608554051: 1179:/*EOF*/
        -: 1180:/*EOF*/
        -: 1181:/*EOF*/
        -: 1182:/*EOF*/
        -: 1183:/*EOF*/
    #####: 1184:/*EOF*/
        -: 1185:/*EOF*/
        -: 1186:/*EOF*/
        -: 1187:/*EOF*/
    #####: 1188:/*EOF*/
    #####: 1189:/*EOF*/
    #####: 1190:/*EOF*/
        -: 1191:/*EOF*/
        -: 1192:/*EOF*/
        -: 1193:/*EOF*/
        -: 1194:/*EOF*/
    #####: 1195:/*EOF*/
        -: 1196:/*EOF*/
        -: 1197:/*EOF*/
        -: 1198:/*EOF*/
    #####: 1199:/*EOF*/
    #####: 1200:/*EOF*/
    #####: 1201:/*EOF*/
        -: 1202:/*EOF*/
        -: 1203:/*EOF*/
        -: 1204:/*EOF*/
        -: 1205:/*EOF*/
        -: 1206:/*EOF*/
        -: 1207:/*EOF*/
        -: 1208:/*EOF*/
        -: 1209:/*EOF*/
1221915617: 1210:/*EOF*/
        -: 1211:/*EOF*/
2443831234: 1212:/*EOF*/
        -: 1213:/*EOF*/
        -: 1214:/*EOF*/
        -: 1215:/*EOF*/
        -: 1216:/*EOF*/
        -: 1217:/*EOF*/
    #####: 1218:/*EOF*/
        -: 1219:/*EOF*/
    #####: 1220:/*EOF*/
        -: 1221:/*EOF*/
    #####: 1222:/*EOF*/
        -: 1223:/*EOF*/
        -: 1224:/*EOF*/
        -: 1225:/*EOF*/
    #####: 1226:/*EOF*/
    #####: 1227:/*EOF*/
        -: 1228:/*EOF*/
        -: 1229:/*EOF*/
        -: 1230:/*EOF*/
        -: 1231:/*EOF*/
    #####: 1232:/*EOF*/
        -: 1233:/*EOF*/
    #####: 1234:/*EOF*/
    #####: 1235:/*EOF*/
        -: 1236:/*EOF*/
        -: 1237:/*EOF*/
    #####: 1238:/*EOF*/
        -: 1239:/*EOF*/
        -: 1240:/*EOF*/
    #####: 1241:/*EOF*/
    #####: 1242:/*EOF*/
        -: 1243:/*EOF*/
        -: 1244:/*EOF*/
        -: 1245:/*EOF*/
        -: 1246:/*EOF*/
1221915617: 1247:/*EOF*/
        -: 1248:/*EOF*/
        -: 1249:/*EOF*/
  1566568: 1250:/*EOF*/
        -: 1251:/*EOF*/
  1566568: 1252:/*EOF*/
        -: 1253:/*EOF*/
        -: 1254:/*EOF*/
        -: 1255:/*EOF*/
        -: 1256:/*EOF*/
        -: 1257:/*EOF*/
        -: 1258:/*EOF*/
        -: 1259:/*EOF*/
        -: 1260:/*EOF*/
        -: 1261:/*EOF*/
        -: 1262:/*EOF*/
        -: 1263:/*EOF*/
        -: 1264:/*EOF*/
        -: 1265:/*EOF*/
        -: 1266:/*EOF*/
        -: 1267:/*EOF*/
        -: 1268:/*EOF*/
        -: 1269:/*EOF*/
        -: 1270:/*EOF*/
        -: 1271:/*EOF*/
        -: 1272:/*EOF*/
        -: 1273:/*EOF*/
        -: 1274:/*EOF*/
        -: 1275:/*EOF*/
        -: 1276:/*EOF*/
        -: 1277:/*EOF*/
        -: 1278:/*EOF*/
        -: 1279:/*EOF*/
        -: 1280:/*EOF*/
        -: 1281:/*EOF*/
        -: 1282:/*EOF*/
        -: 1283:/*EOF*/
        -: 1284:/*EOF*/
        -: 1285:/*EOF*/
        -: 1286:/*EOF*/
        -: 1287:/*EOF*/
  1566568: 1288:/*EOF*/
  1566568: 1289:/*EOF*/
  1566568: 1290:/*EOF*/
  1566568: 1291:/*EOF*/
        -: 1292:/*EOF*/
  1566568: 1293:/*EOF*/
  1566568: 1294:/*EOF*/
        -: 1295:/*EOF*/
        -: 1296:/*EOF*/
        -: 1297:/*EOF*/
        -: 1298:/*EOF*/
  1566568: 1299:/*EOF*/
  1566568: 1300:/*EOF*/
  1566568: 1301:/*EOF*/
        -: 1302:/*EOF*/
  1566568: 1303:/*EOF*/
  1566568: 1304:/*EOF*/
        -: 1305:/*EOF*/
  1566568: 1306:/*EOF*/
        -: 1307:/*EOF*/
  1401133: 1308:/*EOF*/
    #####: 1309:/*EOF*/
        -: 1310:/*EOF*/
        -: 1311:/*EOF*/
        -: 1312:/*EOF*/
  1401133: 1313:/*EOF*/
        -: 1314:/*EOF*/
        -: 1315:/*EOF*/
    #####: 1316:/*EOF*/
    #####: 1317:/*EOF*/
    #####: 1318:/*EOF*/
    #####: 1319:/*EOF*/
        -: 1320:/*EOF*/
        -: 1321:/*EOF*/
        -: 1322:/*EOF*/
        -: 1323:/*EOF*/
        -: 1324:/*EOF*/
    #####: 1325:/*EOF*/
        -: 1326:/*EOF*/
        -: 1327:/*EOF*/
        -: 1328:/*EOF*/
        -: 1329:/*EOF*/
        -: 1330:/*EOF*/
    #####: 1331:/*EOF*/
    #####: 1332:/*EOF*/
        -: 1333:/*EOF*/
    #####: 1334:/*EOF*/
    #####: 1335:/*EOF*/
    #####: 1336:/*EOF*/
        -: 1337:/*EOF*/
        -: 1338:/*EOF*/
    #####: 1339:/*EOF*/
    #####: 1340:/*EOF*/
        -: 1341:/*EOF*/
    #####: 1342:/*EOF*/
    #####: 1343:/*EOF*/
        -: 1344:/*EOF*/
    #####: 1345:/*EOF*/
    #####: 1346:/*EOF*/
        -: 1347:/*EOF*/
        -: 1348:/*EOF*/
        -: 1349:/*EOF*/
        -: 1350:/*EOF*/
        -: 1351:/*EOF*/
        -: 1352:/*EOF*/
        -: 1353:/*EOF*/
        -: 1354:/*EOF*/
        -: 1355:/*EOF*/
        -: 1356:/*EOF*/
        -: 1357:/*EOF*/
        -: 1358:/*EOF*/
        -: 1359:/*EOF*/
        -: 1360:/*EOF*/
        -: 1361:/*EOF*/
  1401133: 1362:/*EOF*/
  2777734: 1363:/*EOF*/
  1373322: 1364:/*EOF*/
  1371888: 1365:/*EOF*/
        -: 1366:/*EOF*/
        -: 1367:/*EOF*/
        -: 1368:/*EOF*/
        -: 1369:/*EOF*/
        -: 1370:/*EOF*/
  1401133: 1371:/*EOF*/
        -: 1372:/*EOF*/
     6171: 1373:/*EOF*/
        -: 1374:/*EOF*/
        -: 1375:/*EOF*/
        -: 1376:/*EOF*/
     6171: 1377:/*EOF*/
    #####: 1378:/*EOF*/
        -: 1379:/*EOF*/
     6171: 1380:/*EOF*/
        -: 1381:/*EOF*/
        -: 1382:/*EOF*/
  1401133: 1383:/*EOF*/
        -: 1384:/*EOF*/
  2802266: 1385:/*EOF*/
  1388233: 1386:/*EOF*/
  1371694: 1387:/*EOF*/
  2769324: 1388:/*EOF*/
  1401133: 1389:/*EOF*/
  2802266: 1390:/*EOF*/
  1359590: 1391:/*EOF*/
  1359590: 1392:/*EOF*/
  1356532: 1393:/*EOF*/
        -: 1394:/*EOF*/
  1401133: 1395:/*EOF*/
        -: 1396:/*EOF*/
     5920: 1397:/*EOF*/
     5920: 1398:/*EOF*/
        -: 1399:/*EOF*/
        -: 1400:/*EOF*/
  1401133: 1401:/*EOF*/
  2802266: 1402:/*EOF*/
  1401133: 1403:/*EOF*/
        -: 1404:/*EOF*/
  1401133: 1405:/*EOF*/
        -: 1406:/*EOF*/
  1401133: 1407:/*EOF*/
        -: 1408:/*EOF*/
  1401133: 1409:/*EOF*/
        -: 1410:/*EOF*/
   896090: 1411:/*EOF*/
    16953: 1412:/*EOF*/
        -: 1413:/*EOF*/
   879137: 1414:/*EOF*/
        -: 1415:/*EOF*/
        -: 1416:/*EOF*/
        -: 1417:/*EOF*/
  1089761: 1418:/*EOF*/
  1089761: 1419:/*EOF*/
        -: 1420:/*EOF*/
  1401133: 1421:/*EOF*/
        -: 1422:/*EOF*/
    35899: 1423:/*EOF*/
    35899: 1424:/*EOF*/
    18801: 1425:/*EOF*/
        -: 1426:/*EOF*/
        -: 1427:/*EOF*/
        -: 1428:/*EOF*/
        -: 1429:/*EOF*/
        -: 1430:/*EOF*/
        -: 1431:/*EOF*/
        -: 1432:/*EOF*/
  1401133: 1433:/*EOF*/
        -: 1434:/*EOF*/
    28791: 1435:/*EOF*/
    28791: 1436:/*EOF*/
     7128: 1437:/*EOF*/
        -: 1438:/*EOF*/
  1372342: 1439:/*EOF*/
   881161: 1440:/*EOF*/
        -: 1441:/*EOF*/
  2823063: 1442:/*EOF*/
        -: 1443:/*EOF*/
  1421930: 1444:/*EOF*/
  1421930: 1445:/*EOF*/
        -: 1446:/*EOF*/
  1421930: 1447:/*EOF*/
        -: 1448:/*EOF*/
   531348: 1449:/*EOF*/
        -: 1450:/*EOF*/
        -: 1451:/*EOF*/
        -: 1452:/*EOF*/
        -: 1453:/*EOF*/
        -: 1454:/*EOF*/
   265674: 1455:/*EOF*/
   265674: 1456:/*EOF*/
        -: 1457:/*EOF*/
   265674: 1458:/*EOF*/
   265674: 1459:/*EOF*/
   265674: 1460:/*EOF*/
   265674: 1461:/*EOF*/
        -: 1462:/*EOF*/
        -: 1463:/*EOF*/
        -: 1464:/*EOF*/
  1156256: 1465:/*EOF*/
  1156256: 1466:/*EOF*/
        -: 1467:/*EOF*/
  1156256: 1468:/*EOF*/
  1156256: 1469:/*EOF*/
        -: 1470:/*EOF*/
        -: 1471:/*EOF*/
  1401133: 1472:/*EOF*/
        -: 1473:/*EOF*/
        -: 1474:/*EOF*/
        -: 1475:/*EOF*/
    #####: 1476:/*EOF*/
        -: 1477:/*EOF*/
        -: 1478:/*EOF*/
        -: 1479:/*EOF*/
    #####: 1480:/*EOF*/
    #####: 1481:/*EOF*/
    #####: 1482:/*EOF*/
    #####: 1483:/*EOF*/
        -: 1484:/*EOF*/
        -: 1485:/*EOF*/
    #####: 1486:/*EOF*/
        -: 1487:/*EOF*/
        -: 1488:/*EOF*/
        -: 1489:/*EOF*/
    #####: 1490:/*EOF*/
    #####: 1491:/*EOF*/
    #####: 1492:/*EOF*/
        -: 1493:/*EOF*/
        -: 1494:/*EOF*/
        -: 1495:/*EOF*/
        -: 1496:/*EOF*/
        -: 1497:/*EOF*/
        -: 1498:/*EOF*/
        -: 1499:/*EOF*/
        -: 1500:/*EOF*/
        -: 1501:/*EOF*/
        -: 1502:/*EOF*/
    #####: 1503:/*EOF*/
    #####: 1504:/*EOF*/
    #####: 1505:/*EOF*/
    #####: 1506:/*EOF*/
    #####: 1507:/*EOF*/
        -: 1508:/*EOF*/
        -: 1509:/*EOF*/
  1401133: 1510:/*EOF*/
        -: 1511:/*EOF*/
        -: 1512:/*EOF*/
     5920: 1513:/*EOF*/
     5920: 1514:/*EOF*/
     5920: 1515:/*EOF*/
     5920: 1516:/*EOF*/
        -: 1517:/*EOF*/
        -: 1518:/*EOF*/
  1401133: 1519:/*EOF*/
        -: 1520:/*EOF*/
     6171: 1521:/*EOF*/
     6171: 1522:/*EOF*/
        -: 1523:/*EOF*/
        -: 1524:/*EOF*/
  1401133: 1525:/*EOF*/
        -: 1526:/*EOF*/
        -: 1527:/*EOF*/
        -: 1528:/*EOF*/
        -: 1529:/*EOF*/
        -: 1530:/*EOF*/
        -: 1531:/*EOF*/
    14990: 1532:/*EOF*/
        -: 1533:/*EOF*/
        -: 1534:/*EOF*/
        -: 1535:/*EOF*/
        -: 1536:/*EOF*/
        -: 1537:/*EOF*/
    14990: 1538:/*EOF*/
        -: 1539:/*EOF*/
        -: 1540:/*EOF*/
     2719: 1541:/*EOF*/
     2719: 1542:/*EOF*/
        -: 1543:/*EOF*/
        -: 1544:/*EOF*/
    #####: 1545:/*EOF*/
    #####: 1546:/*EOF*/
        -: 1547:/*EOF*/
        -: 1548:/*EOF*/
        -: 1549:/*EOF*/
        -: 1550:/*EOF*/
        -: 1551:/*EOF*/
        -: 1552:/*EOF*/
        -: 1553:/*EOF*/
        -: 1554:/*EOF*/
        -: 1555:/*EOF*/
        -: 1556:/*EOF*/
  1566568: 1557:/*EOF*/
        -: 1558:/*EOF*/
  1566568: 1559:/*EOF*/
        -: 1560:/*EOF*/
  1566568: 1561:/*EOF*/
  1566568: 1562:/*EOF*/
        -: 1563:/*EOF*/
  1566568: 1564:/*EOF*/
        -: 1565:/*EOF*/
        -: 1566:/*EOF*/
        -: 1567:/*EOF*/
  1566568: 1568:/*EOF*/
        -: 1569:/*EOF*/
        -: 1570:/*EOF*/
        -: 1571:/*EOF*/
    #####: 1572:/*EOF*/
    #####: 1573:/*EOF*/
    #####: 1574:/*EOF*/
        -: 1575:/*EOF*/
        -: 1576:/*EOF*/
        -: 1577:/*EOF*/
    #####: 1578:/*EOF*/
    #####: 1579:/*EOF*/
    #####: 1580:/*EOF*/
        -: 1581:/*EOF*/
        -: 1582:/*EOF*/
        -: 1583:/*EOF*/
  1566568: 1584:/*EOF*/
        -: 1585:/*EOF*/
    #####: 1586:/*EOF*/
    #####: 1587:/*EOF*/
        -: 1588:/*EOF*/
    #####: 1589:/*EOF*/
        -: 1590:/*EOF*/
        -: 1591:/*EOF*/
        -: 1592:/*EOF*/
  1566568: 1593:/*EOF*/
  1566568: 1594:/*EOF*/
        -: 1595:/*EOF*/
        -: 1596:/*EOF*/
        -: 1597:/*EOF*/
        -: 1598:/*EOF*/
    #####: 1599:/*EOF*/
        -: 1600:/*EOF*/
        -: 1601:/*EOF*/
  1566568: 1602:/*EOF*/
  1566568: 1603:/*EOF*/
  1566568: 1604:/*EOF*/
  1566568: 1605:/*EOF*/
  1566568: 1606:/*EOF*/
  1566568: 1607:/*EOF*/
  1566568: 1608:/*EOF*/
  1566568: 1609:/*EOF*/
  1566568: 1610:/*EOF*/
  1566568: 1611:/*EOF*/
  1566568: 1612:/*EOF*/
  1566568: 1613:/*EOF*/
  1566568: 1614:/*EOF*/
  1566568: 1615:/*EOF*/
        -: 1616:/*EOF*/
  1566568: 1617:/*EOF*/
        -: 1618:/*EOF*/
  1566568: 1619:/*EOF*/
        -: 1620:/*EOF*/
  1566568: 1621:/*EOF*/
  1566568: 1622:/*EOF*/
    #####: 1623:/*EOF*/
    #####: 1624:/*EOF*/
        -: 1625:/*EOF*/
        -: 1626:/*EOF*/
        -: 1627:/*EOF*/
        -: 1628:/*EOF*/
        -: 1629:/*EOF*/
        -: 1630:/*EOF*/
        -: 1631:/*EOF*/
  1566568: 1632:/*EOF*/
    #####: 1633:/*EOF*/
    #####: 1634:/*EOF*/
        -: 1635:/*EOF*/
        -: 1636:/*EOF*/
        -: 1637:/*EOF*/
        -: 1638:/*EOF*/
  1566568: 1639:/*EOF*/
  1566568: 1640:/*EOF*/
  1566568: 1641:/*EOF*/
        -: 1642:/*EOF*/
        -: 1643:/*EOF*/
    #####: 1644:/*EOF*/
        -: 1645:/*EOF*/
        -: 1646:/*EOF*/
    #####: 1647:/*EOF*/
        -: 1648:/*EOF*/
        -: 1649:/*EOF*/
        -: 1650:/*EOF*/
    #####: 1651:/*EOF*/
    #####: 1652:/*EOF*/
        -: 1653:/*EOF*/
        -: 1654:/*EOF*/
        -: 1655:/*EOF*/
        -: 1656:/*EOF*/
        -: 1657:/*EOF*/
        -: 1658:/*EOF*/
        -: 1659:/*EOF*/
  2335654: 1660:/*EOF*/
  2335654: 1661:/*EOF*/
        -: 1662:/*EOF*/
        -: 1663:/*EOF*/
  2335654: 1664:/*EOF*/
        -: 1665:/*EOF*/
        -: 1666:/*EOF*/
   934521: 1667:/*EOF*/
        -: 1668:/*EOF*/
        -: 1669:/*EOF*/
     3447: 1670:/*EOF*/
     3447: 1671:/*EOF*/
        -: 1672:/*EOF*/
        -: 1673:/*EOF*/
    70349: 1674:/*EOF*/
    70349: 1675:/*EOF*/
        -: 1676:/*EOF*/
        -: 1677:/*EOF*/
     6205: 1678:/*EOF*/
     6205: 1679:/*EOF*/
        -: 1680:/*EOF*/
        -: 1681:/*EOF*/
    79050: 1682:/*EOF*/
    79050: 1683:/*EOF*/
        -: 1684:/*EOF*/
        -: 1685:/*EOF*/
        -: 1686:/*EOF*/
    39949: 1687:/*EOF*/
    39949: 1688:/*EOF*/
    39949: 1689:/*EOF*/
        -: 1690:/*EOF*/
    39949: 1691:/*EOF*/
     3557: 1692:/*EOF*/
    39949: 1693:/*EOF*/
    39949: 1694:/*EOF*/
    39949: 1695:/*EOF*/
        -: 1696:/*EOF*/
        -: 1697:/*EOF*/
    #####: 1698:/*EOF*/
    #####: 1699:/*EOF*/
        -: 1700:/*EOF*/
        -: 1701:/*EOF*/
    60964: 1702:/*EOF*/
    60964: 1703:/*EOF*/
    60964: 1704:/*EOF*/
        -: 1705:/*EOF*/
        -: 1706:/*EOF*/
     6109: 1707:/*EOF*/
        -: 1708:/*EOF*/
     6109: 1709:/*EOF*/
     6109: 1710:/*EOF*/
        -: 1711:/*EOF*/
        -: 1712:/*EOF*/
    20441: 1713:/*EOF*/
    20441: 1714:/*EOF*/
        -: 1715:/*EOF*/
        -: 1716:/*EOF*/
        -: 1717:/*EOF*/
        -: 1718:/*EOF*/
        -: 1719:/*EOF*/
        -: 1720:/*EOF*/
    23693: 1721:/*EOF*/
    23693: 1722:/*EOF*/
        -: 1723:/*EOF*/
        -: 1724:/*EOF*/
    13300: 1725:/*EOF*/
    13300: 1726:/*EOF*/
        -: 1727:/*EOF*/
        -: 1728:/*EOF*/
     3906: 1729:/*EOF*/
     3906: 1730:/*EOF*/
     3906: 1731:/*EOF*/
        -: 1732:/*EOF*/
        -: 1733:/*EOF*/
     3573: 1734:/*EOF*/
     3573: 1735:/*EOF*/
     3573: 1736:/*EOF*/
        -: 1737:/*EOF*/
        -: 1738:/*EOF*/
     4441: 1739:/*EOF*/
     4441: 1740:/*EOF*/
        -: 1741:/*EOF*/
        -: 1742:/*EOF*/
     4344: 1743:/*EOF*/
     4344: 1744:/*EOF*/
        -: 1745:/*EOF*/
        -: 1746:/*EOF*/
     4192: 1747:/*EOF*/
     4192: 1748:/*EOF*/
        -: 1749:/*EOF*/
        -: 1750:/*EOF*/
     6204: 1751:/*EOF*/
     6204: 1752:/*EOF*/
        -: 1753:/*EOF*/
        -: 1754:/*EOF*/
     5121: 1755:/*EOF*/
     5121: 1756:/*EOF*/
     5121: 1757:/*EOF*/
        -: 1758:/*EOF*/
        -: 1759:/*EOF*/
     1634: 1760:/*EOF*/
     1634: 1761:/*EOF*/
        -: 1762:/*EOF*/
        -: 1763:/*EOF*/
     5067: 1764:/*EOF*/
     5067: 1765:/*EOF*/
     5067: 1766:/*EOF*/
        -: 1767:/*EOF*/
        -: 1768:/*EOF*/
    14990: 1769:/*EOF*/
    12271: 1770:/*EOF*/
        -: 1771:/*EOF*/
        -: 1772:/*EOF*/
        -: 1773:/*EOF*/
        -: 1774:/*EOF*/
     3011: 1775:/*EOF*/
     3011: 1776:/*EOF*/
        -: 1777:/*EOF*/
        -: 1778:/*EOF*/
    17314: 1779:/*EOF*/
     8953: 1780:/*EOF*/
        -: 1781:/*EOF*/
        -: 1782:/*EOF*/
        -: 1783:/*EOF*/
     2083: 1784:/*EOF*/
        -: 1785:/*EOF*/
        -: 1786:/*EOF*/
        -: 1787:/*EOF*/
        -: 1788:/*EOF*/
     2069: 1789:/*EOF*/
     2069: 1790:/*EOF*/
        -: 1791:/*EOF*/
        -: 1792:/*EOF*/
    30970: 1793:/*EOF*/
    30970: 1794:/*EOF*/
        -: 1795:/*EOF*/
        -: 1796:/*EOF*/
     4128: 1797:/*EOF*/
     4128: 1798:/*EOF*/
        -: 1799:/*EOF*/
        -: 1800:/*EOF*/
    14764: 1801:/*EOF*/
    14764: 1802:/*EOF*/
        -: 1803:/*EOF*/
        -: 1804:/*EOF*/
     2693: 1805:/*EOF*/
     2693: 1806:/*EOF*/
        -: 1807:/*EOF*/
        -: 1808:/*EOF*/
    #####: 1809:/*EOF*/
    #####: 1810:/*EOF*/
        -: 1811:/*EOF*/
        -: 1812:/*EOF*/
     6046: 1813:/*EOF*/
        -: 1814:/*EOF*/
        -: 1815:/*EOF*/
        -: 1816:/*EOF*/
    30938: 1817:/*EOF*/
    30938: 1818:/*EOF*/
        -: 1819:/*EOF*/
        -: 1820:/*EOF*/
     4921: 1821:/*EOF*/
     4921: 1822:/*EOF*/
        -: 1823:/*EOF*/
        -: 1824:/*EOF*/
     3956: 1825:/*EOF*/
     3956: 1826:/*EOF*/
        -: 1827:/*EOF*/
        -: 1828:/*EOF*/
    11639: 1829:/*EOF*/
    11639: 1830:/*EOF*/
        -: 1831:/*EOF*/
        -: 1832:/*EOF*/
    12772: 1833:/*EOF*/
    12772: 1834:/*EOF*/
    12772: 1835:/*EOF*/
        -: 1836:/*EOF*/
        -: 1837:/*EOF*/
     3571: 1838:/*EOF*/
     3571: 1839:/*EOF*/
      242: 1840:/*EOF*/
        -: 1841:/*EOF*/
        -: 1842:/*EOF*/
     1235: 1843:/*EOF*/
     1235: 1844:/*EOF*/
     1235: 1845:/*EOF*/
        -: 1846:/*EOF*/
        -: 1847:/*EOF*/
     1983: 1848:/*EOF*/
     1983: 1849:/*EOF*/
     1983: 1850:/*EOF*/
        -: 1851:/*EOF*/
        -: 1852:/*EOF*/
        -: 1853:/*EOF*/
    28164: 1854:/*EOF*/
    21447: 1855:/*EOF*/
        -: 1856:/*EOF*/
        -: 1857:/*EOF*/
        -: 1858:/*EOF*/
    #####: 1859:/*EOF*/
    #####: 1860:/*EOF*/
        -: 1861:/*EOF*/
        -: 1862:/*EOF*/
        -: 1863:/*EOF*/
    #####: 1864:/*EOF*/
    #####: 1865:/*EOF*/
    #####: 1866:/*EOF*/
    #####: 1867:/*EOF*/
        -: 1868:/*EOF*/
    #####: 1869:/*EOF*/
        -: 1870:/*EOF*/
        -: 1871:/*EOF*/
    #####: 1872:/*EOF*/
    #####: 1873:/*EOF*/
    #####: 1874:/*EOF*/
        -: 1875:/*EOF*/
        -: 1876:/*EOF*/
       53: 1877:/*EOF*/
       53: 1878:/*EOF*/
        -: 1879:/*EOF*/
        -: 1880:/*EOF*/
    #####: 1881:/*EOF*/
    #####: 1882:/*EOF*/
        -: 1883:/*EOF*/
        -: 1884:/*EOF*/
    #####: 1885:/*EOF*/
    #####: 1886:/*EOF*/
        -: 1887:/*EOF*/
        -: 1888:/*EOF*/
    #####: 1889:/*EOF*/
    #####: 1890:/*EOF*/
    #####: 1891:/*EOF*/
        -: 1892:/*EOF*/
        -: 1893:/*EOF*/
        -: 1894:/*EOF*/
        -: 1895:/*EOF*/
    #####: 1896:/*EOF*/
    #####: 1897:/*EOF*/
        -: 1898:/*EOF*/
        -: 1899:/*EOF*/
        -: 1900:/*EOF*/
        -: 1901:/*EOF*/
        -: 1902:/*EOF*/
    #####: 1903:/*EOF*/
    #####: 1904:/*EOF*/
    #####: 1905:/*EOF*/
        -: 1906:/*EOF*/
    #####: 1907:/*EOF*/
        -: 1908:/*EOF*/
        -: 1909:/*EOF*/
        -: 1910:/*EOF*/
        -: 1911:/*EOF*/
    #####: 1912:/*EOF*/
        -: 1913:/*EOF*/
        -: 1914:/*EOF*/
        -: 1915:/*EOF*/
        -: 1916:/*EOF*/
        -: 1917:/*EOF*/
    #####: 1918:/*EOF*/
        -: 1919:/*EOF*/
        -: 1920:/*EOF*/
    #####: 1921:/*EOF*/
        -: 1922:/*EOF*/
        -: 1923:/*EOF*/
    #####: 1924:/*EOF*/
    #####: 1925:/*EOF*/
        -: 1926:/*EOF*/
        -: 1927:/*EOF*/
    #####: 1928:/*EOF*/
        -: 1929:/*EOF*/
        -: 1930:/*EOF*/
    #####: 1931:/*EOF*/
    #####: 1932:/*EOF*/
        -: 1933:/*EOF*/
        -: 1934:/*EOF*/
    #####: 1935:/*EOF*/
    #####: 1936:/*EOF*/
        -: 1937:/*EOF*/
        -: 1938:/*EOF*/
        -: 1939:/*EOF*/
     3658: 1940:/*EOF*/
        -: 1941:/*EOF*/
     3658: 1942:/*EOF*/
     3600: 1943:/*EOF*/
       58: 1944:/*EOF*/
       58: 1945:/*EOF*/
        -: 1946:/*EOF*/
       58: 1947:/*EOF*/
        -: 1948:/*EOF*/
        -: 1949:/*EOF*/
    #####: 1950:/*EOF*/
        -: 1951:/*EOF*/
    #####: 1952:/*EOF*/
    #####: 1953:/*EOF*/
        -: 1954:/*EOF*/
        -: 1955:/*EOF*/
   216943: 1956:/*EOF*/
   216943: 1957:/*EOF*/
        -: 1958:/*EOF*/
    #####: 1959:/*EOF*/
        -: 1960:/*EOF*/
      863: 1961:/*EOF*/
        -: 1962:/*EOF*/
        -: 1963:/*EOF*/
   145372: 1964:/*EOF*/
        -: 1965:/*EOF*/
   769086: 1966:/*EOF*/
        -: 1967:/*EOF*/
  1401133: 1968:/*EOF*/
        -: 1969:/*EOF*/
  1397585: 1970:/*EOF*/
  1397585: 1971:/*EOF*/
        -: 1972:/*EOF*/
  1397585: 1973:/*EOF*/
        -: 1974:/*EOF*/
    #####: 1975:/*EOF*/
    #####: 1976:/*EOF*/
        -: 1977:/*EOF*/
  1397585: 1978:/*EOF*/
        -: 1979:/*EOF*/
     4235: 1980:/*EOF*/
     4235: 1981:/*EOF*/
        -: 1982:/*EOF*/
        -: 1983:/*EOF*/
        -: 1984:/*EOF*/
        -: 1985:/*EOF*/
  1401133: 1986:/*EOF*/
        -: 1987:/*EOF*/
        -: 1988:/*EOF*/
  1401133: 1989:/*EOF*/
        -: 1990:/*EOF*/
  1401133: 1991:/*EOF*/
  1401133: 1992:/*EOF*/
     3087: 1993:/*EOF*/
  1401133: 1994:/*EOF*/
        -: 1995:/*EOF*/
        -: 1996:/*EOF*/
    12310: 1997:/*EOF*/
     9848: 1998:/*EOF*/
        -: 1999:/*EOF*/
        -: 2000:/*EOF*/
  1401133: 2001:/*EOF*/
  1401133: 2002:/*EOF*/
        -: 2003:/*EOF*/
        -: 2004:/*EOF*/
        -: 2005:/*EOF*/
        -: 2006:/*EOF*/
  1401133: 2007:/*EOF*/
     4903: 2008:/*EOF*/
        -: 2009:/*EOF*/
        -: 2010:/*EOF*/
        -: 2011:/*EOF*/
        -: 2012:/*EOF*/
        -: 2013:/*EOF*/
        -: 2014:/*EOF*/
        -: 2015:/*EOF*/
        -: 2016:/*EOF*/
        -: 2017:/*EOF*/
  1401133: 2018:/*EOF*/
     4834: 2019:/*EOF*/
        -: 2020:/*EOF*/
     1449: 2021:/*EOF*/
        -: 2022:/*EOF*/
        -: 2023:/*EOF*/
  1401133: 2024:/*EOF*/
        -: 2025:/*EOF*/
    20098: 2026:/*EOF*/
        -: 2027:/*EOF*/
        -: 2028:/*EOF*/
    20098: 2029:/*EOF*/
    20098: 2030:/*EOF*/
    20098: 2031:/*EOF*/
        -: 2032:/*EOF*/
    20098: 2033:/*EOF*/
        -: 2034:/*EOF*/
    #####: 2035:/*EOF*/
    #####: 2036:/*EOF*/
    #####: 2037:/*EOF*/
        -: 2038:/*EOF*/
        -: 2039:/*EOF*/
    20098: 2040:/*EOF*/
        -: 2041:/*EOF*/
    #####: 2042:/*EOF*/
    #####: 2043:/*EOF*/
    #####: 2044:/*EOF*/
        -: 2045:/*EOF*/
        -: 2046:/*EOF*/
        -: 2047:/*EOF*/
    #####: 2048:/*EOF*/
    #####: 2049:/*EOF*/
        -: 2050:/*EOF*/
    #####: 2051:/*EOF*/
        -: 2052:/*EOF*/
    #####: 2053:/*EOF*/
    #####: 2054:/*EOF*/
        -: 2055:/*EOF*/
        -: 2056:/*EOF*/
        -: 2057:/*EOF*/
    20098: 2058:/*EOF*/
        -: 2059:/*EOF*/
        -: 2060:/*EOF*/
    20098: 2061:/*EOF*/
        -: 2062:/*EOF*/
        -: 2063:/*EOF*/
        -: 2064:/*EOF*/
        -: 2065:/*EOF*/
    #####: 2066:/*EOF*/
        -: 2067:/*EOF*/
        -: 2068:/*EOF*/
        -: 2069:/*EOF*/
        -: 2070:/*EOF*/
        -: 2071:/*EOF*/
        -: 2072:/*EOF*/
    #####: 2073:/*EOF*/
    #####: 2074:/*EOF*/
    #####: 2075:/*EOF*/
    #####: 2076:/*EOF*/
    #####: 2077:/*EOF*/
        -: 2078:/*EOF*/
    #####: 2079:/*EOF*/
        -: 2080:/*EOF*/
    20098: 2081:/*EOF*/
        -: 2082:/*EOF*/
        -: 2083:/*EOF*/
    #####: 2084:/*EOF*/
        -: 2085:/*EOF*/
    #####: 2086:/*EOF*/
        -: 2087:/*EOF*/
        -: 2088:/*EOF*/
    #####: 2089:/*EOF*/
    #####: 2090:/*EOF*/
        -: 2091:/*EOF*/
        -: 2092:/*EOF*/
    #####: 2093:/*EOF*/
    #####: 2094:/*EOF*/
    #####: 2095:/*EOF*/
        -: 2096:/*EOF*/
        -: 2097:/*EOF*/
    20098: 2098:/*EOF*/
        -: 2099:/*EOF*/
        -: 2100:/*EOF*/
    #####: 2101:/*EOF*/
    #####: 2102:/*EOF*/
    #####: 2103:/*EOF*/
        -: 2104:/*EOF*/
        -: 2105:/*EOF*/
        -: 2106:/*EOF*/
        -: 2107:/*EOF*/
        -: 2108:/*EOF*/
    20098: 2109:/*EOF*/
    #####: 2110:/*EOF*/
    20098: 2111:/*EOF*/
    #####: 2112:/*EOF*/
        -: 2113:/*EOF*/
        -: 2114:/*EOF*/
  1401133: 2115:/*EOF*/
        -: 2116:/*EOF*/
        -: 2117:/*EOF*/
        -: 2118:/*EOF*/
        -: 2119:/*EOF*/
        -: 2120:/*EOF*/
        -: 2121:/*EOF*/
        -: 2122:/*EOF*/
        -: 2123:/*EOF*/
        -: 2124:/*EOF*/
        -: 2125:/*EOF*/
        -: 2126:/*EOF*/
        -: 2127:/*EOF*/
        -: 2128:/*EOF*/
        -: 2129:/*EOF*/
        -: 2130:/*EOF*/
        -: 2131:/*EOF*/
    #####: 2132:/*EOF*/
        -: 2133:/*EOF*/
        -: 2134:/*EOF*/
        -: 2135:/*EOF*/
        -: 2136:/*EOF*/
        -: 2137:/*EOF*/
        -: 2138:/*EOF*/
        -: 2139:/*EOF*/
        -: 2140:/*EOF*/
        -: 2141:/*EOF*/
        -: 2142:/*EOF*/
    #####: 2143:/*EOF*/
    #####: 2144:/*EOF*/
        -: 2145:/*EOF*/
    #####: 2146:/*EOF*/
    #####: 2147:/*EOF*/
        -: 2148:/*EOF*/
    #####: 2149:/*EOF*/
    #####: 2150:/*EOF*/
        -: 2151:/*EOF*/
    #####: 2152:/*EOF*/
        -: 2153:/*EOF*/
        -: 2154:/*EOF*/
    #####: 2155:/*EOF*/
        -: 2156:/*EOF*/
        -: 2157:/*EOF*/
        -: 2158:/*EOF*/
        -: 2159:/*EOF*/
        -: 2160:/*EOF*/
        -: 2161:/*EOF*/
    #####: 2162:/*EOF*/
    #####: 2163:/*EOF*/
    #####: 2164:/*EOF*/
        -: 2165:/*EOF*/
    #####: 2166:/*EOF*/
    #####: 2167:/*EOF*/
    #####: 2168:/*EOF*/
        -: 2169:/*EOF*/
    #####: 2170:/*EOF*/
        -: 2171:/*EOF*/
        -: 2172:/*EOF*/
        -: 2173:/*EOF*/
        -: 2174:/*EOF*/
        -: 2175:/*EOF*/
        -: 2176:/*EOF*/
    #####: 2177:/*EOF*/
    #####: 2178:/*EOF*/
    #####: 2179:/*EOF*/
        -: 2180:/*EOF*/
        -: 2181:/*EOF*/
        -: 2182:/*EOF*/
        -: 2183:/*EOF*/
    #####: 2184:/*EOF*/
        -: 2185:/*EOF*/
        -: 2186:/*EOF*/
        -: 2187:/*EOF*/
        -: 2188:/*EOF*/
        -: 2189:/*EOF*/
        -: 2190:/*EOF*/
        -: 2191:/*EOF*/
        -: 2192:/*EOF*/
        -: 2193:/*EOF*/
    #####: 2194:/*EOF*/
    #####: 2195:/*EOF*/
    #####: 2196:/*EOF*/
        -: 2197:/*EOF*/
        -: 2198:/*EOF*/
        -: 2199:/*EOF*/
        -: 2200:/*EOF*/
        -: 2201:/*EOF*/
        -: 2202:/*EOF*/
    #####: 2203:/*EOF*/
    #####: 2204:/*EOF*/
        -: 2205:/*EOF*/
    #####: 2206:/*EOF*/
    #####: 2207:/*EOF*/
        -: 2208:/*EOF*/
    #####: 2209:/*EOF*/
    #####: 2210:/*EOF*/
        -: 2211:/*EOF*/
    #####: 2212:/*EOF*/
    #####: 2213:/*EOF*/
        -: 2214:/*EOF*/
    #####: 2215:/*EOF*/
    #####: 2216:/*EOF*/
        -: 2217:/*EOF*/
    #####: 2218:/*EOF*/
    #####: 2219:/*EOF*/
        -: 2220:/*EOF*/
    #####: 2221:/*EOF*/
    #####: 2222:/*EOF*/
        -: 2223:/*EOF*/
    #####: 2224:/*EOF*/
    #####: 2225:/*EOF*/
        -: 2226:/*EOF*/
    #####: 2227:/*EOF*/
    #####: 2228:/*EOF*/
        -: 2229:/*EOF*/
    #####: 2230:/*EOF*/
    #####: 2231:/*EOF*/
        -: 2232:/*EOF*/
    #####: 2233:/*EOF*/
    #####: 2234:/*EOF*/
        -: 2235:/*EOF*/
    #####: 2236:/*EOF*/
    #####: 2237:/*EOF*/
        -: 2238:/*EOF*/
    #####: 2239:/*EOF*/
        -: 2240:/*EOF*/
    #####: 2241:/*EOF*/
    #####: 2242:/*EOF*/
    #####: 2243:/*EOF*/
        -: 2244:/*EOF*/
    #####: 2245:/*EOF*/
    #####: 2246:/*EOF*/
        -: 2247:/*EOF*/
        -: 2248:/*EOF*/
    #####: 2249:/*EOF*/
        -: 2250:/*EOF*/
    #####: 2251:/*EOF*/
    #####: 2252:/*EOF*/
    #####: 2253:/*EOF*/
        -: 2254:/*EOF*/
        -: 2255:/*EOF*/
    #####: 2256:/*EOF*/
        -: 2257:/*EOF*/
        -: 2258:/*EOF*/
        -: 2259:/*EOF*/
    #####: 2260:/*EOF*/
        -: 2261:/*EOF*/
        -: 2262:/*EOF*/
        -: 2263:/*EOF*/
        -: 2264:/*EOF*/
        -: 2265:/*EOF*/
        -: 2266:/*EOF*/
        -: 2267:/*EOF*/
        -: 2268:/*EOF*/
        -: 2269:/*EOF*/
        -: 2270:/*EOF*/
        -: 2271:/*EOF*/
    #####: 2272:/*EOF*/
    #####: 2273:/*EOF*/
        -: 2274:/*EOF*/
        -: 2275:/*EOF*/
        -: 2276:/*EOF*/
        -: 2277:/*EOF*/
        -: 2278:/*EOF*/
        -: 2279:/*EOF*/
    #####: 2280:/*EOF*/
    #####: 2281:/*EOF*/
        -: 2282:/*EOF*/
        -: 2283:/*EOF*/
        -: 2284:/*EOF*/
        -: 2285:/*EOF*/
        -: 2286:/*EOF*/
        -: 2287:/*EOF*/
    #####: 2288:/*EOF*/
    #####: 2289:/*EOF*/
        -: 2290:/*EOF*/
    #####: 2291:/*EOF*/
    #####: 2292:/*EOF*/
    #####: 2293:/*EOF*/
    #####: 2294:/*EOF*/
        -: 2295:/*EOF*/
        -: 2296:/*EOF*/
        -: 2297:/*EOF*/
        -: 2298:/*EOF*/
    #####: 2299:/*EOF*/
    #####: 2300:/*EOF*/
        -: 2301:/*EOF*/
    #####: 2302:/*EOF*/
    #####: 2303:/*EOF*/
        -: 2304:/*EOF*/
    #####: 2305:/*EOF*/
        -: 2306:/*EOF*/
    #####: 2307:/*EOF*/
    #####: 2308:/*EOF*/
        -: 2309:/*EOF*/
        -: 2310:/*EOF*/
        -: 2311:/*EOF*/
        -: 2312:/*EOF*/
        -: 2313:/*EOF*/
        -: 2314:/*EOF*/
    #####: 2315:/*EOF*/
        -: 2316:/*EOF*/
        -: 2317:/*EOF*/
        -: 2318:/*EOF*/
    #####: 2319:/*EOF*/
    #####: 2320:/*EOF*/
    #####: 2321:/*EOF*/
        -: 2322:/*EOF*/
    #####: 2323:/*EOF*/
        -: 2324:/*EOF*/
        -: 2325:/*EOF*/
        -: 2326:/*EOF*/
        -: 2327:/*EOF*/
        -: 2328:/*EOF*/
        -: 2329:/*EOF*/
        -: 2330:/*EOF*/
        -: 2331:/*EOF*/
        -: 2332:/*EOF*/
        -: 2333:/*EOF*/
        -: 2334:/*EOF*/
        -: 2335:/*EOF*/
        -: 2336:/*EOF*/
        -: 2337:/*EOF*/
        -: 2338:/*EOF*/
        -: 2339:/*EOF*/
    #####: 2340:/*EOF*/
        -: 2341:/*EOF*/
    #####: 2342:/*EOF*/
    #####: 2343:/*EOF*/
        -: 2344:/*EOF*/
        -: 2345:/*EOF*/
        -: 2346:/*EOF*/
    #####: 2347:/*EOF*/
        -: 2348:/*EOF*/
    #####: 2349:/*EOF*/
        -: 2350:/*EOF*/
    #####: 2351:/*EOF*/
        -: 2352:/*EOF*/
        -: 2353:/*EOF*/
    #####: 2354:/*EOF*/
        -: 2355:/*EOF*/
        -: 2356:/*EOF*/
        -: 2357:/*EOF*/
        -: 2358:/*EOF*/
        -: 2359:/*EOF*/
        -: 2360:/*EOF*/
    #####: 2361:/*EOF*/
        -: 2362:/*EOF*/
        -: 2363:/*EOF*/
        -: 2364:/*EOF*/
        -: 2365:/*EOF*/
        -: 2366:/*EOF*/
        -: 2367:/*EOF*/
        -: 2368:/*EOF*/
    #####: 2369:/*EOF*/
        -: 2370:/*EOF*/
        -: 2371:/*EOF*/
        -: 2372:/*EOF*/
        -: 2373:/*EOF*/
        -: 2374:/*EOF*/
    #####: 2375:/*EOF*/
    #####: 2376:/*EOF*/
    #####: 2377:/*EOF*/
    #####: 2378:/*EOF*/
        -: 2379:/*EOF*/
        -: 2380:/*EOF*/
    #####: 2381:/*EOF*/
    #####: 2382:/*EOF*/
        -: 2383:/*EOF*/
        -: 2384:/*EOF*/
        -: 2385:/*EOF*/
        -: 2386:/*EOF*/
        -: 2387:/*EOF*/
    #####: 2388:/*EOF*/
        -: 2389:/*EOF*/
    #####: 2390:/*EOF*/
        -: 2391:/*EOF*/
        -: 2392:/*EOF*/
    #####: 2393:/*EOF*/
        -: 2394:/*EOF*/
        -: 2395:/*EOF*/
    #####: 2396:/*EOF*/
        -: 2397:/*EOF*/
        -: 2398:/*EOF*/
    #####: 2399:/*EOF*/
    #####: 2400:/*EOF*/
        -: 2401:/*EOF*/
        -: 2402:/*EOF*/
        -: 2403:/*EOF*/
        -: 2404:/*EOF*/
        -: 2405:/*EOF*/
        -: 2406:/*EOF*/
        -: 2407:/*EOF*/
    #####: 2408:/*EOF*/
    #####: 2409:/*EOF*/
    #####: 2410:/*EOF*/
        -: 2411:/*EOF*/
    #####: 2412:/*EOF*/
    #####: 2413:/*EOF*/
        -: 2414:/*EOF*/
    #####: 2415:/*EOF*/
        -: 2416:/*EOF*/
        -: 2417:/*EOF*/
        -: 2418:/*EOF*/
        -: 2419:/*EOF*/
        -: 2420:/*EOF*/
        -: 2421:/*EOF*/
        -: 2422:/*EOF*/
        -: 2423:/*EOF*/
    #####: 2424:/*EOF*/
    #####: 2425:/*EOF*/
    #####: 2426:/*EOF*/
        -: 2427:/*EOF*/
        -: 2428:/*EOF*/
        -: 2429:/*EOF*/
        -: 2430:/*EOF*/
    #####: 2431:/*EOF*/
        -: 2432:/*EOF*/
    #####: 2433:/*EOF*/
    #####: 2434:/*EOF*/
        -: 2435:/*EOF*/
        -: 2436:/*EOF*/
        -: 2437:/*EOF*/
        -: 2438:/*EOF*/
        -: 2439:/*EOF*/
        -: 2440:/*EOF*/
    #####: 2441:/*EOF*/
    #####: 2442:/*EOF*/
        -: 2443:/*EOF*/
    #####: 2444:/*EOF*/
        -: 2445:/*EOF*/
    #####: 2446:/*EOF*/
        -: 2447:/*EOF*/
    #####: 2448:/*EOF*/
    #####: 2449:/*EOF*/
        -: 2450:/*EOF*/
        -: 2451:/*EOF*/
        -: 2452:/*EOF*/
        -: 2453:/*EOF*/
        -: 2454:/*EOF*/
    #####: 2455:/*EOF*/
    #####: 2456:/*EOF*/
        -: 2457:/*EOF*/
        -: 2458:/*EOF*/
        -: 2459:/*EOF*/
        -: 2460:/*EOF*/
    #####: 2461:/*EOF*/
        -: 2462:/*EOF*/
    #####: 2463:/*EOF*/
    #####: 2464:/*EOF*/
        -: 2465:/*EOF*/
        -: 2466:/*EOF*/
        -: 2467:/*EOF*/
        -: 2468:/*EOF*/
        -: 2469:/*EOF*/
        -: 2470:/*EOF*/
        -: 2471:/*EOF*/
        -: 2472:/*EOF*/
        -: 2473:/*EOF*/
        -: 2474:/*EOF*/
    #####: 2475:/*EOF*/
        -: 2476:/*EOF*/
        -: 2477:/*EOF*/
        -: 2478:/*EOF*/
        -: 2479:/*EOF*/
    #####: 2480:/*EOF*/
        -: 2481:/*EOF*/
        -: 2482:/*EOF*/
        -: 2483:/*EOF*/
        -: 2484:/*EOF*/
    #####: 2485:/*EOF*/
    #####: 2486:/*EOF*/
    #####: 2487:/*EOF*/
    #####: 2488:/*EOF*/
        -: 2489:/*EOF*/
    #####: 2490:/*EOF*/
    #####: 2491:/*EOF*/
    #####: 2492:/*EOF*/
        -: 2493:/*EOF*/
    #####: 2494:/*EOF*/
        -: 2495:/*EOF*/
        -: 2496:/*EOF*/
    #####: 2497:/*EOF*/
    #####: 2498:/*EOF*/
    #####: 2499:/*EOF*/
        -: 2500:/*EOF*/
        -: 2501:/*EOF*/
        -: 2502:/*EOF*/
        -: 2503:/*EOF*/
        -: 2504:/*EOF*/
        -: 2505:/*EOF*/
  1566568: 2506:/*EOF*/
        -: 2507:/*EOF*/
  1566568: 2508:/*EOF*/
  1566568: 2509:/*EOF*/
        -: 2510:/*EOF*/
    #####: 2511:/*EOF*/
    #####: 2512:/*EOF*/
    #####: 2513:/*EOF*/
        -: 2514:/*EOF*/
    #####: 2515:/*EOF*/
    #####: 2516:/*EOF*/
        -: 2517:/*EOF*/
        -: 2518:/*EOF*/
  1566568: 2519:/*EOF*/
        -: 2520:/*EOF*/
        -: 2521:/*EOF*/
        -: 2522:/*EOF*/
        -: 2523:/*EOF*/
        -: 2524:/*EOF*/
        -: 2525:/*EOF*/
        -: 2526:/*EOF*/
  1062464: 2527:/*EOF*/
  1062464: 2528:/*EOF*/
    #####: 2529:/*EOF*/
    #####: 2530:/*EOF*/
        -: 2531:/*EOF*/
        -: 2532:/*EOF*/
        -: 2533:/*EOF*/
        -: 2534:/*EOF*/
        -: 2535:/*EOF*/
        -: 2536:/*EOF*/
        -: 2537:/*EOF*/
  1062464: 2538:/*EOF*/
        -: 2539:/*EOF*/
  1062464: 2540:/*EOF*/
  1062464: 2541:/*EOF*/
  1062464: 2542:/*EOF*/
        -: 2543:/*EOF*/
        -: 2544:/*EOF*/
        -: 2545:/*EOF*/
        -: 2546:/*EOF*/
        -: 2547:/*EOF*/
        -: 2548:/*EOF*/
        -: 2549:/*EOF*/
        -: 2550:/*EOF*/
        -: 2551:/*EOF*/
        -: 2552:/*EOF*/
        -: 2553:/*EOF*/
        -: 2554:/*EOF*/
  1421930: 2555:/*EOF*/
        -: 2556:/*EOF*/
  1421930: 2557:/*EOF*/
  1421930: 2558:/*EOF*/
  1421930: 2559:/*EOF*/
  1421930: 2560:/*EOF*/
  1421930: 2561:/*EOF*/
  1421930: 2562:/*EOF*/
  1421930: 2563:/*EOF*/
        -: 2564:/*EOF*/
        -: 2565:/*EOF*/
        -: 2566:/*EOF*/
        -: 2567:/*EOF*/
        -: 2568:/*EOF*/
        -: 2569:/*EOF*/
        -: 2570:/*EOF*/
  1156256: 2571:/*EOF*/
        -: 2572:/*EOF*/
        -: 2573:/*EOF*/
        -: 2574:/*EOF*/
  1156256: 2575:/*EOF*/
        -: 2576:/*EOF*/
        -: 2577:/*EOF*/
  1156256: 2578:/*EOF*/
  1156256: 2579:/*EOF*/
  1156256: 2580:/*EOF*/
        -: 2581:/*EOF*/
    #####: 2582:/*EOF*/
    #####: 2583:/*EOF*/
        -: 2584:/*EOF*/
        -: 2585:/*EOF*/
  1156256: 2586:/*EOF*/
        -: 2587:/*EOF*/
        -: 2588:/*EOF*/
   265674: 2589:/*EOF*/
        -: 2590:/*EOF*/
        -: 2591:/*EOF*/
   265674: 2592:/*EOF*/
   265674: 2593:/*EOF*/
   531348: 2594:/*EOF*/
        -: 2595:/*EOF*/
    #####: 2596:/*EOF*/
    #####: 2597:/*EOF*/
    #####: 2598:/*EOF*/
    #####: 2599:/*EOF*/
        -: 2600:/*EOF*/
        -: 2601:/*EOF*/
        -: 2602:/*EOF*/
        -: 2603:/*EOF*/
   265674: 2604:/*EOF*/
        -: 2605:/*EOF*/
    #####: 2606:/*EOF*/
        -: 2607:/*EOF*/
    #####: 2608:/*EOF*/
        -: 2609:/*EOF*/
        -: 2610:/*EOF*/
        -: 2611:/*EOF*/
        -: 2612:/*EOF*/
   265674: 2613:/*EOF*/
        -: 2614:/*EOF*/
        -: 2615:/*EOF*/
  1156256: 2616:/*EOF*/
        -: 2617:/*EOF*/
   278820: 2618:/*EOF*/
   262883: 2619:/*EOF*/
   278820: 2620:/*EOF*/
   278820: 2621:/*EOF*/
   279396: 2622:/*EOF*/
   278820: 2623:/*EOF*/
        -: 2624:/*EOF*/
   279396: 2625:/*EOF*/
   278820: 2626:/*EOF*/
        -: 2627:/*EOF*/
        -: 2628:/*EOF*/
        -: 2629:/*EOF*/
        -: 2630:/*EOF*/
        -: 2631:/*EOF*/
  1156256: 2632:/*EOF*/
        -: 2633:/*EOF*/
        -: 2634:/*EOF*/
        -: 2635:/*EOF*/
        -: 2636:/*EOF*/
        -: 2637:/*EOF*/
614517782: 2638:/*EOF*/
614517782: 2639:/*EOF*/
614517782: 2640:/*EOF*/
        -: 2641:/*EOF*/
613361526: 2642:/*EOF*/
        -: 2643:/*EOF*/
608524972: 2644:/*EOF*/
        -: 2645:/*EOF*/
        -: 2646:/*EOF*/
608524972: 2647:/*EOF*/
        -: 2648:/*EOF*/
        -: 2649:/*EOF*/
        -: 2650:/*EOF*/
        -: 2651:/*EOF*/
        -: 2652:/*EOF*/
        -: 2653:/*EOF*/
        -: 2654:/*EOF*/
        -: 2655:/*EOF*/
        -: 2656:/*EOF*/
        -: 2657:/*EOF*/
        -: 2658:/*EOF*/
        -: 2659:/*EOF*/
        -: 2660:/*EOF*/
608524972: 2661:/*EOF*/
        -: 2662:/*EOF*/
        -: 2663:/*EOF*/
        -: 2664:/*EOF*/
        -: 2665:/*EOF*/
        -: 2666:/*EOF*/
        -: 2667:/*EOF*/
        -: 2668:/*EOF*/
608524972: 2669:/*EOF*/
  7180770: 2670:/*EOF*/
        -: 2671:/*EOF*/
        -: 2672:/*EOF*/
        -: 2673:/*EOF*/
        -: 2674:/*EOF*/
  2077986: 2675:/*EOF*/
  2077986: 2676:/*EOF*/
  2077986: 2677:/*EOF*/
        -: 2678:/*EOF*/
        -: 2679:/*EOF*/
        -: 2680:/*EOF*/
  1156256: 2681:/*EOF*/
        -: 2682:/*EOF*/
    #####: 2683:/*EOF*/
    #####: 2684:/*EOF*/
        -: 2685:/*EOF*/
        -: 2686:/*EOF*/
        -: 2687:/*EOF*/
        -: 2688:/*EOF*/
        -: 2689:/*EOF*/
        -: 2690:/*EOF*/
        -: 2691:/*EOF*/
        -: 2692:/*EOF*/
613361526: 2693:/*EOF*/
613361526: 2694:/*EOF*/
        -: 2695:/*EOF*/
  1156256: 2696:/*EOF*/
        -: 2697:/*EOF*/
    #####: 2698:/*EOF*/
        -: 2699:/*EOF*/
        -: 2700:/*EOF*/
        -: 2701:/*EOF*/
        -: 2702:/*EOF*/
  1156256: 2703:/*EOF*/
        -: 2704:/*EOF*/
        -: 2705:/*EOF*/
        -: 2706:/*EOF*/
        -: 2707:/*EOF*/
  1156256: 2708:/*EOF*/
   265674: 2709:/*EOF*/
        -: 2710:/*EOF*/
  1156256: 2711:/*EOF*/
        -: 2712:/*EOF*/
        -: 2713:/*EOF*/
        -: 2714:/*EOF*/
        -: 2715:/*EOF*/
    31924: 2716:/*EOF*/
    31924: 2717:/*EOF*/
    31924: 2718:/*EOF*/
    31924: 2719:/*EOF*/
    31924: 2720:/*EOF*/
        -: 2721:/*EOF*/
    31924: 2722:/*EOF*/
    31924: 2723:/*EOF*/
        -: 2724:/*EOF*/
        -: 2725:/*EOF*/
  1156256: 2726:/*EOF*/
  1059049: 2727:/*EOF*/
        -: 2728:/*EOF*/
        -: 2729:/*EOF*/
        -: 2730:/*EOF*/
        -: 2731:/*EOF*/
        -: 2732:/*EOF*/
        -: 2733:/*EOF*/
        -: 2734:/*EOF*/
        -: 2735:/*EOF*/
        -: 2736:/*EOF*/
        -: 2737:/*EOF*/
    10212: 2738:/*EOF*/
    10212: 2739:/*EOF*/
        -: 2740:/*EOF*/
    10212: 2741:/*EOF*/
    10212: 2742:/*EOF*/
        -: 2743:/*EOF*/
        -: 2744:/*EOF*/
        -: 2745:/*EOF*/
        -: 2746:/*EOF*/
        -: 2747:/*EOF*/
        -: 2748:/*EOF*/
        -: 2749:/*EOF*/
        -: 2750:/*EOF*/
1208388283: 2751:/*EOF*/
  2019369: 2752:/*EOF*/
        -: 2753:/*EOF*/
        -: 2754:/*EOF*/
        -: 2755:/*EOF*/
        -: 2756:/*EOF*/
        -: 2757:/*EOF*/
        -: 2758:/*EOF*/
        -: 2759:/*EOF*/
613361526: 2760:/*EOF*/
        -: 2761:/*EOF*/
1226723052: 2762:/*EOF*/
604825686: 2763:/*EOF*/
  4771247: 2764:/*EOF*/
608597742: 2765:/*EOF*/
1195687884: 2766:/*EOF*/
1830557010: 2767:/*EOF*/
        -: 2768:/*EOF*/
        -: 2769:/*EOF*/
        -: 2770:/*EOF*/
        -: 2771:/*EOF*/
        -: 2772:/*EOF*/
        -: 2773:/*EOF*/
        -: 2774:/*EOF*/
        -: 2775:/*EOF*/
        -: 2776:/*EOF*/
 11944452: 2777:/*EOF*/
        -: 2778:/*EOF*/
        -: 2779:/*EOF*/
        -: 2780:/*EOF*/
        -: 2781:/*EOF*/
        -: 2782:/*EOF*/
        -: 2783:/*EOF*/
        -: 2784:/*EOF*/
        -: 2785:/*EOF*/
        -: 2786:/*EOF*/
        -: 2787:/*EOF*/
        -: 2788:/*EOF*/
        -: 2789:/*EOF*/
        -: 2790:/*EOF*/
        -: 2791:/*EOF*/
        -: 2792:/*EOF*/
        -: 2793:/*EOF*/
        -: 2794:/*EOF*/
        -: 2795:/*EOF*/
        -: 2796:/*EOF*/
        -: 2797:/*EOF*/
        -: 2798:/*EOF*/
        -: 2799:/*EOF*/
        -: 2800:/*EOF*/
        -: 2801:/*EOF*/
        -: 2802:/*EOF*/
        -: 2803:/*EOF*/
        -: 2804:/*EOF*/
        -: 2805:/*EOF*/
        -: 2806:/*EOF*/
    #####: 2807:/*EOF*/
        -: 2808:/*EOF*/
        -: 2809:/*EOF*/
        -: 2810:/*EOF*/
        -: 2811:/*EOF*/
        -: 2812:/*EOF*/
        -: 2813:/*EOF*/
        -: 2814:/*EOF*/
        -: 2815:/*EOF*/
        -: 2816:/*EOF*/
 14978233: 2817:/*EOF*/
 14978233: 2818:/*EOF*/
        -: 2819:/*EOF*/
        -: 2820:/*EOF*/
        -: 2821:/*EOF*/
        -: 2822:/*EOF*/
        -: 2823:/*EOF*/
        -: 2824:/*EOF*/
        -: 2825:/*EOF*/
        -: 2826:/*EOF*/
        -: 2827:/*EOF*/
        -: 2828:/*EOF*/
        -: 2829:/*EOF*/
  4635375: 2830:/*EOF*/
        -: 2831:/*EOF*/
        -: 2832:/*EOF*/
        -: 2833:/*EOF*/
 19598437: 2834:/*EOF*/
        -: 2835:/*EOF*/
 14963062: 2836:/*EOF*/
 14963062: 2837:/*EOF*/
        -: 2838:/*EOF*/
        -: 2839:/*EOF*/
  4635375: 2840:/*EOF*/
  4635375: 2841:/*EOF*/
  4635375: 2842:/*EOF*/
  4635375: 2843:/*EOF*/
  4635375: 2844:/*EOF*/
  4635375: 2845:/*EOF*/
  4635375: 2846:/*EOF*/
  4635375: 2847:/*EOF*/
  4635375: 2848:/*EOF*/
  4635375: 2849:/*EOF*/
  4635375: 2850:/*EOF*/
  4635375: 2851:/*EOF*/
  4635375: 2852:/*EOF*/
        -: 2853:/*EOF*/
        -: 2854:/*EOF*/
        -: 2855:/*EOF*/
        -: 2856:/*EOF*/
        -: 2857:/*EOF*/
        -: 2858:/*EOF*/
  6640270: 2859:/*EOF*/
        -: 2860:/*EOF*/
        -: 2861:/*EOF*/
        -: 2862:/*EOF*/
        -: 2863:/*EOF*/
        -: 2864:/*EOF*/
        -: 2865:/*EOF*/
  6707582: 2866:/*EOF*/
        -: 2867:/*EOF*/
        -: 2868:/*EOF*/
        -: 2869:/*EOF*/
        -: 2870:/*EOF*/
        -: 2871:/*EOF*/
  6707582: 2872:/*EOF*/
        -: 2873:/*EOF*/
  6039585: 2874:/*EOF*/
  6039585: 2875:/*EOF*/
        -: 2876:/*EOF*/
   667997: 2877:/*EOF*/
        -: 2878:/*EOF*/
        -: 2879:/*EOF*/
        -: 2880:/*EOF*/
        -: 2881:/*EOF*/
        -: 2882:/*EOF*/
        -: 2883:/*EOF*/
   667997: 2884:/*EOF*/
    20273: 2885:/*EOF*/
  1335994: 2886:/*EOF*/
  1335994: 2887:/*EOF*/
   667997: 2888:/*EOF*/
        -: 2889:/*EOF*/
        -: 2890:/*EOF*/
        -: 2891:/*EOF*/
        -: 2892:/*EOF*/
        -: 2893:/*EOF*/
        -: 2894:/*EOF*/
        -: 2895:/*EOF*/
  5972273: 2896:/*EOF*/
        -: 2897:/*EOF*/
        -: 2898:/*EOF*/
        -: 2899:/*EOF*/
        -: 2900:/*EOF*/
        -: 2901:/*EOF*/
  5972273: 2902:/*EOF*/
        -: 2903:/*EOF*/
    #####: 2904:/*EOF*/
    #####: 2905:/*EOF*/
        -: 2906:/*EOF*/
        -: 2907:/*EOF*/
        -: 2908:/*EOF*/
        -: 2909:/*EOF*/
  5972273: 2910:/*EOF*/
  5972273: 2911:/*EOF*/
 11944546: 2912:/*EOF*/
    #####: 2913:/*EOF*/
        -: 2914:/*EOF*/
        -: 2915:/*EOF*/
        -: 2916:/*EOF*/
        -: 2917:/*EOF*/
        -: 2918:/*EOF*/
        -: 2919:/*EOF*/
        -: 2920:/*EOF*/
    #####: 2921:/*EOF*/
        -: 2922:/*EOF*/
        -: 2923:/*EOF*/
        -: 2924:/*EOF*/
        -: 2925:/*EOF*/
        -: 2926:/*EOF*/
    #####: 2927:/*EOF*/
        -: 2928:/*EOF*/
    #####: 2929:/*EOF*/
        -: 2930:/*EOF*/
        -: 2931:/*EOF*/
        -: 2932:/*EOF*/
    #####: 2933:/*EOF*/
    #####: 2934:/*EOF*/
    #####: 2935:/*EOF*/
        -: 2936:/*EOF*/
        -: 2937:/*EOF*/
        -: 2938:/*EOF*/
        -: 2939:/*EOF*/
        -: 2940:/*EOF*/
        -: 2941:/*EOF*/
        -: 2942:/*EOF*/
609631686: 2943:/*EOF*/
        -: 2944:/*EOF*/
        -: 2945:/*EOF*/
609631686: 2946:/*EOF*/
        -: 2947:/*EOF*/
        -: 2948:/*EOF*/
        -: 2949:/*EOF*/
        -: 2950:/*EOF*/
609631686: 2951:/*EOF*/
        -: 2952:/*EOF*/
609631686: 2953:/*EOF*/
        -: 2954:/*EOF*/
  5261140: 2955:/*EOF*/
  2630570: 2956:/*EOF*/
        -: 2957:/*EOF*/
        -: 2958:/*EOF*/
609631686: 2959:/*EOF*/
609631686: 2960:/*EOF*/
609631686: 2961:/*EOF*/
609631686: 2962:/*EOF*/
        -: 2963:/*EOF*/
609631686: 2964:/*EOF*/
608524972: 2965:/*EOF*/
        -: 2966:/*EOF*/
        -: 2967:/*EOF*/
        -: 2968:/*EOF*/
597297037: 2969:/*EOF*/
    #####: 2970:/*EOF*/
    #####: 2971:/*EOF*/
    #####: 2972:/*EOF*/
        -: 2973:/*EOF*/
        -: 2974:/*EOF*/
597297037: 2975:/*EOF*/
 12284390: 2976:/*EOF*/
    19148: 2977:/*EOF*/
    18928: 2978:/*EOF*/
        -: 2979:/*EOF*/
        -: 2980:/*EOF*/
597296817: 2981:/*EOF*/
596211522: 2982:/*EOF*/
 11198875: 2983:/*EOF*/
        -: 2984:/*EOF*/
        -: 2985:/*EOF*/
        -: 2986:/*EOF*/
 11198875: 2987:/*EOF*/
        -: 2988:/*EOF*/
        -: 2989:/*EOF*/
        -: 2990:/*EOF*/
        -: 2991:/*EOF*/
        -: 2992:/*EOF*/
        -: 2993:/*EOF*/
 10147145: 2994:/*EOF*/
    #####: 2995:/*EOF*/
    #####: 2996:/*EOF*/
    #####: 2997:/*EOF*/
    #####: 2998:/*EOF*/
        -: 2999:/*EOF*/
        -: 3000:/*EOF*/
        -: 3001:/*EOF*/
        -: 3002:/*EOF*/
        -: 3003:/*EOF*/
        -: 3004:/*EOF*/
        -: 3005:/*EOF*/
        -: 3006:/*EOF*/
 14024524: 3007:/*EOF*/
        -: 3008:/*EOF*/
        -: 3009:/*EOF*/
        -: 3010:/*EOF*/
 12917810: 3011:/*EOF*/
 12917810: 3012:/*EOF*/
        -: 3013:/*EOF*/
        -: 3014:/*EOF*/
 14024524: 3015:/*EOF*/
        -: 3016:/*EOF*/
        -: 3017:/*EOF*/
   560538: 3018:/*EOF*/
   280269: 3019:/*EOF*/
   280269: 3020:/*EOF*/
        -: 3021:/*EOF*/
        -: 3022:/*EOF*/
        -: 3023:/*EOF*/
  7081716: 3024:/*EOF*/
        -: 3025:/*EOF*/
        -: 3026:/*EOF*/
  2147936: 3027:/*EOF*/
  1073968: 3028:/*EOF*/
        -: 3029:/*EOF*/
  1073968: 3030:/*EOF*/
        -: 3031:/*EOF*/
        -: 3032:/*EOF*/
  1072606: 3033:/*EOF*/
  1046118: 3034:/*EOF*/
  2118724: 3035:/*EOF*/
  1072606: 3036:/*EOF*/
        -: 3037:/*EOF*/
        -: 3038:/*EOF*/
        -: 3039:/*EOF*/
        -: 3040:/*EOF*/
        -: 3041:/*EOF*/
        -: 3042:/*EOF*/
        -: 3043:/*EOF*/
        -: 3044:/*EOF*/
        -: 3045:/*EOF*/
 27437784: 3046:/*EOF*/
 13718892: 3047:/*EOF*/
 13718892: 3048:/*EOF*/
        -: 3049:/*EOF*/
        -: 3050:/*EOF*/
 14024524: 3051:/*EOF*/
        -: 3052:/*EOF*/
        -: 3053:/*EOF*/
        -: 3054:/*EOF*/
        -: 3055:/*EOF*/
  1062464: 3056:/*EOF*/
  1062464: 3057:/*EOF*/
  1062464: 3058:/*EOF*/
        -: 3059:/*EOF*/
        -: 3060:/*EOF*/
    #####: 3061:/*EOF*/
    #####: 3062:/*EOF*/
        -: 3063:/*EOF*/
    #####: 3064:/*EOF*/
        -: 3065:/*EOF*/
        -: 3066:/*EOF*/
 12962060: 3067:/*EOF*/
        -: 3068:/*EOF*/
        -: 3069:/*EOF*/
 12962060: 3070:/*EOF*/
 12241879: 3071:/*EOF*/
    #####: 3072:/*EOF*/
        -: 3073:/*EOF*/
 12962060: 3074:/*EOF*/
        -: 3075:/*EOF*/
  6707582: 3076:/*EOF*/
  6707582: 3077:/*EOF*/
  6707582: 3078:/*EOF*/
  6707582: 3079:/*EOF*/
        -: 3080:/*EOF*/
  6707582: 3081:/*EOF*/
        -: 3082:/*EOF*/
        -: 3083:/*EOF*/
        -: 3084:/*EOF*/
        -: 3085:/*EOF*/
    #####: 3086:/*EOF*/
        -: 3087:/*EOF*/
        -: 3088:/*EOF*/
        -: 3089:/*EOF*/
  6707582: 3090:/*EOF*/
        -: 3091:/*EOF*/
        -: 3092:/*EOF*/
        -: 3093:/*EOF*/
        -: 3094:/*EOF*/
        -: 3095:/*EOF*/
  6707582: 3096:/*EOF*/
  6707582: 3097:/*EOF*/
        -: 3098:/*EOF*/
        -: 3099:/*EOF*/
  6707582: 3100:/*EOF*/
        -: 3101:/*EOF*/
  5972273: 3102:/*EOF*/
  5972273: 3103:/*EOF*/
  5972273: 3104:/*EOF*/
        -: 3105:/*EOF*/
        -: 3106:/*EOF*/
  6707582: 3107:/*EOF*/
        -: 3108:/*EOF*/
        -: 3109:/*EOF*/
        -: 3110:/*EOF*/
        -: 3111:/*EOF*/
  6707582: 3112:/*EOF*/
        -: 3113:/*EOF*/
  6707582: 3114:/*EOF*/
    #####: 3115:/*EOF*/
        -: 3116:/*EOF*/
        -: 3117:/*EOF*/
 12962060: 3118:/*EOF*/
     1162: 3119:/*EOF*/
        -: 3120:/*EOF*/
        -: 3121:/*EOF*/
        -: 3122:/*EOF*/
       40: 3123:/*EOF*/
       40: 3124:/*EOF*/
        -: 3125:/*EOF*/
        -: 3126:/*EOF*/
        -: 3127:/*EOF*/
       40: 3128:/*EOF*/
       40: 3129:/*EOF*/
    #####: 3130:/*EOF*/
        -: 3131:/*EOF*/
    #####: 3132:/*EOF*/
        -: 3133:/*EOF*/
        -: 3134:/*EOF*/
        -: 3135:/*EOF*/
        -: 3136:/*EOF*/
    #####: 3137:/*EOF*/
    #####: 3138:/*EOF*/
        -: 3139:/*EOF*/
        -: 3140:/*EOF*/
        -: 3141:/*EOF*/
    #####: 3142:/*EOF*/
        -: 3143:/*EOF*/
        -: 3144:/*EOF*/
       40: 3145:/*EOF*/
        -: 3146:/*EOF*/
        -: 3147:/*EOF*/
 12962060: 3148:/*EOF*/
     1162: 3149:/*EOF*/
 12960898: 3150:/*EOF*/
        -: 3151:/*EOF*/
   719019: 3152:/*EOF*/
    15171: 3153:/*EOF*/
        -: 3154:/*EOF*/
   703848: 3155:/*EOF*/
        -: 3156:/*EOF*/
        -: 3157:/*EOF*/
 12241879: 3158:/*EOF*/
        -: 3159:/*EOF*/
 12962060: 3160:/*EOF*/
 12962060: 3161:/*EOF*/
        -: 3162:/*EOF*/
        -: 3163:/*EOF*/
  7826000: 3164:/*EOF*/
        -: 3165:/*EOF*/
        -: 3166:/*EOF*/
  7826000: 3167:/*EOF*/
    57831: 3168:/*EOF*/
        -: 3169:/*EOF*/
        -: 3170:/*EOF*/
 12962060: 3171:/*EOF*/
        -: 3172:/*EOF*/
  5972273: 3173:/*EOF*/
        -: 3174:/*EOF*/
  1950322: 3175:/*EOF*/
  1950322: 3176:/*EOF*/
    12321: 3177:/*EOF*/
        -: 3178:/*EOF*/
        -: 3179:/*EOF*/
  5972273: 3180:/*EOF*/
        -: 3181:/*EOF*/
  5586286: 3182:/*EOF*/
  5586286: 3183:/*EOF*/
    18696: 3184:/*EOF*/
        -: 3185:/*EOF*/
        -: 3186:/*EOF*/
  5972273: 3187:/*EOF*/
        -: 3188:/*EOF*/
    #####: 3189:/*EOF*/
    #####: 3190:/*EOF*/
    #####: 3191:/*EOF*/
        -: 3192:/*EOF*/
        -: 3193:/*EOF*/
        -: 3194:/*EOF*/
 12962060: 3195:/*EOF*/
        -: 3196:/*EOF*/
   759896: 3197:/*EOF*/
   759896: 3198:/*EOF*/
    32079: 3199:/*EOF*/
        -: 3200:/*EOF*/
        -: 3201:/*EOF*/
 12962060: 3202:/*EOF*/
        -: 3203:/*EOF*/
        -: 3204:/*EOF*/
  5972273: 3205:/*EOF*/
  5972273: 3206:/*EOF*/
    22090: 3207:/*EOF*/
        -: 3208:/*EOF*/
  5972273: 3209:/*EOF*/
        -: 3210:/*EOF*/
        -: 3211:/*EOF*/
    #####: 3212:/*EOF*/
    #####: 3213:/*EOF*/
    #####: 3214:/*EOF*/
    #####: 3215:/*EOF*/
    #####: 3216:/*EOF*/
    #####: 3217:/*EOF*/
    #####: 3218:/*EOF*/
    #####: 3219:/*EOF*/
    #####: 3220:/*EOF*/
        -: 3221:/*EOF*/
        -: 3222:/*EOF*/
        -: 3223:/*EOF*/
        -: 3224:/*EOF*/
 11944546: 3225:/*EOF*/
  5972273: 3226:/*EOF*/
        -: 3227:/*EOF*/
        -: 3228:/*EOF*/
        -: 3229:/*EOF*/
  5972273: 3230:/*EOF*/
    45116: 3231:/*EOF*/
        -: 3232:/*EOF*/
        -: 3233:/*EOF*/
        -: 3234:/*EOF*/
        -: 3235:/*EOF*/
608569222: 3236:/*EOF*/
        -: 3237:/*EOF*/
        -: 3238:/*EOF*/
  1290954: 3239:/*EOF*/
  1290954: 3240:/*EOF*/
    45317: 3241:/*EOF*/
        -: 3242:/*EOF*/
        -: 3243:/*EOF*/
608569222: 3244:/*EOF*/
608569222: 3245:/*EOF*/
        -: 3246:/*EOF*/
608569222: 3247:/*EOF*/
        -: 3248:/*EOF*/
        -: 3249:/*EOF*/
        -: 3250:/*EOF*/
        -: 3251:/*EOF*/
        -: 3252:/*EOF*/
        -: 3253:/*EOF*/
 13006627: 3254:/*EOF*/
        -: 3255:/*EOF*/
        -: 3256:/*EOF*/
        -: 3257:/*EOF*/
        -: 3258:/*EOF*/
        -: 3259:/*EOF*/
        -: 3260:/*EOF*/
        -: 3261:/*EOF*/
       40: 3262:/*EOF*/
        -: 3263:/*EOF*/
       40: 3264:/*EOF*/
       40: 3265:/*EOF*/
    #####: 3266:/*EOF*/
        -: 3267:/*EOF*/
       40: 3268:/*EOF*/
        -: 3269:/*EOF*/
        -: 3270:/*EOF*/
        -: 3271:/*EOF*/
        -: 3272:/*EOF*/
        -: 3273:/*EOF*/
        -: 3274:/*EOF*/
        -: 3275:/*EOF*/
       40: 3276:/*EOF*/
        -: 3277:/*EOF*/
       40: 3278:/*EOF*/
        -: 3279:/*EOF*/
        -: 3280:/*EOF*/
       40: 3281:/*EOF*/
    #####: 3282:/*EOF*/
        -: 3283:/*EOF*/
        -: 3284:/*EOF*/
        -: 3285:/*EOF*/
       40: 3286:/*EOF*/
       40: 3287:/*EOF*/
    #####: 3288:/*EOF*/
        -: 3289:/*EOF*/
       40: 3290:/*EOF*/
        -: 3291:/*EOF*/
        -: 3292:/*EOF*/
        -: 3293:/*EOF*/
        -: 3294:/*EOF*/
       40: 3295:/*EOF*/
       40: 3296:/*EOF*/
        -: 3297:/*EOF*/
       80: 3298:/*EOF*/
       40: 3299:/*EOF*/
        -: 3300:/*EOF*/
        -: 3301:/*EOF*/
        -: 3302:/*EOF*/
        -: 3303:/*EOF*/
        -: 3304:/*EOF*/
        -: 3305:/*EOF*/
   447388: 3306:/*EOF*/
        -: 3307:/*EOF*/
   447388: 3308:/*EOF*/
   447388: 3309:/*EOF*/
        -: 3310:/*EOF*/
        -: 3311:/*EOF*/
        -: 3312:/*EOF*/
        -: 3313:/*EOF*/
        -: 3314:/*EOF*/
        -: 3315:/*EOF*/
        -: 3316:/*EOF*/
        -: 3317:/*EOF*/
        -: 3318:/*EOF*/
        -: 3319:/*EOF*/
        -: 3320:/*EOF*/
   284475: 3321:/*EOF*/
        -: 3322:/*EOF*/
        -: 3323:/*EOF*/
        -: 3324:/*EOF*/
   284475: 3325:/*EOF*/
        -: 3326:/*EOF*/
[...]
    #####: 4154:/*EOF*/
        -: 4155:/*EOF*/
        -: 4156:/*EOF*/
        -: 4157:/*EOF*/
        -: 4158:/*EOF*/
    #####: 4159:/*EOF*/
    #####: 4160:/*EOF*/
    #####: 4161:/*EOF*/
    #####: 4162:/*EOF*/
        -: 4163:/*EOF*/
        -: 4164:/*EOF*/
    #####: 4165:/*EOF*/
        -: 4166:/*EOF*/
    #####: 4167:/*EOF*/
        -: 4168:/*EOF*/
    #####: 4169:/*EOF*/
    #####: 4170:/*EOF*/
        -: 4171:/*EOF*/
        -: 4172:/*EOF*/
        -: 4173:/*EOF*/
    #####: 4174:/*EOF*/
    #####: 4175:/*EOF*/
    #####: 4176:/*EOF*/
        -: 4177:/*EOF*/
        -: 4178:/*EOF*/
        -: 4179:/*EOF*/
        -: 4180:/*EOF*/
        -: 4181:/*EOF*/
        -: 4182:/*EOF*/
    #####: 4183:/*EOF*/
    #####: 4184:/*EOF*/
    #####: 4185:/*EOF*/
        -: 4186:/*EOF*/
        -: 4187:/*EOF*/
    #####: 4188:/*EOF*/
        -: 4189:/*EOF*/
    #####: 4190:/*EOF*/
        -: 4191:/*EOF*/
        -: 4192:/*EOF*/
        -: 4193:/*EOF*/
    #####: 4194:/*EOF*/
        -: 4195:/*EOF*/
        -: 4196:/*EOF*/
        -: 4197:/*EOF*/
  1504788: 4198:/*EOF*/
  1504788: 4199:/*EOF*/
        -: 4200:/*EOF*/
 26091364: 4201:/*EOF*/
        -: 4202:/*EOF*/
 46163576: 4203:/*EOF*/
    #####: 4204:/*EOF*/
 23081788: 4205:/*EOF*/
        -: 4206:/*EOF*/
        -: 4207:/*EOF*/
        -: 4208:/*EOF*/
        -: 4209:/*EOF*/
614275443: 4210:/*EOF*/
        -: 4211:/*EOF*/
  6581169: 4212:/*EOF*/
    #####: 4213:/*EOF*/
        -: 4214:/*EOF*/
        -: 4215:/*EOF*/
  6581169: 4216:/*EOF*/
  6581169: 4217:/*EOF*/
        -: 4218:/*EOF*/
  6581169: 4219:/*EOF*/
112073593: 4220:/*EOF*/
        -: 4221:/*EOF*/
197822510: 4222:/*EOF*/
 98911255: 4223:/*EOF*/
 98911255: 4224:/*EOF*/
        -: 4225:/*EOF*/
        -: 4226:/*EOF*/
        -: 4227:/*EOF*/
        -: 4228:/*EOF*/
615780231: 4229:/*EOF*/
608832911: 4230:/*EOF*/
615780231: 4231:/*EOF*/
  6947320: 4232:/*EOF*/
615780231: 4233:/*EOF*/
        -: 4234:/*EOF*/
        -: 4235:/*EOF*/
        -: 4236:/*EOF*/
608554091: 4237:/*EOF*/
        -: 4238:/*EOF*/
        -: 4239:/*EOF*/
        -: 4240:/*EOF*/
        -: 4241:/*EOF*/
608554091: 4242:/*EOF*/
        -: 4243:/*EOF*/
608554091: 4244:/*EOF*/
        -: 4245:/*EOF*/
608554091: 4246:/*EOF*/
    #####: 4247:/*EOF*/
        -: 4248:/*EOF*/
608554091: 4249:/*EOF*/
  7254329: 4250:/*EOF*/
        -: 4251:/*EOF*/
608554091: 4252:/*EOF*/
608554091: 4253:/*EOF*/
        -: 4254:/*EOF*/
608554091: 4255:/*EOF*/
  7254329: 4256:/*EOF*/
        -: 4257:/*EOF*/
608554091: 4258:/*EOF*/
608554091: 4259:/*EOF*/
        -: 4260:/*EOF*/
    #####: 4261:/*EOF*/
    #####: 4262:/*EOF*/
    #####: 4263:/*EOF*/
    #####: 4264:/*EOF*/
        -: 4265:/*EOF*/
        -: 4266:/*EOF*/
608554091: 4267:/*EOF*/
        -: 4268:/*EOF*/
        -: 4269:/*EOF*/
        -: 4270:/*EOF*/
    #####: 4271:/*EOF*/
        -: 4272:/*EOF*/
    #####: 4273:/*EOF*/
    #####: 4274:/*EOF*/
        -: 4275:/*EOF*/
        -: 4276:/*EOF*/
    #####: 4277:/*EOF*/
    #####: 4278:/*EOF*/
    #####: 4279:/*EOF*/
        -: 4280:/*EOF*/
    #####: 4281:/*EOF*/
        -: 4282:/*EOF*/
        -: 4283:/*EOF*/
        -: 4284:/*EOF*/
        -: 4285:/*EOF*/
        -: 4286:/*EOF*/
        -: 4287:/*EOF*/
602581872: 4288:/*EOF*/
        -: 4289:/*EOF*/
        -: 4290:/*EOF*/
        -: 4291:/*EOF*/
602581872: 4292:/*EOF*/
        -: 4293:/*EOF*/
602581872: 4294:/*EOF*/
  2400822: 4295:/*EOF*/
        -: 4296:/*EOF*/
        -: 4297:/*EOF*/
602581872: 4298:/*EOF*/
  3707406: 4299:/*EOF*/
  1853703: 4300:/*EOF*/
  1853703: 4301:/*EOF*/
        -: 4302:/*EOF*/
        -: 4303:/*EOF*/
602581872: 4304:/*EOF*/
   735250: 4305:/*EOF*/
        -: 4306:/*EOF*/
602581872: 4307:/*EOF*/
        -: 4308:/*EOF*/
602581872: 4309:/*EOF*/
  4750063: 4310:/*EOF*/
        -: 4311:/*EOF*/
602581872: 4312:/*EOF*/
        -: 4313:/*EOF*/
        -: 4314:/*EOF*/
        -: 4315:/*EOF*/
        -: 4316:/*EOF*/
        -: 4317:/*EOF*/
  6006547: 4318:/*EOF*/
        -: 4319:/*EOF*/
        -: 4320:/*EOF*/
        -: 4321:/*EOF*/
  6006547: 4322:/*EOF*/
        -: 4323:/*EOF*/
  5682824: 4324:/*EOF*/
        -: 4325:/*EOF*/
        -: 4326:/*EOF*/
  5495819: 4327:/*EOF*/
        -: 4328:/*EOF*/
        -: 4329:/*EOF*/
        -: 4330:/*EOF*/
   323723: 4331:/*EOF*/
        -: 4332:/*EOF*/
     7497: 4333:/*EOF*/
        -: 4334:/*EOF*/
       90: 4335:/*EOF*/
        -: 4336:/*EOF*/
    #####: 4337:/*EOF*/
        -: 4338:/*EOF*/
    #####: 4339:/*EOF*/
        -: 4340:/*EOF*/
        -: 4341:/*EOF*/
        -: 4342:/*EOF*/
        -: 4343:/*EOF*/
    #####: 4344:/*EOF*/
        -: 4345:/*EOF*/
  6006547: 4346:/*EOF*/
        -: 4347:/*EOF*/
        -: 4348:/*EOF*/
        -: 4349:/*EOF*/
  4946057: 4350:/*EOF*/
        -: 4351:/*EOF*/
  4946057: 4352:/*EOF*/
  4946057: 4353:/*EOF*/
   809664: 4354:/*EOF*/
  4946057: 4355:/*EOF*/
        -: 4356:/*EOF*/
        -: 4357:/*EOF*/
        -: 4358:/*EOF*/
        -: 4359:/*EOF*/
    #####: 4360:/*EOF*/
        -: 4361:/*EOF*/
        -: 4362:/*EOF*/
        -: 4363:/*EOF*/
        -: 4364:/*EOF*/
        -: 4365:/*EOF*/
        -: 4366:/*EOF*/
        -: 4367:/*EOF*/
        -: 4368:/*EOF*/
    #####: 4369:/*EOF*/
        -: 4370:/*EOF*/
    #####: 4371:/*EOF*/
    #####: 4372:/*EOF*/
    #####: 4373:/*EOF*/
        -: 4374:/*EOF*/
        -: 4375:/*EOF*/
        -: 4376:/*EOF*/
    #####: 4377:/*EOF*/
    #####: 4378:/*EOF*/
    #####: 4379:/*EOF*/
        -: 4380:/*EOF*/
        -: 4381:/*EOF*/
        -: 4382:/*EOF*/
        -: 4383:/*EOF*/
    #####: 4384:/*EOF*/
        -: 4385:/*EOF*/
    #####: 4386:/*EOF*/
        -: 4387:/*EOF*/
        -: 4388:/*EOF*/
    #####: 4389:/*EOF*/
        -: 4390:/*EOF*/
        -: 4391:/*EOF*/
        -: 4392:/*EOF*/
    #####: 4393:/*EOF*/
        -: 4394:/*EOF*/
    #####: 4395:/*EOF*/
        -: 4396:/*EOF*/
    #####: 4397:/*EOF*/
        -: 4398:/*EOF*/
    #####: 4399:/*EOF*/
        -: 4400:/*EOF*/
    #####: 4401:/*EOF*/
        -: 4402:/*EOF*/
    #####: 4403:/*EOF*/
        -: 4404:/*EOF*/
    #####: 4405:/*EOF*/
    #####: 4406:/*EOF*/
        -: 4407:/*EOF*/
    #####: 4408:/*EOF*/
        -: 4409:/*EOF*/
    #####: 4410:/*EOF*/
        -: 4411:/*EOF*/
    #####: 4412:/*EOF*/
    #####: 4413:/*EOF*/
        -: 4414:/*EOF*/
    #####: 4415:/*EOF*/
        -: 4416:/*EOF*/
    #####: 4417:/*EOF*/
    #####: 4418:/*EOF*/
        -: 4419:/*EOF*/
    #####: 4420:/*EOF*/
        -: 4421:/*EOF*/
    #####: 4422:/*EOF*/
        -: 4423:/*EOF*/
    #####: 4424:/*EOF*/
        -: 4425:/*EOF*/
    #####: 4426:/*EOF*/
        -: 4427:/*EOF*/
    #####: 4428:/*EOF*/
        -: 4429:/*EOF*/
        -: 4430:/*EOF*/
        -: 4431:/*EOF*/
        -: 4432:/*EOF*/
        -: 4433:/*EOF*/
        -: 4434:/*EOF*/
    #####: 4435:/*EOF*/
        -: 4436:/*EOF*/
        -: 4437:/*EOF*/
        -: 4438:/*EOF*/
        -: 4439:/*EOF*/
    #####: 4440:/*EOF*/
    #####: 4441:/*EOF*/
        -: 4442:/*EOF*/
        -: 4443:/*EOF*/
        -: 4444:/*EOF*/
    #####: 4445:/*EOF*/
    #####: 4446:/*EOF*/
    #####: 4447:/*EOF*/
        -: 4448:/*EOF*/
    #####: 4449:/*EOF*/
    #####: 4450:/*EOF*/
        -: 4451:/*EOF*/
        -: 4452:/*EOF*/
        -: 4453:/*EOF*/
        -: 4454:/*EOF*/
        -: 4455:/*EOF*/
        -: 4456:/*EOF*/
    #####: 4457:/*EOF*/
        -: 4458:/*EOF*/
    #####: 4459:/*EOF*/
        -: 4460:/*EOF*/
        -: 4461:/*EOF*/
        -: 4462:/*EOF*/
        -: 4463:/*EOF*/
    #####: 4464:/*EOF*/
        -: 4465:/*EOF*/
    #####: 4466:/*EOF*/
        -: 4467:/*EOF*/
        -: 4468:/*EOF*/
    #####: 4469:/*EOF*/
        -: 4470:/*EOF*/
    #####: 4471:/*EOF*/
    #####: 4472:/*EOF*/
    #####: 4473:/*EOF*/
    #####: 4474:/*EOF*/
        -: 4475:/*EOF*/
        -: 4476:/*EOF*/
        -: 4477:/*EOF*/
        -: 4478:/*EOF*/
        -: 4479:/*EOF*/
        -: 4480:/*EOF*/
        -: 4481:/*EOF*/
        -: 4482:/*EOF*/
    #####: 4483:/*EOF*/
        -: 4484:/*EOF*/
    #####: 4485:/*EOF*/
        -: 4486:/*EOF*/
    #####: 4487:/*EOF*/
    #####: 4488:/*EOF*/
        -: 4489:/*EOF*/
        -: 4490:/*EOF*/
    #####: 4491:/*EOF*/
    #####: 4492:/*EOF*/
        -: 4493:/*EOF*/
        -: 4494:/*EOF*/
  6947320: 4495:/*EOF*/
        -: 4496:/*EOF*/
  6947320: 4497:/*EOF*/
        -: 4498:/*EOF*/
        -: 4499:/*EOF*/
        -: 4500:/*EOF*/
  6947320: 4501:/*EOF*/
   268762: 4502:/*EOF*/
    82688: 4503:/*EOF*/
        -: 4504:/*EOF*/
        -: 4505:/*EOF*/
  6947320: 4506:/*EOF*/
   638362: 4507:/*EOF*/
   324090: 4508:/*EOF*/
   162045: 4509:/*EOF*/
        -: 4510:/*EOF*/
        -: 4511:/*EOF*/
        -: 4512:/*EOF*/
        -: 4513:/*EOF*/
  6947320: 4514:/*EOF*/
    62078: 4515:/*EOF*/
        -: 4516:/*EOF*/
  6947320: 4517:/*EOF*/
  6947320: 4518:/*EOF*/
        -: 4519:/*EOF*/
  6947320: 4520:/*EOF*/
        -: 4521:/*EOF*/
  1060490: 4522:/*EOF*/
  1060490: 4523:/*EOF*/
        -: 4524:/*EOF*/
        -: 4525:/*EOF*/
  6947320: 4526:/*EOF*/
        -: 4527:/*EOF*/
        -: 4528:/*EOF*/
        -: 4529:/*EOF*/
     6724: 4530:/*EOF*/
        -: 4531:/*EOF*/
        -: 4532:/*EOF*/
     6724: 4533:/*EOF*/
     6724: 4534:/*EOF*/
        -: 4535:/*EOF*/
        -: 4536:/*EOF*/
        -: 4537:/*EOF*/
     6724: 4538:/*EOF*/
        -: 4539:/*EOF*/
   545390: 4540:/*EOF*/
        -: 4541:/*EOF*/
        -: 4542:/*EOF*/
        -: 4543:/*EOF*/
        -: 4544:/*EOF*/
        -: 4545:/*EOF*/
        -: 4546:/*EOF*/
        -: 4547:/*EOF*/
        -: 4548:/*EOF*/
   863637: 4549:/*EOF*/
   863637: 4550:/*EOF*/
   863637: 4551:/*EOF*/
   863637: 4552:/*EOF*/
        -: 4553:/*EOF*/
   863637: 4554:/*EOF*/
   863637: 4555:/*EOF*/
        -: 4556:/*EOF*/
        -: 4557:/*EOF*/
   324971: 4558:/*EOF*/
   324971: 4559:/*EOF*/
   324971: 4560:/*EOF*/
   538666: 4561:/*EOF*/
        -: 4562:/*EOF*/
     6724: 4563:/*EOF*/
        -: 4564:/*EOF*/
        -: 4565:/*EOF*/
     5921: 4566:/*EOF*/
        -: 4567:/*EOF*/
        -: 4568:/*EOF*/
     5921: 4569:/*EOF*/
     5921: 4570:/*EOF*/
     5921: 4571:/*EOF*/
     5921: 4572:/*EOF*/
     5921: 4573:/*EOF*/
     5921: 4574:/*EOF*/
        -: 4575:/*EOF*/
        -: 4576:/*EOF*/
     5921: 4577:/*EOF*/
        -: 4578:/*EOF*/
        -: 4579:/*EOF*/
   696271: 4580:/*EOF*/
        -: 4581:/*EOF*/
   690350: 4582:/*EOF*/
        -: 4583:/*EOF*/
   690350: 4584:/*EOF*/
        -: 4585:/*EOF*/
   458864: 4586:/*EOF*/
   458864: 4587:/*EOF*/
        -: 4588:/*EOF*/
        -: 4589:/*EOF*/
        -: 4590:/*EOF*/
   231486: 4591:/*EOF*/
   231486: 4592:/*EOF*/
        -: 4593:/*EOF*/
        -: 4594:/*EOF*/
   690350: 4595:/*EOF*/
   690350: 4596:/*EOF*/
        -: 4597:/*EOF*/
   690350: 4598:/*EOF*/
   690350: 4599:/*EOF*/
        -: 4600:/*EOF*/
     5921: 4601:/*EOF*/
     5921: 4602:/*EOF*/
        -: 4603:/*EOF*/
        -: 4604:/*EOF*/
        -: 4605:/*EOF*/
        -: 4606:/*EOF*/
    10749: 4607:/*EOF*/
        -: 4608:/*EOF*/
        -: 4609:/*EOF*/
    10749: 4610:/*EOF*/
        -: 4611:/*EOF*/
  3838253: 4612:/*EOF*/
        -: 4613:/*EOF*/
  3827504: 4614:/*EOF*/
  3827504: 4615:/*EOF*/
        -: 4616:/*EOF*/
  3827504: 4617:/*EOF*/
        -: 4618:/*EOF*/
        -: 4619:/*EOF*/
        -: 4620:/*EOF*/
  3816755: 4621:/*EOF*/
  3816755: 4622:/*EOF*/
  3113643: 4623:/*EOF*/
        -: 4624:/*EOF*/
  3113643: 4625:/*EOF*/
  3113643: 4626:/*EOF*/
        -: 4627:/*EOF*/
        -: 4628:/*EOF*/
        -: 4629:/*EOF*/
        -: 4630:/*EOF*/
        -: 4631:/*EOF*/
        -: 4632:/*EOF*/
        -: 4633:/*EOF*/
  7633510: 4634:/*EOF*/
  3816755: 4635:/*EOF*/
        -: 4636:/*EOF*/
        -: 4637:/*EOF*/
  3827504: 4638:/*EOF*/
  3827504: 4639:/*EOF*/
        -: 4640:/*EOF*/
    10749: 4641:/*EOF*/
    10749: 4642:/*EOF*/
        -: 4643:/*EOF*/
        -: 4644:/*EOF*/
        -: 4645:/*EOF*/
        -: 4646:/*EOF*/
        -: 4647:/*EOF*/
   556457: 4648:/*EOF*/
        -: 4649:/*EOF*/
  4158337: 4650:/*EOF*/
        -: 4651:/*EOF*/
  3045423: 4652:/*EOF*/
        -: 4653:/*EOF*/
  1229313: 4654:/*EOF*/
  1229313: 4655:/*EOF*/
        -: 4656:/*EOF*/
        -: 4657:/*EOF*/
        -: 4658:/*EOF*/
  1816110: 4659:/*EOF*/
  1816110: 4660:/*EOF*/
        -: 4661:/*EOF*/
        -: 4662:/*EOF*/
   556457: 4663:/*EOF*/
        -: 4664:/*EOF*/
        -: 4665:/*EOF*/
        -: 4666:/*EOF*/
        -: 4667:/*EOF*/
        -: 4668:/*EOF*/
        -: 4669:/*EOF*/
 12917810: 4670:/*EOF*/
        -: 4671:/*EOF*/
 12917810: 4672:/*EOF*/
        -: 4673:/*EOF*/
        -: 4674:/*EOF*/
 12917810: 4675:/*EOF*/
        -: 4676:/*EOF*/
 41786786: 4677:/*EOF*/
 39878724: 4678:/*EOF*/
        -: 4679:/*EOF*/
  1908062: 4680:/*EOF*/
  1902400: 4681:/*EOF*/
        -: 4682:/*EOF*/
179291797: 4683:/*EOF*/
166373987: 4684:/*EOF*/
 12917810: 4685:/*EOF*/
 12917810: 4686:/*EOF*/
        -: 4687:/*EOF*/
        -: 4688:/*EOF*/
        -: 4689:/*EOF*/
        -: 4690:/*EOF*/
        -: 4691:/*EOF*/
        -: 4692:/*EOF*/
    12645: 4693:/*EOF*/
        -: 4694:/*EOF*/
        -: 4695:/*EOF*/
    12645: 4696:/*EOF*/
        -: 4697:/*EOF*/
        -: 4698:/*EOF*/
        -: 4699:/*EOF*/
        -: 4700:/*EOF*/
    12645: 4701:/*EOF*/
        -: 4702:/*EOF*/
        -: 4703:/*EOF*/
        -: 4704:/*EOF*/
        -: 4705:/*EOF*/
     2499: 4706:/*EOF*/
        -: 4707:/*EOF*/
        -: 4708:/*EOF*/
        -: 4709:/*EOF*/
        -: 4710:/*EOF*/
        -: 4711:/*EOF*/
        -: 4712:/*EOF*/
     2266: 4713:/*EOF*/
        -: 4714:/*EOF*/
     1133: 4715:/*EOF*/
        -: 4716:/*EOF*/
        -: 4717:/*EOF*/
        -: 4718:/*EOF*/
     2732: 4719:/*EOF*/
     1366: 4720:/*EOF*/
        -: 4721:/*EOF*/
        -: 4722:/*EOF*/
        -: 4723:/*EOF*/
        -: 4724:/*EOF*/
        -: 4725:/*EOF*/
        -: 4726:/*EOF*/
        -: 4727:/*EOF*/
     2499: 4728:/*EOF*/
     2499: 4729:/*EOF*/
     2499: 4730:/*EOF*/
     2499: 4731:/*EOF*/
    #####: 4732:/*EOF*/
     4998: 4733:/*EOF*/
        -: 4734:/*EOF*/
        -: 4735:/*EOF*/
        -: 4736:/*EOF*/
    41647: 4737:/*EOF*/
        -: 4738:/*EOF*/
    39148: 4739:/*EOF*/
    39148: 4740:/*EOF*/
        -: 4741:/*EOF*/
        -: 4742:/*EOF*/
     2499: 4743:/*EOF*/
        -: 4744:/*EOF*/
        -: 4745:/*EOF*/
   135097: 4746:/*EOF*/
        -: 4747:/*EOF*/
        -: 4748:/*EOF*/
        -: 4749:/*EOF*/
   122452: 4750:/*EOF*/
   122452: 4751:/*EOF*/
  1485879: 4752:/*EOF*/
  1363427: 4753:/*EOF*/
        -: 4754:/*EOF*/
    12645: 4755:/*EOF*/
        -: 4756:/*EOF*/
        -: 4757:/*EOF*/
        -: 4758:/*EOF*/
        -: 4759:/*EOF*/
        -: 4760:/*EOF*/
    12645: 4761:/*EOF*/
        -: 4762:/*EOF*/
        -: 4763:/*EOF*/
        -: 4764:/*EOF*/
        -: 4765:/*EOF*/
        -: 4766:/*EOF*/
        -: 4767:/*EOF*/
        -: 4768:/*EOF*/
    12645: 4769:/*EOF*/
        -: 4770:/*EOF*/
    12645: 4771:/*EOF*/
        -: 4772:/*EOF*/
        -: 4773:/*EOF*/
  1572553: 4774:/*EOF*/
        -: 4775:/*EOF*/
  1559908: 4776:/*EOF*/
  1559908: 4777:/*EOF*/
        -: 4778:/*EOF*/
        -: 4779:/*EOF*/
 42975622: 4780:/*EOF*/
        -: 4781:/*EOF*/
 41415714: 4782:/*EOF*/
        -: 4783:/*EOF*/
  6511369: 4784:/*EOF*/
  4768907: 4785:/*EOF*/
 11280276: 4786:/*EOF*/
  6511369: 4787:/*EOF*/
        -: 4788:/*EOF*/
  6511369: 4789:/*EOF*/
        -: 4790:/*EOF*/
  1242304: 4791:/*EOF*/
   621152: 4792:/*EOF*/
   621152: 4793:/*EOF*/
  1242304: 4794:/*EOF*/
   621152: 4795:/*EOF*/
        -: 4796:/*EOF*/
        -: 4797:/*EOF*/
        -: 4798:/*EOF*/
        -: 4799:/*EOF*/
        -: 4800:/*EOF*/
        -: 4801:/*EOF*/
    88150: 4802:/*EOF*/
        -: 4803:/*EOF*/
    97427: 4804:/*EOF*/
        -: 4805:/*EOF*/
        -: 4806:/*EOF*/
        -: 4807:/*EOF*/
    12645: 4808:/*EOF*/
        -: 4809:/*EOF*/
        -: 4810:/*EOF*/
        -: 4811:/*EOF*/
   145372: 4812:/*EOF*/
        -: 4813:/*EOF*/
   145372: 4814:/*EOF*/
   145372: 4815:/*EOF*/
        -: 4816:/*EOF*/
        -: 4817:/*EOF*/
    #####: 4818:/*EOF*/
    #####: 4819:/*EOF*/
        -: 4820:/*EOF*/
        -: 4821:/*EOF*/
        -: 4822:/*EOF*/
        -: 4823:/*EOF*/
    #####: 4824:/*EOF*/
        -: 4825:/*EOF*/
    #####: 4826:/*EOF*/
        -: 4827:/*EOF*/
        -: 4828:/*EOF*/
        -: 4829:/*EOF*/
        -: 4830:/*EOF*/
        -: 4831:/*EOF*/
    #####: 4832:/*EOF*/
        -: 4833:/*EOF*/
        -: 4834:/*EOF*/
        -: 4835:/*EOF*/
        -: 4836:/*EOF*/
        -: 4837:/*EOF*/
        -: 4838:/*EOF*/
        -: 4839:/*EOF*/
        -: 4840:/*EOF*/
        -: 4841:/*EOF*/
    #####: 4842:/*EOF*/
        -: 4843:/*EOF*/
        -: 4844:/*EOF*/
        -: 4845:/*EOF*/
        -: 4846:/*EOF*/
        -: 4847:/*EOF*/
        -: 4848:/*EOF*/
        -: 4849:/*EOF*/
        -: 4850:/*EOF*/
    #####: 4851:/*EOF*/
        -: 4852:/*EOF*/
        -: 4853:/*EOF*/
        -: 4854:/*EOF*/
        -: 4855:/*EOF*/
        -: 4856:/*EOF*/
        -: 4857:/*EOF*/
        -: 4858:/*EOF*/
    #####: 4859:/*EOF*/
        -: 4860:/*EOF*/
        -: 4861:/*EOF*/
    #####: 4862:/*EOF*/
        -: 4863:/*EOF*/
        -: 4864:/*EOF*/
        -: 4865:/*EOF*/
        -: 4866:/*EOF*/
        -: 4867:/*EOF*/
    #####: 4868:/*EOF*/
        -: 4869:/*EOF*/
        -: 4870:/*EOF*/
        -: 4871:/*EOF*/
        -: 4872:/*EOF*/
        -: 4873:/*EOF*/
    #####: 4874:/*EOF*/
        -: 4875:/*EOF*/
        -: 4876:/*EOF*/
        -: 4877:/*EOF*/
        -: 4878:/*EOF*/
        -: 4879:/*EOF*/
        -: 4880:/*EOF*/
        -: 4881:/*EOF*/
        -: 4882:/*EOF*/
        -: 4883:/*EOF*/
    #####: 4884:/*EOF*/
        -: 4885:/*EOF*/
        -: 4886:/*EOF*/
        -: 4887:/*EOF*/
        -: 4888:/*EOF*/
        -: 4889:/*EOF*/
        -: 4890:/*EOF*/
        -: 4891:/*EOF*/
        -: 4892:/*EOF*/
        -: 4893:/*EOF*/
    #####: 4894:/*EOF*/
        -: 4895:/*EOF*/
        -: 4896:/*EOF*/
        -: 4897:/*EOF*/
        -: 4898:/*EOF*/
        -: 4899:/*EOF*/
        -: 4900:/*EOF*/
        -: 4901:/*EOF*/
    #####: 4902:/*EOF*/
        -: 4903:/*EOF*/
        -: 4904:/*EOF*/
        -: 4905:/*EOF*/
        -: 4906:/*EOF*/
        -: 4907:/*EOF*/
        -: 4908:/*EOF*/
        -: 4909:/*EOF*/
    #####: 4910:/*EOF*/
        -: 4911:/*EOF*/
        -: 4912:/*EOF*/
        -: 4913:/*EOF*/
        -: 4914:/*EOF*/
        -: 4915:/*EOF*/
        -: 4916:/*EOF*/
        -: 4917:/*EOF*/
        -: 4918:/*EOF*/
        -: 4919:/*EOF*/
    #####: 4920:/*EOF*/
        -: 4921:/*EOF*/
        -: 4922:/*EOF*/
        -: 4923:/*EOF*/
        -: 4924:/*EOF*/
    #####: 4925:/*EOF*/
        -: 4926:/*EOF*/
        -: 4927:/*EOF*/
        -: 4928:/*EOF*/
        -: 4929:/*EOF*/
        -: 4930:/*EOF*/
        -: 4931:/*EOF*/
        -: 4932:/*EOF*/
        -: 4933:/*EOF*/
        -: 4934:/*EOF*/
        -: 4935:/*EOF*/
    #####: 4936:/*EOF*/
        -: 4937:/*EOF*/
        -: 4938:/*EOF*/
        -: 4939:/*EOF*/
        -: 4940:/*EOF*/
        -: 4941:/*EOF*/
        -: 4942:/*EOF*/
        -: 4943:/*EOF*/
        -: 4944:/*EOF*/
        -: 4945:/*EOF*/
        -: 4946:/*EOF*/
        -: 4947:/*EOF*/
    #####: 4948:/*EOF*/
        -: 4949:/*EOF*/
        -: 4950:/*EOF*/
        -: 4951:/*EOF*/
    #####: 4952:/*EOF*/
        -: 4953:/*EOF*/
        -: 4954:/*EOF*/
        -: 4955:/*EOF*/
        -: 4956:/*EOF*/
        -: 4957:/*EOF*/
        -: 4958:/*EOF*/
    #####: 4959:/*EOF*/
        -: 4960:/*EOF*/
        -: 4961:/*EOF*/
        -: 4962:/*EOF*/
        -: 4963:/*EOF*/
        -: 4964:/*EOF*/
        -: 4965:/*EOF*/
        -: 4966:/*EOF*/
    #####: 4967:/*EOF*/
    #####: 4968:/*EOF*/
    #####: 4969:/*EOF*/
    #####: 4970:/*EOF*/
        -: 4971:/*EOF*/
        -: 4972:/*EOF*/
        -: 4973:/*EOF*/
        -: 4974:/*EOF*/
        -: 4975:/*EOF*/
        -: 4976:/*EOF*/
    #####: 4977:/*EOF*/
        -: 4978:/*EOF*/
        -: 4979:/*EOF*/
        -: 4980:/*EOF*/
        -: 4981:/*EOF*/
        -: 4982:/*EOF*/
        -: 4983:/*EOF*/
    #####: 4984:/*EOF*/
        -: 4985:/*EOF*/
   145372: 4986:/*EOF*/
