        -:    0:Source:lib/stat-time.h
        -:    0:Graph:ls.gcno
        -:    0:Data:ls.gcda
        -:    0:Runs:1566568
        -:    0:Programs:1
        -:    1:/*EOF*/
        -:    2:/*EOF*/
        -:    3:/*EOF*/
        -:    4:/*EOF*/
        -:    5:/*EOF*/
        -:    6:/*EOF*/
        -:    7:/*EOF*/
        -:    8:/*EOF*/
        -:    9:/*EOF*/
        -:   10:/*EOF*/
        -:   11:/*EOF*/
        -:   12:/*EOF*/
        -:   13:/*EOF*/
        -:   14:/*EOF*/
        -:   15:/*EOF*/
        -:   16:/*EOF*/
        -:   17:/*EOF*/
        -:   18:/*EOF*/
        -:   19:/*EOF*/
        -:   20:/*EOF*/
        -:   21:/*EOF*/
        -:   22:/*EOF*/
        -:   23:/*EOF*/
        -:   24:/*EOF*/
        -:   25:/*EOF*/
        -:   26:/*EOF*/
        -:   27:/*EOF*/
        -:   28:/*EOF*/
        -:   29:/*EOF*/
        -:   30:/*EOF*/
        -:   31:/*EOF*/
        -:   32:/*EOF*/
        -:   33:/*EOF*/
        -:   34:/*EOF*/
        -:   35:/*EOF*/
        -:   36:/*EOF*/
        -:   37:/*EOF*/
        -:   38:/*EOF*/
        -:   39:/*EOF*/
        -:   40:/*EOF*/
        -:   41:/*EOF*/
        -:   42:/*EOF*/
        -:   43:/*EOF*/
        -:   44:/*EOF*/
        -:   45:/*EOF*/
        -:   46:/*EOF*/
        -:   47:/*EOF*/
        -:   48:/*EOF*/
        -:   49:/*EOF*/
        -:   50:/*EOF*/
        -:   51:/*EOF*/
        -:   52:/*EOF*/
        -:   53:/*EOF*/
        -:   54:/*EOF*/
        -:   55:/*EOF*/
        -:   56:/*EOF*/
        -:   57:/*EOF*/
        -:   58:/*EOF*/
        -:   59:/*EOF*/
        -:   60:/*EOF*/
        -:   61:/*EOF*/
        -:   62:/*EOF*/
        -:   63:/*EOF*/
        -:   64:/*EOF*/
        -:   65:/*EOF*/
        -:   66:/*EOF*/
        -:   67:/*EOF*/
        -:   68:/*EOF*/
        -:   69:/*EOF*/
        -:   70:/*EOF*/
        -:   71:/*EOF*/
        -:   72:/*EOF*/
        -:   73:/*EOF*/
        -:   74:/*EOF*/
        -:   75:/*EOF*/
        -:   76:/*EOF*/
        -:   77:/*EOF*/
        -:   78:/*EOF*/
        -:   79:/*EOF*/
        -:   80:/*EOF*/
        -:   81:/*EOF*/
        -:   82:/*EOF*/
        -:   83:/*EOF*/
        -:   84:/*EOF*/
        -:   85:/*EOF*/
        -:   86:/*EOF*/
        -:   87:/*EOF*/
        -:   88:/*EOF*/
        -:   89:/*EOF*/
        -:   90:/*EOF*/
        -:   91:/*EOF*/
        -:   92:/*EOF*/
        -:   93:/*EOF*/
        -:   94:/*EOF*/
        -:   95:/*EOF*/
        -:   96:/*EOF*/
        -:   97:/*EOF*/
        -:   98:/*EOF*/
        -:   99:/*EOF*/
        -:  100:/*EOF*/
        -:  101:/*EOF*/
        -:  102:/*EOF*/
        -:  103:/*EOF*/
        -:  104:/*EOF*/
        -:  105:/*EOF*/
        -:  106:/*EOF*/
        -:  107:/*EOF*/
        -:  108:/*EOF*/
        -:  109:/*EOF*/
        -:  110:/*EOF*/
        -:  111:/*EOF*/
        -:  112:/*EOF*/
        -:  113:/*EOF*/
        -:  114:/*EOF*/
  6394943:  115:/*EOF*/
        -:  116:/*EOF*/
        -:  117:/*EOF*/
        -:  118:/*EOF*/
        -:  119:/*EOF*/
        -:  120:/*EOF*/
        -:  121:/*EOF*/
        -:  122:/*EOF*/
        -:  123:/*EOF*/
        -:  124:/*EOF*/
        -:  125:/*EOF*/
        -:  126:/*EOF*/
        -:  127:/*EOF*/
        -:  128:/*EOF*/
  7779423:  129:/*EOF*/
        -:  130:/*EOF*/
        -:  131:/*EOF*/
        -:  132:/*EOF*/
        -:  133:/*EOF*/
        -:  134:/*EOF*/
        -:  135:/*EOF*/
        -:  136:/*EOF*/
        -:  137:/*EOF*/
        -:  138:/*EOF*/
        -:  139:/*EOF*/
        -:  140:/*EOF*/
        -:  141:/*EOF*/
        -:  142:/*EOF*/
 45039239:  143:/*EOF*/
